<?xml version="1.0" encoding="UTF-8"?>
<!-- Generated by org.testng.reporters.JUnitReportReporter -->
<testsuite hostname="000D2023258" failures="0" tests="6" name="automation.AdminTest.FilterAndSearchTest" time="131.506" errors="0" timestamp="2024-01-17T15:23:13 CST" skipped="0">
  <testcase classname="automation.AdminTest.FilterAndSearchTest" name="parkingNameSearch" time="18.546"/>
  <testcase classname="automation.AdminTest.FilterAndSearchTest" name="userNameSearch" time="25.743"/>
  <testcase classname="automation.AdminTest.FilterAndSearchTest" name="userEmailSearch" time="17.553"/>
  <testcase classname="automation.AdminTest.FilterAndSearchTest" name="filterByAdminRole" time="34.372"/>
  <testcase classname="automation.AdminTest.FilterAndSearchTest" name="filterByEncoderRole" time="19.059"/>
  <testcase classname="automation.AdminTest.FilterAndSearchTest" name="userLastNameSearch" time="16.233"/>
</testsuite> <!-- automation.AdminTest.FilterAndSearchTest -->
