<?xml version="1.0" encoding="UTF-8"?>
<!-- Generated by org.testng.reporters.JUnitReportReporter -->
<testsuite hostname="000D2023258" failures="0" tests="1" name="automation.AdminTest.AllLoginTest" time="17.703" errors="0" timestamp="2024-02-13T11:13:45 CST" skipped="0">
  <testcase classname="automation.AdminTest.AllLoginTest" name="loginWithAccess" time="17.703"/>
</testsuite> <!-- automation.AdminTest.AllLoginTest -->
