<?xml version="1.0" encoding="UTF-8"?>
<!-- Generated by org.testng.reporters.JUnitReportReporter -->
<testsuite hostname="000D2023258" failures="0" tests="1" name="automation.AdminTest.FilterAndSearchTest" time="13.900" errors="0" timestamp="2024-05-06T17:09:49 CST" skipped="0">
  <testcase classname="automation.AdminTest.FilterAndSearchTest" name="userFirstNameSearch" time="13.900"/>
</testsuite> <!-- automation.AdminTest.FilterAndSearchTest -->
