<?xml version="1.0" encoding="UTF-8"?>
<!-- Generated by org.testng.reporters.JUnitReportReporter -->
<testsuite hostname="000D2023258" failures="0" tests="1" name="automation.AdminTest.PermissionTest" time="42.596" errors="0" timestamp="2024-01-31T19:40:08 CST" skipped="0">
  <testcase classname="automation.AdminTest.PermissionTest" name="userWithRestrictedStatus" time="42.596"/>
</testsuite> <!-- automation.AdminTest.PermissionTest -->
