<?xml version="1.0" encoding="UTF-8"?>
<!-- Generated by org.testng.reporters.JUnitReportReporter -->
<testsuite hostname="000D2023258" failures="0" tests="1" name="automation.AdminTest.FilterAndSearchTest" time="22.480" errors="0" timestamp="2024-04-18T09:57:06 CST" skipped="0">
  <testcase classname="automation.AdminTest.FilterAndSearchTest" name="parkingAreaCodeSearch" time="22.480"/>
</testsuite> <!-- automation.AdminTest.FilterAndSearchTest -->
