<?xml version="1.0" encoding="UTF-8"?>
<!-- Generated by org.testng.reporters.JUnitReportReporter -->
<testsuite hostname="000D2023258" failures="0" tests="8" name="automation.AdminTest.PermissionTest" time="261.559" errors="0" timestamp="2024-04-30T14:50:23 CST" skipped="0">
  <testcase classname="automation.AdminTest.PermissionTest" name="encoderWithAllowExitToTrue" time="66.031"/>
  <testcase classname="automation.AdminTest.PermissionTest" name="encoderWithCaptureVehicleSetToTrue" time="37.955"/>
  <testcase classname="automation.AdminTest.PermissionTest" name="encoderWithNoRole" time="28.374"/>
  <testcase classname="automation.AdminTest.PermissionTest" name="encoderWithRestrictedStatusDesktopLogin" time="26.818"/>
  <testcase classname="automation.AdminTest.PermissionTest" name="encoderWithRestrictedStatusMobileAppLogin" time="23.432"/>
  <testcase classname="automation.AdminTest.PermissionTest" name="encoderWithActiveStatus" time="21.962"/>
  <testcase classname="automation.AdminTest.PermissionTest" name="encoderWithPaymentAcceptanceSetToTrue" time="30.000"/>
  <testcase classname="automation.AdminTest.PermissionTest" name="adminWithRestrictedStatus" time="26.987"/>
</testsuite> <!-- automation.AdminTest.PermissionTest -->
