<?xml version="1.0" encoding="UTF-8"?>
<!-- Generated by org.testng.reporters.JUnitReportReporter -->
<testsuite hostname="000D2023258" failures="0" tests="7" name="automation.AdminTest.FilterAndSearchTest" time="148.164" errors="0" timestamp="2024-03-01T11:24:24 CST" skipped="0">
  <testcase classname="automation.AdminTest.FilterAndSearchTest" name="filterByEncoderRole" time="20.641"/>
  <testcase classname="automation.AdminTest.FilterAndSearchTest" name="parkingNameSearch" time="22.490"/>
  <testcase classname="automation.AdminTest.FilterAndSearchTest" name="userLastNameSearch" time="16.338"/>
  <testcase classname="automation.AdminTest.FilterAndSearchTest" name="userFirstNameSearch" time="16.390"/>
  <testcase classname="automation.AdminTest.FilterAndSearchTest" name="parkingAreaCodeSearch" time="22.490"/>
  <testcase classname="automation.AdminTest.FilterAndSearchTest" name="filterByAdminRole" time="28.828"/>
  <testcase classname="automation.AdminTest.FilterAndSearchTest" name="userEmailSearch" time="20.987"/>
</testsuite> <!-- automation.AdminTest.FilterAndSearchTest -->
