<?xml version="1.0" encoding="UTF-8"?>
<!-- Generated by org.testng.reporters.JUnitReportReporter -->
<testsuite hostname="000D2023258" failures="0" tests="9" name="automation.AdminTest.UserModuleTest" time="261.763" errors="0" timestamp="2024-02-13T11:32:39 CST" skipped="0">
  <testcase classname="automation.AdminTest.UserModuleTest" name="exitEnrollmentAlert" time="23.942"/>
  <testcase classname="automation.AdminTest.UserModuleTest" name="userEmailDupValidation" time="25.360"/>
  <testcase classname="automation.AdminTest.UserModuleTest" name="getCopyUserName" time="25.750"/>
  <testcase classname="automation.AdminTest.UserModuleTest" name="getCopyUserPassword" time="24.257"/>
  <testcase classname="automation.AdminTest.UserModuleTest" name="userPageSelectRow" time="34.476"/>
  <testcase classname="automation.AdminTest.UserModuleTest" name="userPagePagenation" time="23.115"/>
  <testcase classname="automation.AdminTest.UserModuleTest" name="adminEnrollment" time="38.875"/>
  <testcase classname="automation.AdminTest.UserModuleTest" name="encoderEnrollment" time="42.640"/>
  <testcase classname="automation.AdminTest.UserModuleTest" name="editUserAccount" time="23.348"/>
</testsuite> <!-- automation.AdminTest.UserModuleTest -->
