<?xml version="1.0" encoding="UTF-8"?>
<!-- Generated by org.testng.reporters.JUnitReportReporter -->
<testsuite hostname="000D2023258" failures="0" tests="2" name="automation.AdminTest.UserEnrollmentTest" time="39.250" errors="0" timestamp="2024-01-17T21:02:55 CST" skipped="0">
  <testcase classname="automation.AdminTest.UserEnrollmentTest" name="userEnrollment" time="20.089"/>
  <testcase classname="automation.AdminTest.UserEnrollmentTest" name="enrollmentValidation" time="19.161"/>
</testsuite> <!-- automation.AdminTest.UserEnrollmentTest -->
