<?xml version="1.0" encoding="UTF-8"?>
<!-- Generated by org.testng.reporters.JUnitReportReporter -->
<testsuite hostname="000D2023258" failures="0" tests="4" name="automation.AdminTest.AllLoginTest" time="50.941" errors="0" timestamp="2024-02-20T21:46:13 CST" skipped="0">
  <testcase classname="automation.AdminTest.AllLoginTest" name="loginWithInvalidPassword" time="12.795"/>
  <testcase classname="automation.AdminTest.AllLoginTest" name="loginWithAccess" time="17.450"/>
  <testcase classname="automation.AdminTest.AllLoginTest" name="loginWithoutAccess" time="10.184"/>
  <testcase classname="automation.AdminTest.AllLoginTest" name="loginWithInvalidUserName" time="10.512"/>
</testsuite> <!-- automation.AdminTest.AllLoginTest -->
