<?xml version="1.0" encoding="UTF-8"?>
<!-- Generated by org.testng.reporters.JUnitReportReporter -->
<testsuite hostname="000D2023258" failures="0" tests="2" name="automation.AdminTest.UserModuleTest" time="121.892" errors="0" timestamp="2024-05-06T14:22:59 CST" skipped="1">
  <testcase classname="automation.AdminTest.UserModuleTest" name="adminEnrollment" time="67.097">
    <skipped/>
  </testcase> <!-- adminEnrollment -->
  <testcase classname="automation.AdminTest.UserModuleTest" name="adminEnrollment" time="54.795"/>
</testsuite> <!-- automation.AdminTest.UserModuleTest -->
