<?xml version="1.0" encoding="UTF-8"?>
<!-- Generated by org.testng.reporters.JUnitReportReporter -->
<testsuite hostname="000D2023258" failures="0" tests="1" name="automation.AdminTest.PermissionTest" time="41.054" errors="0" timestamp="2024-02-02T06:23:27 CST" skipped="0">
  <testcase classname="automation.AdminTest.PermissionTest" name="setAllowExitToFalse" time="41.054"/>
</testsuite> <!-- automation.AdminTest.PermissionTest -->
