<?xml version="1.0" encoding="UTF-8"?>
<!-- Generated by org.testng.reporters.JUnitReportReporter -->
<testsuite hostname="000D2023258" failures="0" tests="14" name="automation.AdminTest.AreaModuleTest" time="391.141" errors="0" timestamp="2024-04-30T14:50:23 CST" skipped="0">
  <testcase classname="automation.AdminTest.AreaModuleTest" name="setCarCapacityPlusButtonToDisable" time="21.165"/>
  <testcase classname="automation.AdminTest.AreaModuleTest" name="setMotorcycleCapacityPlusButtonToDisable" time="21.715"/>
  <testcase classname="automation.AdminTest.AreaModuleTest" name="carCapacityInputValidation" time="21.662"/>
  <testcase classname="automation.AdminTest.AreaModuleTest" name="exitCreationAlert" time="25.895"/>
  <testcase classname="automation.AdminTest.AreaModuleTest" name="areaPagePagenation" time="34.789"/>
  <testcase classname="automation.AdminTest.AreaModuleTest" name="setCarCapacityMinusButtonToDisable" time="22.639"/>
  <testcase classname="automation.AdminTest.AreaModuleTest" name="areaCodeDupValidation" time="26.360"/>
  <testcase classname="automation.AdminTest.AreaModuleTest" name="areaNameDupValidation" time="30.570"/>
  <testcase classname="automation.AdminTest.AreaModuleTest" name="validateUpdateParkingArea" time="26.215"/>
  <testcase classname="automation.AdminTest.AreaModuleTest" name="setCMotorcycleCapacityPlusButtonToDisable" time="21.149"/>
  <testcase classname="automation.AdminTest.AreaModuleTest" name="fixedRateMaxLimit" time="29.785"/>
  <testcase classname="automation.AdminTest.AreaModuleTest" name="areaPageSelectRow" time="31.004"/>
  <testcase classname="automation.AdminTest.AreaModuleTest" name="motorcycleCapacityInputValidation" time="29.762"/>
  <testcase classname="automation.AdminTest.AreaModuleTest" name="areaCreation" time="48.431"/>
</testsuite> <!-- automation.AdminTest.AreaModuleTest -->
