<?xml version="1.0" encoding="UTF-8"?>
<!-- Generated by org.testng.reporters.JUnitReportReporter -->
<testsuite hostname="000D2023258" failures="0" tests="4" name="automation.AdminTest.AllLoginTest" time="65.793" errors="0" timestamp="2024-05-06T20:09:47 CST" skipped="0">
  <testcase classname="automation.AdminTest.AllLoginTest" name="loginWithAccess" time="23.110"/>
  <testcase classname="automation.AdminTest.AllLoginTest" name="loginWithInvalidPassword" time="10.048"/>
  <testcase classname="automation.AdminTest.AllLoginTest" name="loginWithoutAccess" time="8.047"/>
  <testcase classname="automation.AdminTest.AllLoginTest" name="loginWithInvalidUserName" time="24.588"/>
</testsuite> <!-- automation.AdminTest.AllLoginTest -->
