<?xml version="1.0" encoding="UTF-8"?>
<!-- Generated by org.testng.reporters.JUnitReportReporter -->
<testsuite hostname="000D2023258" failures="0" tests="1" name="automation.AdminTest.UserModuleTest" time="32.170" errors="0" timestamp="2024-02-01T15:55:48 CST" skipped="0">
  <testcase classname="automation.AdminTest.UserModuleTest" name="userPagePagenation" time="32.170"/>
</testsuite> <!-- automation.AdminTest.UserModuleTest -->
