<?xml version="1.0" encoding="UTF-8"?>
<!-- Generated by org.testng.reporters.JUnitReportReporter -->
<testsuite hostname="000D2023258" failures="0" tests="4" name="automation.AdminTest.AllLoginTest" time="64.797" errors="0" timestamp="2024-02-05T10:28:05 CST" skipped="0">
  <testcase classname="automation.AdminTest.AllLoginTest" name="loginWithInvalidPassword" time="11.986"/>
  <testcase classname="automation.AdminTest.AllLoginTest" name="loginWithAccess" time="22.937"/>
  <testcase classname="automation.AdminTest.AllLoginTest" name="loginWithInvalidUserName" time="19.802"/>
  <testcase classname="automation.AdminTest.AllLoginTest" name="loginWithoutAccess" time="10.072"/>
</testsuite> <!-- automation.AdminTest.AllLoginTest -->
