<?xml version="1.0" encoding="UTF-8"?>
<!-- Generated by org.testng.reporters.JUnitReportReporter -->
<testsuite hostname="000D2023258" failures="0" tests="1" name="automation.AdminTest.UserModuleTest" time="62.584" errors="0" timestamp="2024-05-02T20:41:13 CST" skipped="0">
  <testcase classname="automation.AdminTest.UserModuleTest" name="managerEnrollment" time="62.584"/>
</testsuite> <!-- automation.AdminTest.UserModuleTest -->
