<?xml version="1.0" encoding="UTF-8"?>
<!-- Generated by org.testng.reporters.JUnitReportReporter -->
<testsuite hostname="000D2023258" failures="0" tests="7" name="automation.AdminTest.PermissionTest" time="434.245" errors="0" timestamp="2024-02-05T20:19:17 CST" skipped="1">
  <testcase classname="automation.AdminTest.PermissionTest" name="userWithPaymentAcceptanceSetToFalse" time="29.635"/>
  <testcase classname="automation.AdminTest.PermissionTest" name="userWithActiveStatus" time="31.841"/>
  <testcase classname="automation.AdminTest.PermissionTest" name="setAllowExitToTrue" time="34.849"/>
  <testcase classname="automation.AdminTest.PermissionTest" name="userWithRestrictedStatus" time="28.236"/>
  <testcase classname="automation.AdminTest.PermissionTest" name="setAllowExitToFalse" time="114.885">
    <skipped/>
  </testcase> <!-- setAllowExitToFalse -->
  <testcase classname="automation.AdminTest.PermissionTest" name="setAllowExitToFalse" time="46.858"/>
  <testcase classname="automation.AdminTest.PermissionTest" name="userWithPaymentAcceptanceSetToTrue" time="147.941"/>
</testsuite> <!-- automation.AdminTest.PermissionTest -->
