<?xml version="1.0" encoding="UTF-8"?>
<!-- Generated by org.testng.reporters.JUnitReportReporter -->
<testsuite hostname="000D2023258" failures="0" tests="1" name="automation.AdminTest.FilterAndSearchTest" time="42.346" errors="0" timestamp="2024-02-20T18:24:48 CST" skipped="0">
  <testcase classname="automation.AdminTest.FilterAndSearchTest" name="filterByAdminRole" time="42.346"/>
</testsuite> <!-- automation.AdminTest.FilterAndSearchTest -->
