<?xml version="1.0" encoding="UTF-8"?>
<!-- Generated by org.testng.reporters.JUnitReportReporter -->
<testsuite hostname="000D2023258" failures="0" tests="14" name="automation.AdminTest.AreaModuleTest" time="446.784" errors="0" timestamp="2024-02-02T20:43:19 CST" skipped="0">
  <testcase classname="automation.AdminTest.AreaModuleTest" name="areaCreation" time="40.768"/>
  <testcase classname="automation.AdminTest.AreaModuleTest" name="setCarCapacityPlusButtonToDisable" time="32.554"/>
  <testcase classname="automation.AdminTest.AreaModuleTest" name="areaCodeDupValidation" time="44.083"/>
  <testcase classname="automation.AdminTest.AreaModuleTest" name="exitCreationAlert" time="27.511"/>
  <testcase classname="automation.AdminTest.AreaModuleTest" name="areaPageSelectRow" time="34.304"/>
  <testcase classname="automation.AdminTest.AreaModuleTest" name="setCarCapacityMinusButtonToDisable" time="26.169"/>
  <testcase classname="automation.AdminTest.AreaModuleTest" name="editParkingArea" time="32.923"/>
  <testcase classname="automation.AdminTest.AreaModuleTest" name="carCapacityInpuValidation" time="24.912"/>
  <testcase classname="automation.AdminTest.AreaModuleTest" name="fixedRateMaxLimit" time="32.715"/>
  <testcase classname="automation.AdminTest.AreaModuleTest" name="areaNameDupValidation" time="33.598"/>
  <testcase classname="automation.AdminTest.AreaModuleTest" name="setCMotorcycleCapacityPlusButtonToDisable" time="25.700"/>
  <testcase classname="automation.AdminTest.AreaModuleTest" name="areaPagePagenation" time="32.661"/>
  <testcase classname="automation.AdminTest.AreaModuleTest" name="setMotorcycleCapacityPlusButtonToDisable" time="26.711"/>
  <testcase classname="automation.AdminTest.AreaModuleTest" name="motorcycleCapacityInpuValidation" time="32.175"/>
</testsuite> <!-- automation.AdminTest.AreaModuleTest -->
