<?xml version="1.0" encoding="UTF-8"?>
<!-- Generated by org.testng.reporters.JUnitReportReporter -->
<testsuite hostname="000D2023258" failures="0" tests="14" name="automation.AdminTest.AreaModuleTest" time="440.135" errors="0" timestamp="2024-04-19T16:28:13 CST" skipped="0">
  <testcase classname="automation.AdminTest.AreaModuleTest" name="areaPageSelectRow" time="33.750"/>
  <testcase classname="automation.AdminTest.AreaModuleTest" name="motorcycleCapacityInputValidation" time="23.867"/>
  <testcase classname="automation.AdminTest.AreaModuleTest" name="setCarCapacityMinusButtonToDisable" time="27.368"/>
  <testcase classname="automation.AdminTest.AreaModuleTest" name="setCMotorcycleCapacityPlusButtonToDisable" time="25.453"/>
  <testcase classname="automation.AdminTest.AreaModuleTest" name="exitCreationAlert" time="37.494"/>
  <testcase classname="automation.AdminTest.AreaModuleTest" name="validateUpdateParkingArea" time="29.102"/>
  <testcase classname="automation.AdminTest.AreaModuleTest" name="carCapacityInputValidation" time="24.095"/>
  <testcase classname="automation.AdminTest.AreaModuleTest" name="areaNameDupValidation" time="31.991"/>
  <testcase classname="automation.AdminTest.AreaModuleTest" name="setCarCapacityPlusButtonToDisable" time="24.115"/>
  <testcase classname="automation.AdminTest.AreaModuleTest" name="setMotorcycleCapacityPlusButtonToDisable" time="31.182"/>
  <testcase classname="automation.AdminTest.AreaModuleTest" name="areaCodeDupValidation" time="29.343"/>
  <testcase classname="automation.AdminTest.AreaModuleTest" name="fixedRateMaxLimit" time="32.488"/>
  <testcase classname="automation.AdminTest.AreaModuleTest" name="areaPagePagenation" time="38.002"/>
  <testcase classname="automation.AdminTest.AreaModuleTest" name="areaCreation" time="51.885"/>
</testsuite> <!-- automation.AdminTest.AreaModuleTest -->
