<?xml version="1.0" encoding="UTF-8"?>
<!-- Generated by org.testng.reporters.JUnitReportReporter -->
<testsuite hostname="000D2023258" failures="0" tests="1" name="automation.AdminTest.UserModuleTest" time="50.633" errors="0" timestamp="2024-02-02T16:16:31 CST" skipped="0">
  <testcase classname="automation.AdminTest.UserModuleTest" name="getCopyUserName" time="50.633"/>
</testsuite> <!-- automation.AdminTest.UserModuleTest -->
