<?xml version="1.0" encoding="UTF-8"?>
<!-- Generated by org.testng.reporters.JUnitReportReporter -->
<testsuite hostname="000D2023258" failures="0" tests="1" name="automation.AdminTest.PermissionTest" time="55.066" errors="0" timestamp="2024-05-05T19:13:18 CST" skipped="0">
  <testcase classname="automation.AdminTest.PermissionTest" name="encoderWithRestrictedStatusDesktopLogin" time="55.066"/>
</testsuite> <!-- automation.AdminTest.PermissionTest -->
