<?xml version="1.0" encoding="UTF-8"?>
<!-- Generated by org.testng.reporters.JUnitReportReporter -->
<testsuite hostname="000D2023258" failures="0" tests="7" name="automation.AdminTest.FilterAndSearchTest" time="125.648" errors="0" timestamp="2024-02-12T19:45:55 CST" skipped="0">
  <testcase classname="automation.AdminTest.FilterAndSearchTest" name="userLastNameSearch" time="16.335"/>
  <testcase classname="automation.AdminTest.FilterAndSearchTest" name="filterByEncoderRole" time="18.028"/>
  <testcase classname="automation.AdminTest.FilterAndSearchTest" name="parkingAreaCodeSearch" time="21.181"/>
  <testcase classname="automation.AdminTest.FilterAndSearchTest" name="userFirstNameSearch" time="15.552"/>
  <testcase classname="automation.AdminTest.FilterAndSearchTest" name="filterByAdminRole" time="18.179"/>
  <testcase classname="automation.AdminTest.FilterAndSearchTest" name="parkingNameSearch" time="21.169"/>
  <testcase classname="automation.AdminTest.FilterAndSearchTest" name="userEmailSearch" time="15.204"/>
</testsuite> <!-- automation.AdminTest.FilterAndSearchTest -->
