<?xml version="1.0" encoding="UTF-8"?>
<!-- Generated by org.testng.reporters.JUnitReportReporter -->
<testsuite hostname="000D2023258" failures="0" tests="1" name="automation.AdminTest.UserModuleTest" time="39.033" errors="0" timestamp="2024-04-19T18:44:47 CST" skipped="0">
  <testcase classname="automation.AdminTest.UserModuleTest" name="encoderEnrollment" time="39.033"/>
</testsuite> <!-- automation.AdminTest.UserModuleTest -->
