<?xml version="1.0" encoding="UTF-8"?>
<!-- Generated by org.testng.reporters.JUnitReportReporter -->
<testsuite hostname="000D2023258" failures="0" tests="1" name="automation.AdminTest.AreaModuleTest" time="26.346" errors="0" timestamp="2024-02-04T23:52:53 CST" skipped="0">
  <testcase classname="automation.AdminTest.AreaModuleTest" name="carCapacityInputValidation" time="26.346"/>
</testsuite> <!-- automation.AdminTest.AreaModuleTest -->
