<?xml version="1.0" encoding="UTF-8"?>
<!-- Generated by org.testng.reporters.JUnitReportReporter -->
<testsuite hostname="000D2023258" failures="0" tests="1" name="automation.AdminTest.FilterAndSearchTest" time="26.255" errors="0" timestamp="2024-01-31T13:27:24 CST" skipped="0">
  <testcase classname="automation.AdminTest.FilterAndSearchTest" name="userEmailSearch" time="26.255"/>
</testsuite> <!-- automation.AdminTest.FilterAndSearchTest -->
