<?xml version="1.0" encoding="UTF-8"?>
<!-- Generated by org.testng.reporters.JUnitReportReporter -->
<testsuite hostname="000D2023258" failures="0" tests="2" name="automation.AdminTest.AreaCreationTest" time="69.119" errors="0" timestamp="2024-01-17T21:04:33 CST" skipped="0">
  <testcase classname="automation.AdminTest.AreaCreationTest" name="areaCreation" time="50.240"/>
  <testcase classname="automation.AdminTest.AreaCreationTest" name="areaCreationValidation" time="18.879"/>
</testsuite> <!-- automation.AdminTest.AreaCreationTest -->
