<?xml version="1.0" encoding="UTF-8"?>
<!-- Generated by org.testng.reporters.JUnitReportReporter -->
<testsuite hostname="000D2023258" failures="0" tests="4" name="automation.AdminTest.AllLoginTest" time="36.737" errors="0" timestamp="2024-04-30T14:50:23 CST" skipped="0">
  <testcase classname="automation.AdminTest.AllLoginTest" name="loginWithInvalidPassword" time="9.387"/>
  <testcase classname="automation.AdminTest.AllLoginTest" name="loginWithoutAccess" time="7.398"/>
  <testcase classname="automation.AdminTest.AllLoginTest" name="loginWithAccess" time="12.662"/>
  <testcase classname="automation.AdminTest.AllLoginTest" name="loginWithInvalidUserName" time="7.290"/>
</testsuite> <!-- automation.AdminTest.AllLoginTest -->
