<?xml version="1.0" encoding="UTF-8"?>
<!-- Generated by org.testng.reporters.JUnitReportReporter -->
<testsuite hostname="000D2023258" failures="0" tests="1" name="automation.AdminTest.UserModuleTest" time="39.821" errors="0" timestamp="2024-02-03T01:10:02 CST" skipped="0">
  <testcase classname="automation.AdminTest.UserModuleTest" name="exitEnrollmentAlert" time="39.821"/>
</testsuite> <!-- automation.AdminTest.UserModuleTest -->
