<?xml version="1.0" encoding="UTF-8"?>
<!-- Generated by org.testng.reporters.JUnitReportReporter -->
<testsuite hostname="000D2023258" failures="0" tests="1" name="automation.AdminTest.UserEnrollmentTest" time="53.304" errors="0" timestamp="2024-01-31T20:03:36 CST" skipped="0">
  <testcase classname="automation.AdminTest.UserEnrollmentTest" name="editUserAccount" time="53.304"/>
</testsuite> <!-- automation.AdminTest.UserEnrollmentTest -->
