<?xml version="1.0" encoding="UTF-8"?>
<!-- Generated by org.testng.reporters.JUnitReportReporter -->
<testsuite hostname="000D2023258" failures="0" tests="14" name="automation.AdminTest.AreaModuleTest" time="527.949" errors="0" timestamp="2024-02-04T10:18:01 CST" skipped="0">
  <testcase classname="automation.AdminTest.AreaModuleTest" name="setCMotorcycleCapacityPlusButtonToDisable" time="33.699"/>
  <testcase classname="automation.AdminTest.AreaModuleTest" name="carCapacityInputValidation" time="24.523"/>
  <testcase classname="automation.AdminTest.AreaModuleTest" name="setCarCapacityPlusButtonToDisable" time="103.874"/>
  <testcase classname="automation.AdminTest.AreaModuleTest" name="setMotorcycleCapacityPlusButtonToDisable" time="26.044"/>
  <testcase classname="automation.AdminTest.AreaModuleTest" name="validateEditParkingArea" time="30.760"/>
  <testcase classname="automation.AdminTest.AreaModuleTest" name="areaPageSelectRow" time="34.628"/>
  <testcase classname="automation.AdminTest.AreaModuleTest" name="exitCreationAlert" time="27.515"/>
  <testcase classname="automation.AdminTest.AreaModuleTest" name="fixedRateMaxLimit" time="33.752"/>
  <testcase classname="automation.AdminTest.AreaModuleTest" name="areaCreation" time="43.835"/>
  <testcase classname="automation.AdminTest.AreaModuleTest" name="areaNameDupValidation" time="34.041"/>
  <testcase classname="automation.AdminTest.AreaModuleTest" name="areaCodeDupValidation" time="45.847"/>
  <testcase classname="automation.AdminTest.AreaModuleTest" name="motorcycleCapacityInputValidation" time="24.658"/>
  <testcase classname="automation.AdminTest.AreaModuleTest" name="setCarCapacityMinusButtonToDisable" time="25.623"/>
  <testcase classname="automation.AdminTest.AreaModuleTest" name="areaPagePagenation" time="39.150"/>
</testsuite> <!-- automation.AdminTest.AreaModuleTest -->
