<?xml version="1.0" encoding="UTF-8"?>
<!-- Generated by org.testng.reporters.JUnitReportReporter -->
<testsuite hostname="000D2023258" failures="0" tests="1" name="automation.AdminTest.PermissionTest" time="58.064" errors="0" timestamp="2024-02-20T21:52:54 CST" skipped="0">
  <testcase classname="automation.AdminTest.PermissionTest" name="encoderWithActiveStatusMobileAppLogin" time="58.064"/>
</testsuite> <!-- automation.AdminTest.PermissionTest -->
