<?xml version="1.0" encoding="UTF-8"?>
<!-- Generated by org.testng.reporters.JUnitReportReporter -->
<testsuite hostname="000D2023258" failures="0" tests="1" name="automation.AdminTest.ConfigurationModuleTest" time="37.590" errors="0" timestamp="2024-05-05T13:07:17 CST" skipped="0">
  <testcase classname="automation.AdminTest.ConfigurationModuleTest" name="deleteParkerTypeWithPricingPackage" time="37.590"/>
</testsuite> <!-- automation.AdminTest.ConfigurationModuleTest -->
