<?xml version="1.0" encoding="UTF-8"?>
<!-- Generated by org.testng.reporters.JUnitReportReporter -->
<testsuite hostname="000D2023258" failures="0" tests="1" name="automation.AdminTest.FilterAndSearchTest" time="48.409" errors="0" timestamp="2024-02-03T20:12:10 CST" skipped="0">
  <testcase classname="automation.AdminTest.FilterAndSearchTest" name="parkingAreaCodeSearch" time="48.409"/>
</testsuite> <!-- automation.AdminTest.FilterAndSearchTest -->
