<?xml version="1.0" encoding="UTF-8"?>
<!-- Generated by org.testng.reporters.JUnitReportReporter -->
<testsuite hostname="000D2023258" failures="0" tests="7" name="automation.AdminTest.FilterAndSearchTest" time="132.626" errors="0" timestamp="2024-02-05T10:28:05 CST" skipped="0">
  <testcase classname="automation.AdminTest.FilterAndSearchTest" name="filterByEncoderRole" time="19.774"/>
  <testcase classname="automation.AdminTest.FilterAndSearchTest" name="filterByAdminRole" time="18.523"/>
  <testcase classname="automation.AdminTest.FilterAndSearchTest" name="userEmailSearch" time="15.474"/>
  <testcase classname="automation.AdminTest.FilterAndSearchTest" name="userFirstNameSearch" time="15.075"/>
  <testcase classname="automation.AdminTest.FilterAndSearchTest" name="userLastNameSearch" time="16.360"/>
  <testcase classname="automation.AdminTest.FilterAndSearchTest" name="parkingAreaCodeSearch" time="21.552"/>
  <testcase classname="automation.AdminTest.FilterAndSearchTest" name="parkingNameSearch" time="25.868"/>
</testsuite> <!-- automation.AdminTest.FilterAndSearchTest -->
