<?xml version="1.0" encoding="UTF-8"?>
<!-- Generated by org.testng.reporters.JUnitReportReporter -->
<testsuite hostname="000D2023258" failures="0" tests="1" name="automation.AdminTest.AreaModuleTest" time="59.295" errors="0" timestamp="2024-03-04T19:02:48 CST" skipped="0">
  <testcase classname="automation.AdminTest.AreaModuleTest" name="areaCreation" time="59.295"/>
</testsuite> <!-- automation.AdminTest.AreaModuleTest -->
