<?xml version="1.0" encoding="UTF-8"?>
<!-- Generated by org.testng.reporters.JUnitReportReporter -->
<testsuite hostname="000D2023258" failures="0" tests="4" name="automation.AdminTest.AllLoginTest" time="63.572" errors="0" timestamp="2024-02-19T11:55:41 CST" skipped="0">
  <testcase classname="automation.AdminTest.AllLoginTest" name="loginWithInvalidPassword" time="17.836"/>
  <testcase classname="automation.AdminTest.AllLoginTest" name="loginWithAccess" time="24.180"/>
  <testcase classname="automation.AdminTest.AllLoginTest" name="loginWithoutAccess" time="10.554"/>
  <testcase classname="automation.AdminTest.AllLoginTest" name="loginWithInvalidUserName" time="11.002"/>
</testsuite> <!-- automation.AdminTest.AllLoginTest -->
