<?xml version="1.0" encoding="UTF-8"?>
<!-- Generated by org.testng.reporters.JUnitReportReporter -->
<testsuite hostname="000D2023258" failures="0" tests="4" name="automation.AdminTest.AllLoginTest" time="67.808" errors="0" timestamp="2024-01-31T00:10:16 CST" skipped="0">
  <testcase classname="automation.AdminTest.AllLoginTest" name="loginWithInvalidUserName" time="8.921"/>
  <testcase classname="automation.AdminTest.AllLoginTest" name="loginWithAccess" time="29.572"/>
  <testcase classname="automation.AdminTest.AllLoginTest" name="loginWithInvalidPassword" time="20.516"/>
  <testcase classname="automation.AdminTest.AllLoginTest" name="loginWithoutAccess" time="8.799"/>
</testsuite> <!-- automation.AdminTest.AllLoginTest -->
