<?xml version="1.0" encoding="UTF-8"?>
<!-- Generated by org.testng.reporters.JUnitReportReporter -->
<testsuite hostname="000D2023258" failures="0" tests="11" name="automation.AdminTest.UserModuleTest" time="345.586" errors="0" timestamp="2024-04-30T14:50:23 CST" skipped="0">
  <testcase classname="automation.AdminTest.UserModuleTest" name="userEmailDupValidation" time="22.745"/>
  <testcase classname="automation.AdminTest.UserModuleTest" name="exitEnrollmentAlert" time="24.025"/>
  <testcase classname="automation.AdminTest.UserModuleTest" name="getCopyUserPassword" time="31.261"/>
  <testcase classname="automation.AdminTest.UserModuleTest" name="userPagePagenation" time="26.127"/>
  <testcase classname="automation.AdminTest.UserModuleTest" name="userPageSelectRow" time="31.186"/>
  <testcase classname="automation.AdminTest.UserModuleTest" name="getCopyUserName" time="21.937"/>
  <testcase classname="automation.AdminTest.UserModuleTest" name="adminEnrollment" time="35.250"/>
  <testcase classname="automation.AdminTest.UserModuleTest" name="encoderEnrollment" time="48.610"/>
  <testcase classname="automation.AdminTest.UserModuleTest" name="cashierEnrollment" time="38.450"/>
  <testcase classname="automation.AdminTest.UserModuleTest" name="managerEnrollment" time="38.496"/>
  <testcase classname="automation.AdminTest.UserModuleTest" name="editUserAccount" time="27.499"/>
</testsuite> <!-- automation.AdminTest.UserModuleTest -->
