<?xml version="1.0" encoding="UTF-8"?>
<!-- Generated by org.testng.reporters.JUnitReportReporter -->
<testsuite hostname="000D2023258" failures="0" tests="9" name="automation.AdminTest.PermissionTest" time="296.105" errors="0" timestamp="2024-04-29T12:50:34 CST" skipped="1">
  <testcase classname="automation.AdminTest.PermissionTest" name="encoderWithPaymentAcceptanceSetToFalse" time="31.002"/>
  <testcase classname="automation.AdminTest.PermissionTest" name="encoderWithRestrictedStatusMobileAppLogin" time="20.942"/>
  <testcase classname="automation.AdminTest.PermissionTest" name="encoderWithPaymentAcceptanceSetToTrue" time="39.968"/>
  <testcase classname="automation.AdminTest.PermissionTest" name="encoderWithActiveStatus" time="27.096"/>
  <testcase classname="automation.AdminTest.PermissionTest" name="encoderWithAllowExitToTrue" time="34.380"/>
  <testcase classname="automation.AdminTest.PermissionTest" name="encoderWithAllowExitToTrue" time="60.431">
    <skipped/>
  </testcase> <!-- encoderWithAllowExitToTrue -->
  <testcase classname="automation.AdminTest.PermissionTest" name="encoderWithRestrictedStatusDesktopLogin" time="27.129"/>
  <testcase classname="automation.AdminTest.PermissionTest" name="encoderWithCaptureVehicleSetToTrue" time="38.680"/>
  <testcase classname="automation.AdminTest.PermissionTest" name="adminWithRestrictedStatus" time="16.477"/>
</testsuite> <!-- automation.AdminTest.PermissionTest -->
