<?xml version="1.0" encoding="UTF-8"?>
<!-- Generated by org.testng.reporters.JUnitReportReporter -->
<testsuite hostname="000D2023258" failures="0" tests="1" name="automation.AdminTest.PermissionTest" time="58.813" errors="0" timestamp="2024-01-30T19:14:20 CST" skipped="0">
  <testcase classname="automation.AdminTest.PermissionTest" name="userWithActiveStatus" time="58.813"/>
</testsuite> <!-- automation.AdminTest.PermissionTest -->
