<?xml version="1.0" encoding="UTF-8"?>
<!-- Generated by org.testng.reporters.JUnitReportReporter -->
<testsuite hostname="000D2023258" failures="0" tests="1" name="automation.AdminTest.UserEnrollmentTest" time="22.041" errors="0" timestamp="2024-01-30T16:16:51 CST" skipped="0">
  <testcase classname="automation.AdminTest.UserEnrollmentTest" name="exitEnrollmentAlert" time="22.041"/>
</testsuite> <!-- automation.AdminTest.UserEnrollmentTest -->
