<?xml version="1.0" encoding="UTF-8"?>
<!-- Generated by org.testng.reporters.JUnitReportReporter -->
<testsuite hostname="000D2023258" failures="0" tests="14" name="automation.AdminTest.AreaModuleTest" time="417.889" errors="0" timestamp="2024-02-12T20:25:27 CST" skipped="0">
  <testcase classname="automation.AdminTest.AreaModuleTest" name="areaCodeDupValidation" time="32.397"/>
  <testcase classname="automation.AdminTest.AreaModuleTest" name="setMotorcycleCapacityPlusButtonToDisable" time="23.472"/>
  <testcase classname="automation.AdminTest.AreaModuleTest" name="areaCreation" time="50.608"/>
  <testcase classname="automation.AdminTest.AreaModuleTest" name="setCarCapacityPlusButtonToDisable" time="23.469"/>
  <testcase classname="automation.AdminTest.AreaModuleTest" name="motorcycleCapacityInputValidation" time="25.181"/>
  <testcase classname="automation.AdminTest.AreaModuleTest" name="areaPageSelectRow" time="32.855"/>
  <testcase classname="automation.AdminTest.AreaModuleTest" name="areaPagePagenation" time="29.710"/>
  <testcase classname="automation.AdminTest.AreaModuleTest" name="setCMotorcycleCapacityPlusButtonToDisable" time="24.551"/>
  <testcase classname="automation.AdminTest.AreaModuleTest" name="exitCreationAlert" time="26.356"/>
  <testcase classname="automation.AdminTest.AreaModuleTest" name="validateUpdateParkingArea" time="27.660"/>
  <testcase classname="automation.AdminTest.AreaModuleTest" name="carCapacityInputValidation" time="23.629"/>
  <testcase classname="automation.AdminTest.AreaModuleTest" name="fixedRateMaxLimit" time="30.682"/>
  <testcase classname="automation.AdminTest.AreaModuleTest" name="areaNameDupValidation" time="38.533"/>
  <testcase classname="automation.AdminTest.AreaModuleTest" name="setCarCapacityMinusButtonToDisable" time="28.786"/>
</testsuite> <!-- automation.AdminTest.AreaModuleTest -->
