<?xml version="1.0" encoding="UTF-8"?>
<!-- Generated by org.testng.reporters.JUnitReportReporter -->
<testsuite hostname="000D2023258" failures="0" tests="1" name="automation.AdminTest.ConfigurationModuleTest" time="57.070" errors="0" timestamp="2024-05-03T21:18:21 CST" skipped="0">
  <testcase classname="automation.AdminTest.ConfigurationModuleTest" name="parkerTypeEnrollment" time="57.070"/>
</testsuite> <!-- automation.AdminTest.ConfigurationModuleTest -->
