<?xml version="1.0" encoding="UTF-8"?>
<!-- Generated by org.testng.reporters.JUnitReportReporter -->
<testsuite hostname="000D2023258" failures="0" tests="1" name="automation.AdminTest.ConfigurationModuleTest" time="20.812" errors="0" timestamp="2024-05-01T16:29:26 CST" skipped="0">
  <testcase classname="automation.AdminTest.ConfigurationModuleTest" name="duplicateParketTypeCode" time="20.812"/>
</testsuite> <!-- automation.AdminTest.ConfigurationModuleTest -->
