<?xml version="1.0" encoding="UTF-8"?>
<!-- Generated by org.testng.reporters.JUnitReportReporter -->
<testsuite hostname="000D2023258" failures="0" tests="9" name="automation.AdminTest.PermissionTest" time="299.089" errors="0" timestamp="2024-02-12T19:45:55 CST" skipped="0">
  <testcase classname="automation.AdminTest.PermissionTest" name="encoderWithRestrictedStatusMobileAppLogin" time="19.686"/>
  <testcase classname="automation.AdminTest.PermissionTest" name="encoderWithPaymentAcceptanceSetToTrue" time="34.788"/>
  <testcase classname="automation.AdminTest.PermissionTest" name="encoderWithAllowExitToFalse" time="46.042"/>
  <testcase classname="automation.AdminTest.PermissionTest" name="encoderWithPaymentAcceptanceSetToFalse" time="24.137"/>
  <testcase classname="automation.AdminTest.PermissionTest" name="encoderWithActiveStatusDesktopLogin" time="51.198"/>
  <testcase classname="automation.AdminTest.PermissionTest" name="encoderWithActiveStatusMobileAppLogin" time="34.427"/>
  <testcase classname="automation.AdminTest.PermissionTest" name="adminWithRestrictedStatus" time="19.626"/>
  <testcase classname="automation.AdminTest.PermissionTest" name="encoderWithAllowExitToTrue" time="43.561"/>
  <testcase classname="automation.AdminTest.PermissionTest" name="encoderWithRestrictedStatusDesktopLogin" time="25.624"/>
</testsuite> <!-- automation.AdminTest.PermissionTest -->
