<?xml version="1.0" encoding="UTF-8"?>
<!-- Generated by org.testng.reporters.JUnitReportReporter -->
<testsuite hostname="000D2023258" failures="0" tests="4" name="automation.AdminTest.AllLoginTest" time="38.302" errors="0" timestamp="2024-04-29T12:50:34 CST" skipped="0">
  <testcase classname="automation.AdminTest.AllLoginTest" name="loginWithoutAccess" time="7.212"/>
  <testcase classname="automation.AdminTest.AllLoginTest" name="loginWithInvalidPassword" time="12.242"/>
  <testcase classname="automation.AdminTest.AllLoginTest" name="loginWithAccess" time="11.710"/>
  <testcase classname="automation.AdminTest.AllLoginTest" name="loginWithInvalidUserName" time="7.138"/>
</testsuite> <!-- automation.AdminTest.AllLoginTest -->
