<?xml version="1.0" encoding="UTF-8"?>
<!-- Generated by org.testng.reporters.JUnitReportReporter -->
<testsuite hostname="000D2023258" failures="0" tests="4" name="automation.AdminTest.AllLoginTest" time="53.343" errors="0" timestamp="2024-02-12T19:45:55 CST" skipped="0">
  <testcase classname="automation.AdminTest.AllLoginTest" name="loginWithInvalidPassword" time="11.498"/>
  <testcase classname="automation.AdminTest.AllLoginTest" name="loginWithoutAccess" time="14.005"/>
  <testcase classname="automation.AdminTest.AllLoginTest" name="loginWithInvalidUserName" time="9.718"/>
  <testcase classname="automation.AdminTest.AllLoginTest" name="loginWithAccess" time="18.122"/>
</testsuite> <!-- automation.AdminTest.AllLoginTest -->
