<?xml version="1.0" encoding="UTF-8"?>
<!-- Generated by org.testng.reporters.JUnitReportReporter -->
<testsuite hostname="000D2023258" failures="0" tests="1" name="automation.AdminTest.AreaCreationTest" time="34.487" errors="0" timestamp="2024-01-30T17:19:38 CST" skipped="0">
  <testcase classname="automation.AdminTest.AreaCreationTest" name="areaCreation" time="34.487"/>
</testsuite> <!-- automation.AdminTest.AreaCreationTest -->
