<?xml version="1.0" encoding="UTF-8"?>
<!-- Generated by org.testng.reporters.JUnitReportReporter -->
<testsuite hostname="000D2023258" failures="0" tests="1" name="automation.AdminTest.ConfigurationModuleTest" time="75.378" errors="0" timestamp="2024-05-06T19:12:24 CST" skipped="0">
  <testcase classname="automation.AdminTest.ConfigurationModuleTest" name="assignParkerToParkingArea" time="75.378"/>
</testsuite> <!-- automation.AdminTest.ConfigurationModuleTest -->
