<?xml version="1.0" encoding="UTF-8"?>
<!-- Generated by org.testng.reporters.JUnitReportReporter -->
<testsuite hostname="000D2023258" failures="0" tests="1" name="automation.AdminTest.AreaModuleTest" time="49.141" errors="0" timestamp="2024-02-02T15:41:50 CST" skipped="0">
  <testcase classname="automation.AdminTest.AreaModuleTest" name="areaPageSelectRow" time="49.141"/>
</testsuite> <!-- automation.AdminTest.AreaModuleTest -->
