<?xml version="1.0" encoding="UTF-8"?>
<!-- Generated by org.testng.reporters.JUnitReportReporter -->
<testsuite hostname="000D2023258" failures="0" tests="9" name="automation.AdminTest.UserModuleTest" time="281.785" errors="0" timestamp="2024-02-20T21:46:14 CST" skipped="0">
  <testcase classname="automation.AdminTest.UserModuleTest" name="exitEnrollmentAlert" time="35.544"/>
  <testcase classname="automation.AdminTest.UserModuleTest" name="userPageSelectRow" time="34.116"/>
  <testcase classname="automation.AdminTest.UserModuleTest" name="userEmailDupValidation" time="26.136"/>
  <testcase classname="automation.AdminTest.UserModuleTest" name="userPagePagenation" time="34.185"/>
  <testcase classname="automation.AdminTest.UserModuleTest" name="getCopyUserName" time="24.418"/>
  <testcase classname="automation.AdminTest.UserModuleTest" name="getCopyUserPassword" time="24.654"/>
  <testcase classname="automation.AdminTest.UserModuleTest" name="adminEnrollment" time="37.104"/>
  <testcase classname="automation.AdminTest.UserModuleTest" name="encoderEnrollment" time="41.279"/>
  <testcase classname="automation.AdminTest.UserModuleTest" name="editUserAccount" time="24.349"/>
</testsuite> <!-- automation.AdminTest.UserModuleTest -->
