<?xml version="1.0" encoding="UTF-8"?>
<!-- Generated by org.testng.reporters.JUnitReportReporter -->
<testsuite hostname="000D2023258" failures="0" tests="1" name="automation.AdminTest.AreaCreationTest" time="36.035" errors="0" timestamp="2024-01-31T10:52:41 CST" skipped="0">
  <testcase classname="automation.AdminTest.AreaCreationTest" name="areaNameDupValidation" time="36.035"/>
</testsuite> <!-- automation.AdminTest.AreaCreationTest -->
