<?xml version="1.0" encoding="UTF-8"?>
<!-- Generated by org.testng.reporters.JUnitReportReporter -->
<testsuite hostname="000D2023258" failures="0" tests="1" name="automation.AdminTest.AreaModuleTest" time="32.366" errors="0" timestamp="2024-02-13T19:59:40 CST" skipped="0">
  <testcase classname="automation.AdminTest.AreaModuleTest" name="areaPagePagenation" time="32.366"/>
</testsuite> <!-- automation.AdminTest.AreaModuleTest -->
