<?xml version="1.0" encoding="UTF-8"?>
<!-- Generated by org.testng.reporters.JUnitReportReporter -->
<testsuite hostname="000D2023258" failures="0" tests="9" name="automation.AdminTest.UserModuleTest" time="274.969" errors="0" timestamp="2024-02-12T19:45:55 CST" skipped="0">
  <testcase classname="automation.AdminTest.UserModuleTest" name="exitEnrollmentAlert" time="26.797"/>
  <testcase classname="automation.AdminTest.UserModuleTest" name="userPagePagenation" time="29.352"/>
  <testcase classname="automation.AdminTest.UserModuleTest" name="userEmailDupValidation" time="26.161"/>
  <testcase classname="automation.AdminTest.UserModuleTest" name="getCopyUserName" time="23.513"/>
  <testcase classname="automation.AdminTest.UserModuleTest" name="userPageSelectRow" time="32.878"/>
  <testcase classname="automation.AdminTest.UserModuleTest" name="getCopyUserPassword" time="22.814"/>
  <testcase classname="automation.AdminTest.UserModuleTest" name="adminEnrollment" time="40.976"/>
  <testcase classname="automation.AdminTest.UserModuleTest" name="encoderEnrollment" time="45.939"/>
  <testcase classname="automation.AdminTest.UserModuleTest" name="editUserAccount" time="26.539"/>
</testsuite> <!-- automation.AdminTest.UserModuleTest -->
