<?xml version="1.0" encoding="UTF-8"?>
<!-- Generated by org.testng.reporters.JUnitReportReporter -->
<testsuite hostname="000D2023258" failures="0" tests="8" name="automation.AdminTest.FilterAndSearchTest" time="188.761" errors="0" timestamp="2024-01-31T00:10:16 CST" skipped="1">
  <testcase classname="automation.AdminTest.FilterAndSearchTest" name="parkingAreaCodeSearch" time="20.822"/>
  <testcase classname="automation.AdminTest.FilterAndSearchTest" name="filterByEncoderRole" time="17.155"/>
  <testcase classname="automation.AdminTest.FilterAndSearchTest" name="userEmailSearch" time="29.776"/>
  <testcase classname="automation.AdminTest.FilterAndSearchTest" name="filterByAdminRole" time="18.243"/>
  <testcase classname="automation.AdminTest.FilterAndSearchTest" name="userNameSearch" time="17.088"/>
  <testcase classname="automation.AdminTest.FilterAndSearchTest" name="parkingNameSearch" time="38.353">
    <skipped/>
  </testcase> <!-- parkingNameSearch -->
  <testcase classname="automation.AdminTest.FilterAndSearchTest" name="parkingNameSearch" time="24.018"/>
  <testcase classname="automation.AdminTest.FilterAndSearchTest" name="userLastNameSearch" time="23.306"/>
</testsuite> <!-- automation.AdminTest.FilterAndSearchTest -->
