<?xml version="1.0" encoding="UTF-8"?>
<!-- Generated by org.testng.reporters.JUnitReportReporter -->
<testsuite hostname="000D2023258" failures="0" tests="1" name="automation.AdminTest.AreaModuleTest" time="50.575" errors="0" timestamp="2024-05-03T19:15:11 CST" skipped="0">
  <testcase classname="automation.AdminTest.AreaModuleTest" name="areaCreation" time="50.575"/>
</testsuite> <!-- automation.AdminTest.AreaModuleTest -->
