<?xml version="1.0" encoding="UTF-8"?>
<!-- Generated by org.testng.reporters.JUnitReportReporter -->
<testsuite hostname="000D2023258" failures="0" tests="14" name="automation.AdminTest.AreaModuleTest" time="457.339" errors="0" timestamp="2024-02-20T21:46:13 CST" skipped="0">
  <testcase classname="automation.AdminTest.AreaModuleTest" name="areaPageSelectRow" time="33.840"/>
  <testcase classname="automation.AdminTest.AreaModuleTest" name="carCapacityInputValidation" time="35.794"/>
  <testcase classname="automation.AdminTest.AreaModuleTest" name="validateUpdateParkingArea" time="33.631"/>
  <testcase classname="automation.AdminTest.AreaModuleTest" name="motorcycleCapacityInputValidation" time="25.525"/>
  <testcase classname="automation.AdminTest.AreaModuleTest" name="setMotorcycleCapacityPlusButtonToDisable" time="30.100"/>
  <testcase classname="automation.AdminTest.AreaModuleTest" name="setCMotorcycleCapacityPlusButtonToDisable" time="25.867"/>
  <testcase classname="automation.AdminTest.AreaModuleTest" name="areaNameDupValidation" time="40.450"/>
  <testcase classname="automation.AdminTest.AreaModuleTest" name="setCarCapacityPlusButtonToDisable" time="25.614"/>
  <testcase classname="automation.AdminTest.AreaModuleTest" name="exitCreationAlert" time="29.291"/>
  <testcase classname="automation.AdminTest.AreaModuleTest" name="setCarCapacityMinusButtonToDisable" time="25.463"/>
  <testcase classname="automation.AdminTest.AreaModuleTest" name="areaPagePagenation" time="34.910"/>
  <testcase classname="automation.AdminTest.AreaModuleTest" name="fixedRateMaxLimit" time="35.273"/>
  <testcase classname="automation.AdminTest.AreaModuleTest" name="areaCodeDupValidation" time="30.236"/>
  <testcase classname="automation.AdminTest.AreaModuleTest" name="areaCreation" time="51.345"/>
</testsuite> <!-- automation.AdminTest.AreaModuleTest -->
