<?xml version="1.0" encoding="UTF-8"?>
<!-- Generated by org.testng.reporters.JUnitReportReporter -->
<testsuite hostname="000D2023258" failures="0" tests="1" name="automation.AdminTest.AreaModuleTest" time="34.444" errors="0" timestamp="2024-02-19T12:04:37 CST" skipped="0">
  <testcase classname="automation.AdminTest.AreaModuleTest" name="areaNameDupValidation" time="34.444"/>
</testsuite> <!-- automation.AdminTest.AreaModuleTest -->
