<?xml version="1.0" encoding="UTF-8"?>
<!-- Generated by org.testng.reporters.JUnitReportReporter -->
<testsuite hostname="000D2023258" failures="0" tests="1" name="automation.AdminTest.PermissionTest" time="47.388" errors="0" timestamp="2024-02-13T11:54:57 CST" skipped="0">
  <testcase classname="automation.AdminTest.PermissionTest" name="encoderWithAllowExitToFalse" time="47.388"/>
</testsuite> <!-- automation.AdminTest.PermissionTest -->
