<?xml version="1.0" encoding="UTF-8"?>
<!-- Generated by org.testng.reporters.JUnitReportReporter -->
<testsuite hostname="000D2023258" failures="0" tests="4" name="automation.AdminTest.AllLoginTest" time="126.746" errors="0" timestamp="2024-01-30T15:24:40 CST" skipped="0">
  <testcase classname="automation.AdminTest.AllLoginTest" name="loginWithInvalidPassword" time="10.459"/>
  <testcase classname="automation.AdminTest.AllLoginTest" name="loginWithAccess" time="99.455"/>
  <testcase classname="automation.AdminTest.AllLoginTest" name="loginWithoutAccess" time="8.579"/>
  <testcase classname="automation.AdminTest.AllLoginTest" name="loginWithInvalidUserName" time="8.253"/>
</testsuite> <!-- automation.AdminTest.AllLoginTest -->
