<?xml version="1.0" encoding="UTF-8"?>
<!-- Generated by org.testng.reporters.JUnitReportReporter -->
<testsuite hostname="000D2023258" failures="0" tests="4" name="automation.AdminTest.AllLoginTest" time="112.972" errors="0" timestamp="2024-03-01T11:24:24 CST" skipped="0">
  <testcase classname="automation.AdminTest.AllLoginTest" name="loginWithInvalidPassword" time="13.042"/>
  <testcase classname="automation.AdminTest.AllLoginTest" name="loginWithoutAccess" time="11.234"/>
  <testcase classname="automation.AdminTest.AllLoginTest" name="loginWithAccess" time="77.614"/>
  <testcase classname="automation.AdminTest.AllLoginTest" name="loginWithInvalidUserName" time="11.082"/>
</testsuite> <!-- automation.AdminTest.AllLoginTest -->
