<?xml version="1.0" encoding="UTF-8"?>
<!-- Generated by org.testng.reporters.JUnitReportReporter -->
<testsuite hostname="000D2023258" failures="0" tests="1" name="automation.AdminTest.AreaModuleTest" time="48.415" errors="0" timestamp="2024-05-06T14:13:18 CST" skipped="0">
  <testcase classname="automation.AdminTest.AreaModuleTest" name="validateUpdateParkingArea" time="48.415"/>
</testsuite> <!-- automation.AdminTest.AreaModuleTest -->
