<?xml version="1.0" encoding="UTF-8"?>
<!-- Generated by org.testng.reporters.JUnitReportReporter -->
<testsuite hostname="000D2023258" failures="0" tests="1" name="automation.AdminTest.UserModuleTest" time="31.938" errors="0" timestamp="2024-04-29T12:57:41 CST" skipped="0">
  <testcase classname="automation.AdminTest.UserModuleTest" name="userPageSelectRow" time="31.938"/>
</testsuite> <!-- automation.AdminTest.UserModuleTest -->
