<?xml version="1.0" encoding="UTF-8"?>
<!-- Generated by org.testng.reporters.JUnitReportReporter -->
<testsuite hostname="000D2023258" failures="0" tests="7" name="automation.AdminTest.FilterAndSearchTest" time="178.638" errors="0" timestamp="2024-02-04T08:21:28 CST" skipped="0">
  <testcase classname="automation.AdminTest.FilterAndSearchTest" name="userFirstNameSearch" time="17.749"/>
  <testcase classname="automation.AdminTest.FilterAndSearchTest" name="filterByEncoderRole" time="20.807"/>
  <testcase classname="automation.AdminTest.FilterAndSearchTest" name="userEmailSearch" time="17.041"/>
  <testcase classname="automation.AdminTest.FilterAndSearchTest" name="filterByAdminRole" time="59.265"/>
  <testcase classname="automation.AdminTest.FilterAndSearchTest" name="parkingNameSearch" time="22.915"/>
  <testcase classname="automation.AdminTest.FilterAndSearchTest" name="parkingAreaCodeSearch" time="23.733"/>
  <testcase classname="automation.AdminTest.FilterAndSearchTest" name="userLastNameSearch" time="17.128"/>
</testsuite> <!-- automation.AdminTest.FilterAndSearchTest -->
