<?xml version="1.0" encoding="UTF-8"?>
<!-- Generated by org.testng.reporters.JUnitReportReporter -->
<testsuite hostname="000D2023258" failures="0" tests="1" name="automation.AdminTest.UserModuleTest" time="40.142" errors="0" timestamp="2024-02-03T20:43:16 CST" skipped="0">
  <testcase classname="automation.AdminTest.UserModuleTest" name="encoderEnrollment" time="40.142"/>
</testsuite> <!-- automation.AdminTest.UserModuleTest -->
