<?xml version="1.0" encoding="UTF-8"?>
<!-- Generated by org.testng.reporters.JUnitReportReporter -->
<testsuite hostname="000D2023258" failures="0" tests="6" name="automation.AdminTest.UserEnrollmentTest" time="161.035" errors="1" timestamp="2024-01-31T00:10:16 CST" skipped="0">
  <testcase classname="automation.AdminTest.UserEnrollmentTest" name="userEnrollment" time="23.328"/>
  <testcase classname="automation.AdminTest.UserEnrollmentTest" name="userPagePagenation" time="29.723"/>
  <testcase classname="automation.AdminTest.UserEnrollmentTest" name="exitEnrollmentAlert" time="20.670"/>
  <testcase classname="automation.AdminTest.UserEnrollmentTest" name="userPageSelectRow" time="41.704">
    <error message="Expected condition failed: waiting for element to be clickable: Proxy element for: DefaultElementLocator &#039;By.cssSelector: #rowCount&#039; (tried for 20 second(s) with 500 milliseconds interval)" type="org.openqa.selenium.TimeoutException">
      <![CDATA[org.openqa.selenium.TimeoutException: Expected condition failed: waiting for element to be clickable: Proxy element for: DefaultElementLocator 'By.cssSelector: #rowCount' (tried for 20 second(s) with 500 milliseconds interval)
at org.openqa.selenium.support.ui.WebDriverWait.timeoutException(WebDriverWait.java:84)
at org.openqa.selenium.support.ui.FluentWait.until(FluentWait.java:229)
at automation.AbstractComponents.AbstractComponent.waitForWebElementToBeClickable(AbstractComponent.java:53)
at automation.PageObject.Pagenation.selectRowCount(Pagenation.java:62)
at automation.AdminTest.UserEnrollmentTest.userPageSelectRow(UserEnrollmentTest.java:80)
at java.base/jdk.internal.reflect.DirectMethodHandleAccessor.invoke(DirectMethodHandleAccessor.java:103)
at java.base/java.lang.reflect.Method.invoke(Method.java:580)
at org.testng.internal.invokers.MethodInvocationHelper.invokeMethod(MethodInvocationHelper.java:139)
at org.testng.internal.invokers.TestInvoker.invokeMethod(TestInvoker.java:664)
at org.testng.internal.invokers.TestInvoker.invokeTestMethod(TestInvoker.java:228)
at org.testng.internal.invokers.MethodRunner.runInSequence(MethodRunner.java:63)
at org.testng.internal.invokers.TestInvoker$MethodInvocationAgent.invoke(TestInvoker.java:961)
at org.testng.internal.invokers.TestInvoker.invokeTestMethods(TestInvoker.java:201)
at org.testng.internal.invokers.TestMethodWorker.invokeTestMethods(TestMethodWorker.java:148)
at org.testng.internal.invokers.TestMethodWorker.run(TestMethodWorker.java:128)
at java.base/java.util.ArrayList.forEach(ArrayList.java:1596)
at org.testng.TestRunner.privateRun(TestRunner.java:819)
at org.testng.TestRunner.run(TestRunner.java:619)
at org.testng.SuiteRunner.runTest(SuiteRunner.java:443)
at org.testng.SuiteRunner.runSequentially(SuiteRunner.java:437)
at org.testng.SuiteRunner.privateRun(SuiteRunner.java:397)
at org.testng.SuiteRunner.run(SuiteRunner.java:336)
at org.testng.SuiteRunnerWorker.runSuite(SuiteRunnerWorker.java:52)
at org.testng.SuiteRunnerWorker.run(SuiteRunnerWorker.java:95)
at org.testng.TestNG.runSuitesSequentially(TestNG.java:1301)
at org.testng.TestNG.runSuitesLocally(TestNG.java:1228)
at org.testng.TestNG.runSuites(TestNG.java:1134)
at org.testng.TestNG.run(TestNG.java:1101)
at org.testng.remote.AbstractRemoteTestNG.run(AbstractRemoteTestNG.java:115)
at org.testng.remote.RemoteTestNG.initAndRun(RemoteTestNG.java:251)
at org.testng.remote.RemoteTestNG.main(RemoteTestNG.java:77)
Caused by: org.openqa.selenium.NoSuchElementException: no such element: Unable to locate element: {"method":"css selector","selector":"#rowCount"}
  (Session info: chrome=120.0.6099.227)
For documentation on this error, please visit: https://www.selenium.dev/documentation/webdriver/troubleshooting/errors#no-such-element-exception
Build info: version: '4.16.1', revision: '9b4c83354e'
System info: os.name: 'Windows 10', os.arch: 'amd64', os.version: '10.0', java.version: '21.0.1'
Driver info: org.openqa.selenium.chrome.ChromeDriver
Command: [82bd016c69cab20d8efaed9073315b94, findElement {using=css selector, value=#rowCount}]
Capabilities {acceptInsecureCerts: false, browserName: chrome, browserVersion: 120.0.6099.227, chrome: {chromedriverVersion: 120.0.6099.109 (3419140ab66..., userDataDir: C:\Users\REN~1.CAS\AppData\...}, fedcm:accounts: true, goog:chromeOptions: {debuggerAddress: localhost:49368}, networkConnectionEnabled: false, pageLoadStrategy: normal, platformName: windows, proxy: Proxy(), se:cdp: ws://localhost:49368/devtoo..., se:cdpVersion: 120.0.6099.227, setWindowRect: true, strictFileInteractability: false, timeouts: {implicit: 0, pageLoad: 300000, script: 30000}, unhandledPromptBehavior: dismiss and notify, webauthn:extension:credBlob: true, webauthn:extension:largeBlob: true, webauthn:extension:minPinLength: true, webauthn:extension:prf: true, webauthn:virtualAuthenticators: true}
Session ID: 82bd016c69cab20d8efaed9073315b94
at java.base/jdk.internal.reflect.DirectConstructorHandleAccessor.newInstance(DirectConstructorHandleAccessor.java:62)
at java.base/java.lang.reflect.Constructor.newInstanceWithCaller(Constructor.java:502)
at java.base/java.lang.reflect.Constructor.newInstance(Constructor.java:486)
at org.openqa.selenium.remote.codec.w3c.W3CHttpResponseCodec.createException(W3CHttpResponseCodec.java:200)
at org.openqa.selenium.remote.codec.w3c.W3CHttpResponseCodec.decode(W3CHttpResponseCodec.java:133)
at org.openqa.selenium.remote.codec.w3c.W3CHttpResponseCodec.decode(W3CHttpResponseCodec.java:52)
at org.openqa.selenium.remote.HttpCommandExecutor.execute(HttpCommandExecutor.java:191)
at org.openqa.selenium.remote.service.DriverCommandExecutor.invokeExecute(DriverCommandExecutor.java:200)
at org.openqa.selenium.remote.service.DriverCommandExecutor.execute(DriverCommandExecutor.java:175)
at org.openqa.selenium.remote.RemoteWebDriver.execute(RemoteWebDriver.java:523)
at org.openqa.selenium.remote.ElementLocation$ElementFinder$2.findElement(ElementLocation.java:165)
at org.openqa.selenium.remote.ElementLocation.findElement(ElementLocation.java:59)
at org.openqa.selenium.remote.RemoteWebDriver.findElement(RemoteWebDriver.java:360)
at org.openqa.selenium.remote.RemoteWebDriver.findElement(RemoteWebDriver.java:354)
at org.openqa.selenium.support.pagefactory.DefaultElementLocator.findElement(DefaultElementLocator.java:68)
at org.openqa.selenium.support.pagefactory.internal.LocatingElementHandler.invoke(LocatingElementHandler.java:38)
at jdk.proxy2/jdk.proxy2.$Proxy16.isDisplayed(Unknown Source)
at org.openqa.selenium.support.ui.ExpectedConditions.elementIfVisible(ExpectedConditions.java:304)
at org.openqa.selenium.support.ui.ExpectedConditions$10.apply(ExpectedConditions.java:290)
at org.openqa.selenium.support.ui.ExpectedConditions$10.apply(ExpectedConditions.java:287)
at org.openqa.selenium.support.ui.ExpectedConditions$23.apply(ExpectedConditions.java:656)
at org.openqa.selenium.support.ui.ExpectedConditions$23.apply(ExpectedConditions.java:652)
at org.openqa.selenium.support.ui.FluentWait.until(FluentWait.java:204)
... 29 more
]]>
    </error>
  </testcase> <!-- userPageSelectRow -->
  <testcase classname="automation.AdminTest.UserEnrollmentTest" name="userEmailDupValidation" time="20.852"/>
  <testcase classname="automation.AdminTest.UserEnrollmentTest" name="editUserAccount" time="24.758"/>
</testsuite> <!-- automation.AdminTest.UserEnrollmentTest -->
