<?xml version="1.0" encoding="UTF-8"?>
<!-- Generated by org.testng.reporters.JUnitReportReporter -->
<testsuite hostname="000D2023258" failures="0" tests="14" name="automation.AdminTest.AreaModuleTest" time="394.139" errors="0" timestamp="2024-04-29T12:50:34 CST" skipped="0">
  <testcase classname="automation.AdminTest.AreaModuleTest" name="setMotorcycleCapacityPlusButtonToDisable" time="21.267"/>
  <testcase classname="automation.AdminTest.AreaModuleTest" name="setCMotorcycleCapacityPlusButtonToDisable" time="21.339"/>
  <testcase classname="automation.AdminTest.AreaModuleTest" name="areaPageSelectRow" time="37.875"/>
  <testcase classname="automation.AdminTest.AreaModuleTest" name="motorcycleCapacityInputValidation" time="19.905"/>
  <testcase classname="automation.AdminTest.AreaModuleTest" name="areaNameDupValidation" time="29.701"/>
  <testcase classname="automation.AdminTest.AreaModuleTest" name="validateUpdateParkingArea" time="25.702"/>
  <testcase classname="automation.AdminTest.AreaModuleTest" name="carCapacityInputValidation" time="21.489"/>
  <testcase classname="automation.AdminTest.AreaModuleTest" name="setCarCapacityMinusButtonToDisable" time="27.081"/>
  <testcase classname="automation.AdminTest.AreaModuleTest" name="areaPagePagenation" time="38.149"/>
  <testcase classname="automation.AdminTest.AreaModuleTest" name="exitCreationAlert" time="23.689"/>
  <testcase classname="automation.AdminTest.AreaModuleTest" name="setCarCapacityPlusButtonToDisable" time="20.855"/>
  <testcase classname="automation.AdminTest.AreaModuleTest" name="areaCodeDupValidation" time="25.529"/>
  <testcase classname="automation.AdminTest.AreaModuleTest" name="fixedRateMaxLimit" time="33.579"/>
  <testcase classname="automation.AdminTest.AreaModuleTest" name="areaCreation" time="47.979"/>
</testsuite> <!-- automation.AdminTest.AreaModuleTest -->
