<?xml version="1.0" encoding="UTF-8"?>
<!-- Generated by org.testng.reporters.JUnitReportReporter -->
<testsuite hostname="000D2023258" failures="0" tests="1" name="automation.AdminTest.AllLoginTest" time="59.730" errors="0" timestamp="2024-04-18T09:49:30 CST" skipped="0">
  <testcase classname="automation.AdminTest.AllLoginTest" name="loginWithAccess" time="59.730"/>
</testsuite> <!-- automation.AdminTest.AllLoginTest -->
