<?xml version="1.0" encoding="UTF-8"?>
<!-- Generated by org.testng.reporters.JUnitReportReporter -->
<testsuite hostname="000D2023258" failures="0" tests="9" name="automation.AdminTest.UserModuleTest" time="389.389" errors="0" timestamp="2024-02-04T09:40:28 CST" skipped="0">
  <testcase classname="automation.AdminTest.UserModuleTest" name="userEmailDupValidation" time="26.935"/>
  <testcase classname="automation.AdminTest.UserModuleTest" name="userPageSelectRow" time="36.172"/>
  <testcase classname="automation.AdminTest.UserModuleTest" name="userPagePagenation" time="32.677"/>
  <testcase classname="automation.AdminTest.UserModuleTest" name="getCopyUserPassword" time="25.253"/>
  <testcase classname="automation.AdminTest.UserModuleTest" name="exitEnrollmentAlert" time="36.908"/>
  <testcase classname="automation.AdminTest.UserModuleTest" name="getCopyUserName" time="27.480"/>
  <testcase classname="automation.AdminTest.UserModuleTest" name="adminEnrollment" time="38.888"/>
  <testcase classname="automation.AdminTest.UserModuleTest" name="encoderEnrollment" time="140.103"/>
  <testcase classname="automation.AdminTest.UserModuleTest" name="editUserAccount" time="24.973"/>
</testsuite> <!-- automation.AdminTest.UserModuleTest -->
