<?xml version="1.0" encoding="UTF-8"?>
<!-- Generated by org.testng.reporters.JUnitReportReporter -->
<testsuite hostname="000D2023258" failures="0" tests="6" name="automation.AdminTest.PermissionTest" time="231.506" errors="0" timestamp="2024-02-04T00:56:13 CST" skipped="0">
  <testcase classname="automation.AdminTest.PermissionTest" name="setAllowExitToFalse" time="66.803"/>
  <testcase classname="automation.AdminTest.PermissionTest" name="setAllowExitToTrue" time="32.301"/>
  <testcase classname="automation.AdminTest.PermissionTest" name="userWithActiveStatus" time="36.148"/>
  <testcase classname="automation.AdminTest.PermissionTest" name="userWithPaymentAcceptanceSetToTrue" time="36.106"/>
  <testcase classname="automation.AdminTest.PermissionTest" name="userWithRestrictedStatus" time="29.390"/>
  <testcase classname="automation.AdminTest.PermissionTest" name="userWithPaymentAcceptanceSetToFalse" time="30.758"/>
</testsuite> <!-- automation.AdminTest.PermissionTest -->
