<?xml version="1.0" encoding="UTF-8"?>
<!-- Generated by org.testng.reporters.JUnitReportReporter -->
<testsuite hostname="000D2023258" failures="0" tests="14" name="automation.AdminTest.AreaModuleTest" time="442.522" errors="1" timestamp="2024-02-03T01:34:04 CST" skipped="0">
  <testcase classname="automation.AdminTest.AreaModuleTest" name="setMotorcycleCapacityPlusButtonToDisable" time="26.580"/>
  <testcase classname="automation.AdminTest.AreaModuleTest" name="fixedRateMaxLimit" time="32.819"/>
  <testcase classname="automation.AdminTest.AreaModuleTest" name="areaPagePagenation" time="36.237"/>
  <testcase classname="automation.AdminTest.AreaModuleTest" name="motorcycleCapacityInpuValidation" time="38.084"/>
  <testcase classname="automation.AdminTest.AreaModuleTest" name="areaPageSelectRow" time="35.387"/>
  <testcase classname="automation.AdminTest.AreaModuleTest" name="carCapacityInpuValidation" time="25.691"/>
  <testcase classname="automation.AdminTest.AreaModuleTest" name="areaNameDupValidation" time="35.421"/>
  <testcase classname="automation.AdminTest.AreaModuleTest" name="setCarCapacityMinusButtonToDisable" time="25.924"/>
  <testcase classname="automation.AdminTest.AreaModuleTest" name="exitCreationAlert" time="26.866"/>
  <testcase classname="automation.AdminTest.AreaModuleTest" name="setCMotorcycleCapacityPlusButtonToDisable" time="26.996"/>
  <testcase classname="automation.AdminTest.AreaModuleTest" name="areaCreation" time="41.115"/>
  <testcase classname="automation.AdminTest.AreaModuleTest" name="editParkingArea" time="32.808"/>
  <testcase classname="automation.AdminTest.AreaModuleTest" name="areaCodeDupValidation" time="31.472">
    <error message="Expected condition failed: waiting for visibility of [[ChromeDriver: chrome on windows (3e4793120f93296e17c624afa8e92632)] -&gt; css selector: img[alt=&#039;SM Logo&#039;]] (tried for 20 second(s) with 500 milliseconds interval)
Build info: version: &#039;4.17.0&#039;, revision: &#039;e52b1be057*&#039;
System info: os.name: &#039;Windows 10&#039;, os.arch: &#039;amd64&#039;, os.version: &#039;10.0&#039;, java.version: &#039;21.0.1&#039;
Driver info: org.openqa.selenium.chrome.ChromeDriver
Capabilities {acceptInsecureCerts: false, browserName: chrome, browserVersion: 121.0.6167.86, chrome: {chromedriverVersion: 121.0.6167.85 (3f98d690ad7e..., userDataDir: C:\Users\REN~1.CAS\AppData\...}, fedcm:accounts: true, goog:chromeOptions: {debuggerAddress: localhost:50098}, networkConnectionEnabled: false, pageLoadStrategy: normal, platformName: windows, proxy: Proxy(), se:cdp: ws://localhost:50098/devtoo..., se:cdpVersion: 121.0.6167.86, setWindowRect: true, strictFileInteractability: false, timeouts: {implicit: 0, pageLoad: 300000, script: 30000}, unhandledPromptBehavior: dismiss and notify, webauthn:extension:credBlob: true, webauthn:extension:largeBlob: true, webauthn:extension:minPinLength: true, webauthn:extension:prf: true, webauthn:virtualAuthenticators: true}
Session ID: 3e4793120f93296e17c624afa8e92632" type="org.openqa.selenium.TimeoutException">
      <![CDATA[org.openqa.selenium.TimeoutException: Expected condition failed: waiting for visibility of [[ChromeDriver: chrome on windows (3e4793120f93296e17c624afa8e92632)] -> css selector: img[alt='SM Logo']] (tried for 20 second(s) with 500 milliseconds interval)
Build info: version: '4.17.0', revision: 'e52b1be057*'
System info: os.name: 'Windows 10', os.arch: 'amd64', os.version: '10.0', java.version: '21.0.1'
Driver info: org.openqa.selenium.chrome.ChromeDriver
Capabilities {acceptInsecureCerts: false, browserName: chrome, browserVersion: 121.0.6167.86, chrome: {chromedriverVersion: 121.0.6167.85 (3f98d690ad7e..., userDataDir: C:\Users\REN~1.CAS\AppData\...}, fedcm:accounts: true, goog:chromeOptions: {debuggerAddress: localhost:50098}, networkConnectionEnabled: false, pageLoadStrategy: normal, platformName: windows, proxy: Proxy(), se:cdp: ws://localhost:50098/devtoo..., se:cdpVersion: 121.0.6167.86, setWindowRect: true, strictFileInteractability: false, timeouts: {implicit: 0, pageLoad: 300000, script: 30000}, unhandledPromptBehavior: dismiss and notify, webauthn:extension:credBlob: true, webauthn:extension:largeBlob: true, webauthn:extension:minPinLength: true, webauthn:extension:prf: true, webauthn:virtualAuthenticators: true}
Session ID: 3e4793120f93296e17c624afa8e92632
at org.openqa.selenium.support.ui.WebDriverWait.timeoutException(WebDriverWait.java:84)
at org.openqa.selenium.support.ui.FluentWait.until(FluentWait.java:228)
at automation.AbstractComponents.AbstractComponent.waitForWebElementToAppear(AbstractComponent.java:44)
at automation.PageObject.AreaModule.goToAreaPage(AreaModule.java:125)
at automation.AdminTest.AreaModuleTest.areaCodeDupValidation(AreaModuleTest.java:70)
at java.base/jdk.internal.reflect.DirectMethodHandleAccessor.invoke(DirectMethodHandleAccessor.java:103)
at java.base/java.lang.reflect.Method.invoke(Method.java:580)
at org.testng.internal.invokers.MethodInvocationHelper.invokeMethod(MethodInvocationHelper.java:139)
at org.testng.internal.invokers.TestInvoker.invokeMethod(TestInvoker.java:664)
at org.testng.internal.invokers.TestInvoker.invokeTestMethod(TestInvoker.java:228)
at org.testng.internal.invokers.MethodRunner.runInSequence(MethodRunner.java:63)
at org.testng.internal.invokers.TestInvoker$MethodInvocationAgent.invoke(TestInvoker.java:961)
at org.testng.internal.invokers.TestInvoker.invokeTestMethods(TestInvoker.java:201)
at org.testng.internal.invokers.TestMethodWorker.invokeTestMethods(TestMethodWorker.java:148)
at org.testng.internal.invokers.TestMethodWorker.run(TestMethodWorker.java:128)
at java.base/java.util.ArrayList.forEach(ArrayList.java:1596)
at org.testng.TestRunner.privateRun(TestRunner.java:819)
at org.testng.TestRunner.run(TestRunner.java:619)
at org.testng.SuiteRunner.runTest(SuiteRunner.java:443)
at org.testng.SuiteRunner.runSequentially(SuiteRunner.java:437)
at org.testng.SuiteRunner.privateRun(SuiteRunner.java:397)
at org.testng.SuiteRunner.run(SuiteRunner.java:336)
at org.testng.SuiteRunnerWorker.runSuite(SuiteRunnerWorker.java:52)
at org.testng.SuiteRunnerWorker.run(SuiteRunnerWorker.java:95)
at org.testng.TestNG.runSuitesSequentially(TestNG.java:1301)
at org.testng.TestNG.runSuitesLocally(TestNG.java:1228)
at org.testng.TestNG.runSuites(TestNG.java:1134)
at org.testng.TestNG.run(TestNG.java:1101)
at org.apache.maven.surefire.testng.TestNGExecutor.run(TestNGExecutor.java:308)
at org.apache.maven.surefire.testng.TestNGXmlTestSuite.execute(TestNGXmlTestSuite.java:71)
at org.apache.maven.surefire.testng.TestNGProvider.invoke(TestNGProvider.java:113)
at org.apache.maven.surefire.booter.ForkedBooter.runSuitesInProcess(ForkedBooter.java:385)
at org.apache.maven.surefire.booter.ForkedBooter.execute(ForkedBooter.java:162)
at org.apache.maven.surefire.booter.ForkedBooter.run(ForkedBooter.java:507)
at org.apache.maven.surefire.booter.ForkedBooter.main(ForkedBooter.java:495)
]]>
    </error>
  </testcase> <!-- areaCodeDupValidation -->
  <testcase classname="automation.AdminTest.AreaModuleTest" name="setCarCapacityPlusButtonToDisable" time="27.122"/>
</testsuite> <!-- automation.AdminTest.AreaModuleTest -->
