<?xml version="1.0" encoding="UTF-8"?>
<!-- Generated by org.testng.reporters.JUnitReportReporter -->
<testsuite hostname="000D2023258" failures="0" tests="4" name="automation.AdminTest.AllLoginTest" time="51.030" errors="0" timestamp="2024-01-31T09:00:22 CST" skipped="0">
  <testcase classname="automation.AdminTest.AllLoginTest" name="loginWithInvalidUserName" time="6.743"/>
  <testcase classname="automation.AdminTest.AllLoginTest" name="loginWithAccess" time="30.243"/>
  <testcase classname="automation.AdminTest.AllLoginTest" name="loginWithInvalidPassword" time="8.127"/>
  <testcase classname="automation.AdminTest.AllLoginTest" name="loginWithoutAccess" time="5.917"/>
</testsuite> <!-- automation.AdminTest.AllLoginTest -->
