<?xml version="1.0" encoding="UTF-8"?>
<!-- Generated by org.testng.reporters.JUnitReportReporter -->
<testsuite hostname="000D2023258" failures="0" tests="6" name="automation.AdminTest.PermissionTest" time="187.605" errors="0" timestamp="2024-02-05T00:50:27 CST" skipped="0">
  <testcase classname="automation.AdminTest.PermissionTest" name="userWithActiveStatus" time="26.259"/>
  <testcase classname="automation.AdminTest.PermissionTest" name="userWithRestrictedStatus" time="22.518"/>
  <testcase classname="automation.AdminTest.PermissionTest" name="setAllowExitToFalse" time="58.390"/>
  <testcase classname="automation.AdminTest.PermissionTest" name="setAllowExitToTrue" time="26.208"/>
  <testcase classname="automation.AdminTest.PermissionTest" name="userWithPaymentAcceptanceSetToFalse" time="23.842"/>
  <testcase classname="automation.AdminTest.PermissionTest" name="userWithPaymentAcceptanceSetToTrue" time="30.388"/>
</testsuite> <!-- automation.AdminTest.PermissionTest -->
