<?xml version="1.0" encoding="UTF-8"?>
<!-- Generated by org.testng.reporters.JUnitReportReporter -->
<testsuite hostname="000D2023258" failures="0" tests="7" name="automation.AdminTest.FilterAndSearchTest" time="136.794" errors="0" timestamp="2024-01-31T19:36:06 CST" skipped="0">
  <testcase classname="automation.AdminTest.FilterAndSearchTest" name="parkingAreaCodeSearch" time="22.051"/>
  <testcase classname="automation.AdminTest.FilterAndSearchTest" name="userLastNameSearch" time="18.190"/>
  <testcase classname="automation.AdminTest.FilterAndSearchTest" name="userNameSearch" time="18.982"/>
  <testcase classname="automation.AdminTest.FilterAndSearchTest" name="filterByAdminRole" time="19.676"/>
  <testcase classname="automation.AdminTest.FilterAndSearchTest" name="filterByEncoderRole" time="19.517"/>
  <testcase classname="automation.AdminTest.FilterAndSearchTest" name="parkingNameSearch" time="19.893"/>
  <testcase classname="automation.AdminTest.FilterAndSearchTest" name="userEmailSearch" time="18.485"/>
</testsuite> <!-- automation.AdminTest.FilterAndSearchTest -->
