<?xml version="1.0" encoding="UTF-8"?>
<!-- Generated by org.testng.reporters.JUnitReportReporter -->
<testsuite hostname="000D2023258" failures="0" tests="9" name="automation.AdminTest.UserModuleTest" time="299.518" errors="0" timestamp="2024-02-12T22:07:11 CST" skipped="0">
  <testcase classname="automation.AdminTest.UserModuleTest" name="getCopyUserName" time="25.512"/>
  <testcase classname="automation.AdminTest.UserModuleTest" name="userPagePagenation" time="36.580"/>
  <testcase classname="automation.AdminTest.UserModuleTest" name="getCopyUserPassword" time="25.929"/>
  <testcase classname="automation.AdminTest.UserModuleTest" name="exitEnrollmentAlert" time="26.017"/>
  <testcase classname="automation.AdminTest.UserModuleTest" name="userPageSelectRow" time="35.001"/>
  <testcase classname="automation.AdminTest.UserModuleTest" name="userEmailDupValidation" time="26.281"/>
  <testcase classname="automation.AdminTest.UserModuleTest" name="adminEnrollment" time="39.073"/>
  <testcase classname="automation.AdminTest.UserModuleTest" name="encoderEnrollment" time="47.150"/>
  <testcase classname="automation.AdminTest.UserModuleTest" name="editUserAccount" time="37.975"/>
</testsuite> <!-- automation.AdminTest.UserModuleTest -->
