<?xml version="1.0" encoding="UTF-8"?>
<!-- Generated by org.testng.reporters.JUnitReportReporter -->
<testsuite hostname="000D2023258" failures="0" tests="14" name="automation.AdminTest.AreaModuleTest" time="455.823" errors="0" timestamp="2024-02-04T00:56:13 CST" skipped="0">
  <testcase classname="automation.AdminTest.AreaModuleTest" name="areaCreation" time="43.658"/>
  <testcase classname="automation.AdminTest.AreaModuleTest" name="exitCreationAlert" time="36.281"/>
  <testcase classname="automation.AdminTest.AreaModuleTest" name="fixedRateMaxLimit" time="35.099"/>
  <testcase classname="automation.AdminTest.AreaModuleTest" name="motorcycleCapacityInputValidation" time="26.308"/>
  <testcase classname="automation.AdminTest.AreaModuleTest" name="setCarCapacityPlusButtonToDisable" time="28.065"/>
  <testcase classname="automation.AdminTest.AreaModuleTest" name="setMotorcycleCapacityPlusButtonToDisable" time="27.411"/>
  <testcase classname="automation.AdminTest.AreaModuleTest" name="areaNameDupValidation" time="41.344"/>
  <testcase classname="automation.AdminTest.AreaModuleTest" name="areaCodeDupValidation" time="32.039"/>
  <testcase classname="automation.AdminTest.AreaModuleTest" name="setCMotorcycleCapacityPlusButtonToDisable" time="27.979"/>
  <testcase classname="automation.AdminTest.AreaModuleTest" name="areaPagePagenation" time="33.345"/>
  <testcase classname="automation.AdminTest.AreaModuleTest" name="editParkingArea" time="34.585"/>
  <testcase classname="automation.AdminTest.AreaModuleTest" name="areaPageSelectRow" time="36.026"/>
  <testcase classname="automation.AdminTest.AreaModuleTest" name="carCapacityInputValidation" time="25.907"/>
  <testcase classname="automation.AdminTest.AreaModuleTest" name="setCarCapacityMinusButtonToDisable" time="27.776"/>
</testsuite> <!-- automation.AdminTest.AreaModuleTest -->
