<?xml version="1.0" encoding="UTF-8"?>
<!-- Generated by org.testng.reporters.JUnitReportReporter -->
<testsuite hostname="000D2023258" failures="0" tests="8" name="automation.AdminTest.AreaCreationTest" time="295.167" errors="0" timestamp="2024-01-31T11:47:10 CST" skipped="0">
  <testcase classname="automation.AdminTest.AreaCreationTest" name="areaCodeDupValidation" time="29.816"/>
  <testcase classname="automation.AdminTest.AreaCreationTest" name="areaNameDupValidation" time="33.842"/>
  <testcase classname="automation.AdminTest.AreaCreationTest" name="editParkingArea" time="36.102"/>
  <testcase classname="automation.AdminTest.AreaCreationTest" name="areaPageSelectRow" time="34.002"/>
  <testcase classname="automation.AdminTest.AreaCreationTest" name="exitCreationAlert" time="26.776"/>
  <testcase classname="automation.AdminTest.AreaCreationTest" name="areaCreation" time="39.496"/>
  <testcase classname="automation.AdminTest.AreaCreationTest" name="areaPagePagenation" time="56.845"/>
  <testcase classname="automation.AdminTest.AreaCreationTest" name="fixedRateMaxLimit" time="38.288"/>
</testsuite> <!-- automation.AdminTest.AreaCreationTest -->
