<?xml version="1.0" encoding="UTF-8"?>
<!-- Generated by org.testng.reporters.JUnitReportReporter -->
<testsuite hostname="000D2023258" failures="0" tests="9" name="automation.AdminTest.UserModuleTest" time="292.843" errors="0" timestamp="2024-02-04T13:15:37 CST" skipped="0">
  <testcase classname="automation.AdminTest.UserModuleTest" name="getCopyUserName" time="26.278"/>
  <testcase classname="automation.AdminTest.UserModuleTest" name="exitEnrollmentAlert" time="23.136"/>
  <testcase classname="automation.AdminTest.UserModuleTest" name="userEmailDupValidation" time="26.341"/>
  <testcase classname="automation.AdminTest.UserModuleTest" name="userPagePagenation" time="44.467"/>
  <testcase classname="automation.AdminTest.UserModuleTest" name="getCopyUserPassword" time="25.040"/>
  <testcase classname="automation.AdminTest.UserModuleTest" name="userPageSelectRow" time="40.778"/>
  <testcase classname="automation.AdminTest.UserModuleTest" name="adminEnrollment" time="38.622"/>
  <testcase classname="automation.AdminTest.UserModuleTest" name="encoderEnrollment" time="44.121"/>
  <testcase classname="automation.AdminTest.UserModuleTest" name="editUserAccount" time="24.060"/>
</testsuite> <!-- automation.AdminTest.UserModuleTest -->
