<?xml version="1.0" encoding="UTF-8"?>
<!-- Generated by org.testng.reporters.JUnitReportReporter -->
<testsuite hostname="000D2023258" failures="0" tests="7" name="automation.AdminTest.FilterAndSearchTest" time="153.869" errors="0" timestamp="2024-02-04T13:15:37 CST" skipped="0">
  <testcase classname="automation.AdminTest.FilterAndSearchTest" name="parkingNameSearch" time="29.729"/>
  <testcase classname="automation.AdminTest.FilterAndSearchTest" name="userLastNameSearch" time="28.083"/>
  <testcase classname="automation.AdminTest.FilterAndSearchTest" name="userEmailSearch" time="16.554"/>
  <testcase classname="automation.AdminTest.FilterAndSearchTest" name="filterByEncoderRole" time="19.578"/>
  <testcase classname="automation.AdminTest.FilterAndSearchTest" name="filterByAdminRole" time="19.733"/>
  <testcase classname="automation.AdminTest.FilterAndSearchTest" name="parkingAreaCodeSearch" time="22.478"/>
  <testcase classname="automation.AdminTest.FilterAndSearchTest" name="userFirstNameSearch" time="17.714"/>
</testsuite> <!-- automation.AdminTest.FilterAndSearchTest -->
