<?xml version="1.0" encoding="UTF-8"?>
<!-- Generated by org.testng.reporters.JUnitReportReporter -->
<testsuite hostname="000D2023258" failures="0" tests="6" name="automation.AdminTest.UserEnrollmentTest" time="155.601" errors="0" timestamp="2024-01-31T23:28:06 CST" skipped="0">
  <testcase classname="automation.AdminTest.UserEnrollmentTest" name="exitEnrollmentAlert" time="27.142"/>
  <testcase classname="automation.AdminTest.UserEnrollmentTest" name="userPagePagenation" time="28.783"/>
  <testcase classname="automation.AdminTest.UserEnrollmentTest" name="userPageSelectRow" time="30.441"/>
  <testcase classname="automation.AdminTest.UserEnrollmentTest" name="userEmailDupValidation" time="20.279"/>
  <testcase classname="automation.AdminTest.UserEnrollmentTest" name="userEnrollment" time="22.594"/>
  <testcase classname="automation.AdminTest.UserEnrollmentTest" name="editUserAccount" time="26.362"/>
</testsuite> <!-- automation.AdminTest.UserEnrollmentTest -->
