<?xml version="1.0" encoding="UTF-8"?>
<!-- Generated by org.testng.reporters.JUnitReportReporter -->
<testsuite hostname="000D2023258" failures="0" tests="8" name="automation.AdminTest.AreaCreationTest" time="208.877" errors="0" timestamp="2024-01-30T17:32:21 CST" skipped="0">
  <testcase classname="automation.AdminTest.AreaCreationTest" name="areaCodeDupValidation" time="20.808"/>
  <testcase classname="automation.AdminTest.AreaCreationTest" name="editParkingArea" time="28.874"/>
  <testcase classname="automation.AdminTest.AreaCreationTest" name="areaNameDupValidation" time="24.839"/>
  <testcase classname="automation.AdminTest.AreaCreationTest" name="exitCreationAlert" time="17.694"/>
  <testcase classname="automation.AdminTest.AreaCreationTest" name="fixedRateMaxLimit" time="21.731"/>
  <testcase classname="automation.AdminTest.AreaCreationTest" name="areaPagePagenation" time="37.583"/>
  <testcase classname="automation.AdminTest.AreaCreationTest" name="areaCreation" time="29.570"/>
  <testcase classname="automation.AdminTest.AreaCreationTest" name="areaPageSelectRow" time="27.778"/>
</testsuite> <!-- automation.AdminTest.AreaCreationTest -->
