<?xml version="1.0" encoding="UTF-8"?>
<!-- Generated by org.testng.reporters.JUnitReportReporter -->
<testsuite hostname="000D2023258" failures="0" tests="7" name="automation.AdminTest.FilterAndSearchTest" time="119.174" errors="0" timestamp="2024-05-06T19:39:39 CST" skipped="0">
  <testcase classname="automation.AdminTest.FilterAndSearchTest" name="filterByEncoderRole" time="16.056"/>
  <testcase classname="automation.AdminTest.FilterAndSearchTest" name="parkingNameSearch" time="22.958"/>
  <testcase classname="automation.AdminTest.FilterAndSearchTest" name="parkingAreaCodeSearch" time="26.545"/>
  <testcase classname="automation.AdminTest.FilterAndSearchTest" name="filterByAdminRole" time="16.163"/>
  <testcase classname="automation.AdminTest.FilterAndSearchTest" name="userEmailSearch" time="12.351"/>
  <testcase classname="automation.AdminTest.FilterAndSearchTest" name="userFirstNameSearch" time="12.666"/>
  <testcase classname="automation.AdminTest.FilterAndSearchTest" name="userLastNameSearch" time="12.435"/>
</testsuite> <!-- automation.AdminTest.FilterAndSearchTest -->
