<?xml version="1.0" encoding="UTF-8"?>
<!-- Generated by org.testng.reporters.JUnitReportReporter -->
<testsuite hostname="000D2023258" failures="0" tests="14" name="automation.AdminTest.AreaModuleTest" time="380.291" errors="0" timestamp="2024-02-02T22:52:46 CST" skipped="0">
  <testcase classname="automation.AdminTest.AreaModuleTest" name="areaNameDupValidation" time="32.762"/>
  <testcase classname="automation.AdminTest.AreaModuleTest" name="areaCreation" time="36.361"/>
  <testcase classname="automation.AdminTest.AreaModuleTest" name="setCMotorcycleCapacityPlusButtonToDisable" time="21.618"/>
  <testcase classname="automation.AdminTest.AreaModuleTest" name="setCarCapacityMinusButtonToDisable" time="21.802"/>
  <testcase classname="automation.AdminTest.AreaModuleTest" name="setCarCapacityPlusButtonToDisable" time="21.614"/>
  <testcase classname="automation.AdminTest.AreaModuleTest" name="areaPageSelectRow" time="34.133"/>
  <testcase classname="automation.AdminTest.AreaModuleTest" name="setMotorcycleCapacityPlusButtonToDisable" time="21.626"/>
  <testcase classname="automation.AdminTest.AreaModuleTest" name="exitCreationAlert" time="22.726"/>
  <testcase classname="automation.AdminTest.AreaModuleTest" name="motorcycleCapacityInpuValidation" time="30.085"/>
  <testcase classname="automation.AdminTest.AreaModuleTest" name="areaCodeDupValidation" time="27.898"/>
  <testcase classname="automation.AdminTest.AreaModuleTest" name="fixedRateMaxLimit" time="28.913"/>
  <testcase classname="automation.AdminTest.AreaModuleTest" name="editParkingArea" time="28.458"/>
  <testcase classname="automation.AdminTest.AreaModuleTest" name="carCapacityInpuValidation" time="23.474"/>
  <testcase classname="automation.AdminTest.AreaModuleTest" name="areaPagePagenation" time="28.821"/>
</testsuite> <!-- automation.AdminTest.AreaModuleTest -->
