<?xml version="1.0" encoding="UTF-8"?>
<!-- Generated by org.testng.reporters.JUnitReportReporter -->
<testsuite hostname="000D2023258" failures="0" tests="4" name="automation.AdminTest.AllLoginTest" time="60.799" errors="0" timestamp="2024-02-02T21:05:48 CST" skipped="0">
  <testcase classname="automation.AdminTest.AllLoginTest" name="loginWithAccess" time="16.556"/>
  <testcase classname="automation.AdminTest.AllLoginTest" name="loginWithInvalidPassword" time="13.367"/>
  <testcase classname="automation.AdminTest.AllLoginTest" name="loginWithoutAccess" time="19.208"/>
  <testcase classname="automation.AdminTest.AllLoginTest" name="loginWithInvalidUserName" time="11.668"/>
</testsuite> <!-- automation.AdminTest.AllLoginTest -->
