<?xml version="1.0" encoding="UTF-8"?>
<!-- Generated by org.testng.reporters.JUnitReportReporter -->
<testsuite hostname="000D2023258" failures="0" tests="14" name="automation.AdminTest.AreaModuleTest" time="373.105" errors="0" timestamp="2024-05-06T19:39:39 CST" skipped="0">
  <testcase classname="automation.AdminTest.AreaModuleTest" name="areaNameDupValidation" time="29.186"/>
  <testcase classname="automation.AdminTest.AreaModuleTest" name="setCarCapacityMinusButtonToDisable" time="22.028"/>
  <testcase classname="automation.AdminTest.AreaModuleTest" name="areaPagePagenation" time="21.483"/>
  <testcase classname="automation.AdminTest.AreaModuleTest" name="fixedRateMaxLimit" time="27.197"/>
  <testcase classname="automation.AdminTest.AreaModuleTest" name="motorcycleCapacityInputValidation" time="19.691"/>
  <testcase classname="automation.AdminTest.AreaModuleTest" name="exitCreationAlert" time="23.728"/>
  <testcase classname="automation.AdminTest.AreaModuleTest" name="setCarCapacityPlusButtonToDisable" time="24.496"/>
  <testcase classname="automation.AdminTest.AreaModuleTest" name="carCapacityInputValidation" time="20.806"/>
  <testcase classname="automation.AdminTest.AreaModuleTest" name="validateUpdateParkingArea" time="33.070"/>
  <testcase classname="automation.AdminTest.AreaModuleTest" name="setCMotorcycleCapacityPlusButtonToDisable" time="21.183"/>
  <testcase classname="automation.AdminTest.AreaModuleTest" name="areaPageSelectRow" time="31.202"/>
  <testcase classname="automation.AdminTest.AreaModuleTest" name="setMotorcycleCapacityPlusButtonToDisable" time="21.676"/>
  <testcase classname="automation.AdminTest.AreaModuleTest" name="areaCodeDupValidation" time="23.460"/>
  <testcase classname="automation.AdminTest.AreaModuleTest" name="areaCreation" time="53.899"/>
</testsuite> <!-- automation.AdminTest.AreaModuleTest -->
