<?xml version="1.0" encoding="UTF-8"?>
<!-- Generated by org.testng.reporters.JUnitReportReporter -->
<testsuite hostname="000D2023258" failures="0" tests="4" name="automation.AdminTest.AllLoginTest" time="35.060" errors="0" timestamp="2024-05-08T16:28:33 CST" skipped="0">
  <testcase classname="automation.AdminTest.AllLoginTest" name="loginWithInvalidPassword" time="9.430"/>
  <testcase classname="automation.AdminTest.AllLoginTest" name="loginWithoutAccess" time="7.963"/>
  <testcase classname="automation.AdminTest.AllLoginTest" name="loginWithAccess" time="10.230"/>
  <testcase classname="automation.AdminTest.AllLoginTest" name="loginWithInvalidUserName" time="7.437"/>
</testsuite> <!-- automation.AdminTest.AllLoginTest -->
