<?xml version="1.0" encoding="UTF-8"?>
<!-- Generated by org.testng.reporters.JUnitReportReporter -->
<testsuite hostname="000D2023258" failures="0" tests="11" name="automation.AdminTest.UserModuleTest" time="315.889" errors="0" timestamp="2024-05-06T19:39:39 CST" skipped="0">
  <testcase classname="automation.AdminTest.UserModuleTest" name="exitEnrollmentAlert" time="28.910"/>
  <testcase classname="automation.AdminTest.UserModuleTest" name="userEmailDupValidation" time="21.348"/>
  <testcase classname="automation.AdminTest.UserModuleTest" name="getCopyUserName" time="21.702"/>
  <testcase classname="automation.AdminTest.UserModuleTest" name="getCopyUserPassword" time="19.912"/>
  <testcase classname="automation.AdminTest.UserModuleTest" name="userPagePagenation" time="21.579"/>
  <testcase classname="automation.AdminTest.UserModuleTest" name="userPageSelectRow" time="31.324"/>
  <testcase classname="automation.AdminTest.UserModuleTest" name="adminEnrollment" time="32.718"/>
  <testcase classname="automation.AdminTest.UserModuleTest" name="cashierEnrollment" time="41.411"/>
  <testcase classname="automation.AdminTest.UserModuleTest" name="encoderEnrollment" time="38.109"/>
  <testcase classname="automation.AdminTest.UserModuleTest" name="managerEnrollment" time="38.089"/>
  <testcase classname="automation.AdminTest.UserModuleTest" name="editUserAccount" time="20.787"/>
</testsuite> <!-- automation.AdminTest.UserModuleTest -->
