<?xml version="1.0" encoding="UTF-8"?>
<!-- Generated by org.testng.reporters.JUnitReportReporter -->
<testsuite hostname="000D2023258" failures="0" tests="4" name="automation.AdminTest.AllLoginTest" time="62.212" errors="0" timestamp="2024-02-20T18:56:01 CST" skipped="0">
  <testcase classname="automation.AdminTest.AllLoginTest" name="loginWithInvalidPassword" time="19.041"/>
  <testcase classname="automation.AdminTest.AllLoginTest" name="loginWithoutAccess" time="6.198"/>
  <testcase classname="automation.AdminTest.AllLoginTest" name="loginWithAccess" time="30.924"/>
  <testcase classname="automation.AdminTest.AllLoginTest" name="loginWithInvalidUserName" time="6.049"/>
</testsuite> <!-- automation.AdminTest.AllLoginTest -->
