<?xml version="1.0" encoding="UTF-8"?>
<!-- Generated by org.testng.reporters.JUnitReportReporter -->
<testsuite hostname="000D2023258" failures="0" tests="9" name="automation.AdminTest.UserModuleTest" time="221.807" errors="0" timestamp="2024-02-05T10:44:51 CST" skipped="0">
  <testcase classname="automation.AdminTest.UserModuleTest" name="userEmailDupValidation" time="19.856"/>
  <testcase classname="automation.AdminTest.UserModuleTest" name="userPagePagenation" time="31.150"/>
  <testcase classname="automation.AdminTest.UserModuleTest" name="userPageSelectRow" time="28.755"/>
  <testcase classname="automation.AdminTest.UserModuleTest" name="getCopyUserPassword" time="20.532"/>
  <testcase classname="automation.AdminTest.UserModuleTest" name="exitEnrollmentAlert" time="16.486"/>
  <testcase classname="automation.AdminTest.UserModuleTest" name="getCopyUserName" time="19.313"/>
  <testcase classname="automation.AdminTest.UserModuleTest" name="adminEnrollment" time="31.466"/>
  <testcase classname="automation.AdminTest.UserModuleTest" name="encoderEnrollment" time="36.355"/>
  <testcase classname="automation.AdminTest.UserModuleTest" name="editUserAccount" time="17.894"/>
</testsuite> <!-- automation.AdminTest.UserModuleTest -->
