<?xml version="1.0" encoding="UTF-8"?>
<!-- Generated by org.testng.reporters.JUnitReportReporter -->
<testsuite hostname="000D2023258" failures="0" tests="4" name="automation.AdminTest.AllLoginTest" time="102.905" errors="0" timestamp="2024-02-03T19:46:47 CST" skipped="0">
  <testcase classname="automation.AdminTest.AllLoginTest" name="loginWithoutAccess" time="60.738"/>
  <testcase classname="automation.AdminTest.AllLoginTest" name="loginWithInvalidPassword" time="11.219"/>
  <testcase classname="automation.AdminTest.AllLoginTest" name="loginWithAccess" time="17.659"/>
  <testcase classname="automation.AdminTest.AllLoginTest" name="loginWithInvalidUserName" time="13.289"/>
</testsuite> <!-- automation.AdminTest.AllLoginTest -->
