<?xml version="1.0" encoding="UTF-8"?>
<!-- Generated by org.testng.reporters.JUnitReportReporter -->
<testsuite hostname="000D2023258" failures="0" tests="4" name="automation.AdminTest.AllLoginTest" time="68.819" errors="0" timestamp="2024-02-02T22:52:46 CST" skipped="0">
  <testcase classname="automation.AdminTest.AllLoginTest" name="loginWithInvalidPassword" time="28.465"/>
  <testcase classname="automation.AdminTest.AllLoginTest" name="loginWithoutAccess" time="6.964"/>
  <testcase classname="automation.AdminTest.AllLoginTest" name="loginWithAccess" time="26.143"/>
  <testcase classname="automation.AdminTest.AllLoginTest" name="loginWithInvalidUserName" time="7.247"/>
</testsuite> <!-- automation.AdminTest.AllLoginTest -->
