<?xml version="1.0" encoding="UTF-8"?>
<!-- Generated by org.testng.reporters.JUnitReportReporter -->
<testsuite hostname="000D2023258" failures="0" tests="7" name="automation.AdminTest.FilterAndSearchTest" time="107.837" errors="0" timestamp="2024-02-05T00:50:27 CST" skipped="0">
  <testcase classname="automation.AdminTest.FilterAndSearchTest" name="parkingNameSearch" time="17.267"/>
  <testcase classname="automation.AdminTest.FilterAndSearchTest" name="filterByAdminRole" time="23.943"/>
  <testcase classname="automation.AdminTest.FilterAndSearchTest" name="userLastNameSearch" time="10.783"/>
  <testcase classname="automation.AdminTest.FilterAndSearchTest" name="userEmailSearch" time="10.856"/>
  <testcase classname="automation.AdminTest.FilterAndSearchTest" name="parkingAreaCodeSearch" time="17.277"/>
  <testcase classname="automation.AdminTest.FilterAndSearchTest" name="userFirstNameSearch" time="11.027"/>
  <testcase classname="automation.AdminTest.FilterAndSearchTest" name="filterByEncoderRole" time="16.684"/>
</testsuite> <!-- automation.AdminTest.FilterAndSearchTest -->
