<?xml version="1.0" encoding="UTF-8"?>
<!-- Generated by org.testng.reporters.JUnitReportReporter -->
<testsuite hostname="000D2023258" failures="0" tests="7" name="automation.AdminTest.FilterAndSearchTest" time="113.279" errors="0" timestamp="2024-01-31T09:00:22 CST" skipped="0">
  <testcase classname="automation.AdminTest.FilterAndSearchTest" name="filterByAdminRole" time="15.673"/>
  <testcase classname="automation.AdminTest.FilterAndSearchTest" name="parkingAreaCodeSearch" time="17.687"/>
  <testcase classname="automation.AdminTest.FilterAndSearchTest" name="userEmailSearch" time="14.914"/>
  <testcase classname="automation.AdminTest.FilterAndSearchTest" name="userLastNameSearch" time="14.813"/>
  <testcase classname="automation.AdminTest.FilterAndSearchTest" name="userNameSearch" time="18.874"/>
  <testcase classname="automation.AdminTest.FilterAndSearchTest" name="filterByEncoderRole" time="15.615"/>
  <testcase classname="automation.AdminTest.FilterAndSearchTest" name="parkingNameSearch" time="15.703"/>
</testsuite> <!-- automation.AdminTest.FilterAndSearchTest -->
