<?xml version="1.0" encoding="UTF-8"?>
<!-- Generated by org.testng.reporters.JUnitReportReporter -->
<testsuite hostname="000D2023258" failures="0" tests="9" name="automation.AdminTest.UserModuleTest" time="221.725" errors="0" timestamp="2024-02-05T00:50:27 CST" skipped="0">
  <testcase classname="automation.AdminTest.UserModuleTest" name="userPagePagenation" time="26.292"/>
  <testcase classname="automation.AdminTest.UserModuleTest" name="userPageSelectRow" time="28.827"/>
  <testcase classname="automation.AdminTest.UserModuleTest" name="getCopyUserName" time="20.164"/>
  <testcase classname="automation.AdminTest.UserModuleTest" name="getCopyUserPassword" time="19.104"/>
  <testcase classname="automation.AdminTest.UserModuleTest" name="exitEnrollmentAlert" time="16.993"/>
  <testcase classname="automation.AdminTest.UserModuleTest" name="userEmailDupValidation" time="22.821"/>
  <testcase classname="automation.AdminTest.UserModuleTest" name="adminEnrollment" time="31.817"/>
  <testcase classname="automation.AdminTest.UserModuleTest" name="encoderEnrollment" time="36.951"/>
  <testcase classname="automation.AdminTest.UserModuleTest" name="editUserAccount" time="18.756"/>
</testsuite> <!-- automation.AdminTest.UserModuleTest -->
