<?xml version="1.0" encoding="UTF-8"?>
<!-- Generated by org.testng.reporters.JUnitReportReporter -->
<testsuite hostname="000D2023258" failures="0" tests="14" name="automation.AdminTest.AreaCreationTest" time="491.351" errors="0" timestamp="2024-01-31T19:36:06 CST" skipped="0">
  <testcase classname="automation.AdminTest.AreaCreationTest" name="setCMotorcycleCapacityPlusButtonToDisable" time="33.129"/>
  <testcase classname="automation.AdminTest.AreaCreationTest" name="setCarCapacityPlusButtonToDisable" time="28.257"/>
  <testcase classname="automation.AdminTest.AreaCreationTest" name="areaCreation" time="41.951"/>
  <testcase classname="automation.AdminTest.AreaCreationTest" name="exitCreationAlert" time="36.340"/>
  <testcase classname="automation.AdminTest.AreaCreationTest" name="setCarCapacityMinusButtonToDisable" time="28.115"/>
  <testcase classname="automation.AdminTest.AreaCreationTest" name="editParkingArea" time="36.155"/>
  <testcase classname="automation.AdminTest.AreaCreationTest" name="areaNameDupValidation" time="39.463"/>
  <testcase classname="automation.AdminTest.AreaCreationTest" name="areaPageSelectRow" time="34.075"/>
  <testcase classname="automation.AdminTest.AreaCreationTest" name="carCapacityInpuValidation" time="26.686"/>
  <testcase classname="automation.AdminTest.AreaCreationTest" name="fixedRateMaxLimit" time="35.181"/>
  <testcase classname="automation.AdminTest.AreaCreationTest" name="motorcycleCapacityInpuValidation" time="27.583"/>
  <testcase classname="automation.AdminTest.AreaCreationTest" name="setMotorcycleCapacityPlusButtonToDisable" time="30.578"/>
  <testcase classname="automation.AdminTest.AreaCreationTest" name="areaCodeDupValidation" time="37.333"/>
  <testcase classname="automation.AdminTest.AreaCreationTest" name="areaPagePagenation" time="56.505"/>
</testsuite> <!-- automation.AdminTest.AreaCreationTest -->
