<?xml version="1.0" encoding="UTF-8"?>
<!-- Generated by org.testng.reporters.JUnitReportReporter -->
<<<<<<< HEAD
<testsuite hostname="000D2023258" failures="0" tests="4" name="automation.AdminTest.AllLoginTest" time="54.322" errors="0" timestamp="2024-02-05T17:14:04 CST" skipped="0">
  <testcase classname="automation.AdminTest.AllLoginTest" name="loginWithInvalidPassword" time="18.957"/>
  <testcase classname="automation.AdminTest.AllLoginTest" name="loginWithAccess" time="23.689"/>
  <testcase classname="automation.AdminTest.AllLoginTest" name="loginWithInvalidUserName" time="5.778"/>
  <testcase classname="automation.AdminTest.AllLoginTest" name="loginWithoutAccess" time="5.898"/>
=======
<testsuite hostname="000D2023258" failures="0" tests="4" name="automation.AdminTest.AllLoginTest" time="78.591" errors="0" timestamp="2024-02-05T15:27:27 CST" skipped="0">
  <testcase classname="automation.AdminTest.AllLoginTest" name="loginWithAccess" time="23.459"/>
  <testcase classname="automation.AdminTest.AllLoginTest" name="loginWithInvalidUserName" time="6.097"/>
  <testcase classname="automation.AdminTest.AllLoginTest" name="loginWithInvalidPassword" time="43.398"/>
  <testcase classname="automation.AdminTest.AllLoginTest" name="loginWithoutAccess" time="5.637"/>
>>>>>>> develop
</testsuite> <!-- automation.AdminTest.AllLoginTest -->
