<?xml version="1.0" encoding="UTF-8"?>
<!-- Generated by org.testng.reporters.JUnitReportReporter -->
<testsuite hostname="000D2023258" failures="0" tests="7" name="automation.AdminTest.FilterAndSearchTest" time="120.223" errors="0" timestamp="2024-02-02T15:00:34 CST" skipped="0">
  <testcase classname="automation.AdminTest.FilterAndSearchTest" name="parkingAreaCodeSearch" time="19.155"/>
  <testcase classname="automation.AdminTest.FilterAndSearchTest" name="parkingNameSearch" time="16.880"/>
  <testcase classname="automation.AdminTest.FilterAndSearchTest" name="userNameSearch" time="17.817"/>
  <testcase classname="automation.AdminTest.FilterAndSearchTest" name="userLastNameSearch" time="17.833"/>
  <testcase classname="automation.AdminTest.FilterAndSearchTest" name="filterByAdminRole" time="16.167"/>
  <testcase classname="automation.AdminTest.FilterAndSearchTest" name="userEmailSearch" time="16.017"/>
  <testcase classname="automation.AdminTest.FilterAndSearchTest" name="filterByEncoderRole" time="16.354"/>
</testsuite> <!-- automation.AdminTest.FilterAndSearchTest -->
