<?xml version="1.0" encoding="UTF-8"?>
<!-- Generated by org.testng.reporters.JUnitReportReporter -->
<testsuite hostname="000D2023258" failures="0" tests="4" name="automation.AdminTest.AllLoginTest" time="35.688" errors="0" timestamp="2024-05-06T19:39:39 CST" skipped="0">
  <testcase classname="automation.AdminTest.AllLoginTest" name="loginWithAccess" time="11.626"/>
  <testcase classname="automation.AdminTest.AllLoginTest" name="loginWithInvalidPassword" time="9.321"/>
  <testcase classname="automation.AdminTest.AllLoginTest" name="loginWithoutAccess" time="7.268"/>
  <testcase classname="automation.AdminTest.AllLoginTest" name="loginWithInvalidUserName" time="7.473"/>
</testsuite> <!-- automation.AdminTest.AllLoginTest -->
