<?xml version="1.0" encoding="UTF-8"?>
<!-- Generated by org.testng.reporters.JUnitReportReporter -->
<testsuite hostname="000D2023258" failures="0" tests="4" name="automation.AdminTest.AllLoginTest" time="82.640" errors="0" timestamp="2024-02-03T01:34:04 CST" skipped="0">
  <testcase classname="automation.AdminTest.AllLoginTest" name="loginWithAccess" time="16.674"/>
  <testcase classname="automation.AdminTest.AllLoginTest" name="loginWithoutAccess" time="11.916"/>
  <testcase classname="automation.AdminTest.AllLoginTest" name="loginWithInvalidPassword" time="39.678"/>
  <testcase classname="automation.AdminTest.AllLoginTest" name="loginWithInvalidUserName" time="14.372"/>
</testsuite> <!-- automation.AdminTest.AllLoginTest -->
