<?xml version="1.0" encoding="UTF-8"?>
<!-- Generated by org.testng.reporters.JUnitReportReporter -->
<testsuite hostname="000D2023258" failures="0" tests="7" name="automation.AdminTest.FilterAndSearchTest" time="99.389" errors="0" timestamp="2024-01-30T17:32:21 CST" skipped="0">
  <testcase classname="automation.AdminTest.FilterAndSearchTest" name="userNameSearch" time="13.153"/>
  <testcase classname="automation.AdminTest.FilterAndSearchTest" name="userEmailSearch" time="13.388"/>
  <testcase classname="automation.AdminTest.FilterAndSearchTest" name="parkingNameSearch" time="18.269"/>
  <testcase classname="automation.AdminTest.FilterAndSearchTest" name="userLastNameSearch" time="13.035"/>
  <testcase classname="automation.AdminTest.FilterAndSearchTest" name="filterByEncoderRole" time="13.040"/>
  <testcase classname="automation.AdminTest.FilterAndSearchTest" name="parkingAreaCodeSearch" time="16.193"/>
  <testcase classname="automation.AdminTest.FilterAndSearchTest" name="filterByAdminRole" time="12.311"/>
</testsuite> <!-- automation.AdminTest.FilterAndSearchTest -->
