<?xml version="1.0" encoding="UTF-8"?>
<!-- Generated by org.testng.reporters.JUnitReportReporter -->
<testsuite hostname="000D2023258" failures="0" tests="6" name="automation.AdminTest.UserEnrollmentTest" time="165.494" errors="0" timestamp="2024-01-31T11:47:10 CST" skipped="0">
  <testcase classname="automation.AdminTest.UserEnrollmentTest" name="exitEnrollmentAlert" time="26.546"/>
  <testcase classname="automation.AdminTest.UserEnrollmentTest" name="userEmailDupValidation" time="22.590"/>
  <testcase classname="automation.AdminTest.UserEnrollmentTest" name="editUserAccount" time="27.189"/>
  <testcase classname="automation.AdminTest.UserEnrollmentTest" name="userEnrollment" time="23.725"/>
  <testcase classname="automation.AdminTest.UserEnrollmentTest" name="userPagePagenation" time="31.499"/>
  <testcase classname="automation.AdminTest.UserEnrollmentTest" name="userPageSelectRow" time="33.945"/>
</testsuite> <!-- automation.AdminTest.UserEnrollmentTest -->
