<?xml version="1.0" encoding="UTF-8"?>
<!-- Generated by org.testng.reporters.JUnitReportReporter -->
<testsuite hostname="000D2023258" failures="0" tests="4" name="automation.AdminTest.AllLoginTest" time="73.526" errors="0" timestamp="2024-02-04T00:56:13 CST" skipped="0">
  <testcase classname="automation.AdminTest.AllLoginTest" name="loginWithAccess" time="33.897"/>
  <testcase classname="automation.AdminTest.AllLoginTest" name="loginWithInvalidUserName" time="12.917"/>
  <testcase classname="automation.AdminTest.AllLoginTest" name="loginWithoutAccess" time="12.280"/>
  <testcase classname="automation.AdminTest.AllLoginTest" name="loginWithInvalidPassword" time="14.432"/>
</testsuite> <!-- automation.AdminTest.AllLoginTest -->
