<?xml version="1.0" encoding="UTF-8"?>
<!-- Generated by org.testng.reporters.JUnitReportReporter -->
<testsuite hostname="000D2023258" failures="0" tests="4" name="automation.AdminTest.AllLoginTest" time="113.210" errors="0" timestamp="2024-01-30T17:32:21 CST" skipped="0">
  <testcase classname="automation.AdminTest.AllLoginTest" name="loginWithoutAccess" time="75.664"/>
  <testcase classname="automation.AdminTest.AllLoginTest" name="loginWithInvalidUserName" time="4.418"/>
  <testcase classname="automation.AdminTest.AllLoginTest" name="loginWithInvalidPassword" time="5.694"/>
  <testcase classname="automation.AdminTest.AllLoginTest" name="loginWithAccess" time="27.434"/>
</testsuite> <!-- automation.AdminTest.AllLoginTest -->
