<?xml version="1.0" encoding="UTF-8"?>
<!-- Generated by org.testng.reporters.JUnitReportReporter -->
<testsuite hostname="000D2023258" failures="0" tests="4" name="automation.AdminTest.AllLoginTest" time="81.128" errors="0" timestamp="2024-01-31T19:36:06 CST" skipped="0">
  <testcase classname="automation.AdminTest.AllLoginTest" name="loginWithInvalidUserName" time="28.238"/>
  <testcase classname="automation.AdminTest.AllLoginTest" name="loginWithInvalidPassword" time="12.502"/>
  <testcase classname="automation.AdminTest.AllLoginTest" name="loginWithAccess" time="29.634"/>
  <testcase classname="automation.AdminTest.AllLoginTest" name="loginWithoutAccess" time="10.754"/>
</testsuite> <!-- automation.AdminTest.AllLoginTest -->
