<?xml version="1.0" encoding="UTF-8"?>
<!-- Generated by org.testng.reporters.JUnitReportReporter -->
<testsuite hostname="000D2023258" failures="0" tests="7" name="automation.AdminTest.FilterAndSearchTest" time="110.238" errors="0" timestamp="2024-02-02T22:52:46 CST" skipped="0">
  <testcase classname="automation.AdminTest.FilterAndSearchTest" name="userNameSearch" time="15.137"/>
  <testcase classname="automation.AdminTest.FilterAndSearchTest" name="userLastNameSearch" time="15.501"/>
  <testcase classname="automation.AdminTest.FilterAndSearchTest" name="parkingAreaCodeSearch" time="18.046"/>
  <testcase classname="automation.AdminTest.FilterAndSearchTest" name="filterByAdminRole" time="15.435"/>
  <testcase classname="automation.AdminTest.FilterAndSearchTest" name="filterByEncoderRole" time="15.353"/>
  <testcase classname="automation.AdminTest.FilterAndSearchTest" name="userEmailSearch" time="14.860"/>
  <testcase classname="automation.AdminTest.FilterAndSearchTest" name="parkingNameSearch" time="15.906"/>
</testsuite> <!-- automation.AdminTest.FilterAndSearchTest -->
