<?xml version="1.0" encoding="UTF-8"?>
<!-- Generated by org.testng.reporters.JUnitReportReporter -->
<testsuite hostname="000D2023258" failures="0" tests="9" name="automation.AdminTest.UserModuleTest" time="288.550" errors="0" timestamp="2024-02-03T01:34:04 CST" skipped="0">
  <testcase classname="automation.AdminTest.UserModuleTest" name="getCopyUserPassword" time="24.014"/>
  <testcase classname="automation.AdminTest.UserModuleTest" name="userEmailDupValidation" time="28.719"/>
  <testcase classname="automation.AdminTest.UserModuleTest" name="exitEnrollmentAlert" time="22.574"/>
  <testcase classname="automation.AdminTest.UserModuleTest" name="userPageSelectRow" time="34.538"/>
  <testcase classname="automation.AdminTest.UserModuleTest" name="getCopyUserName" time="28.137"/>
  <testcase classname="automation.AdminTest.UserModuleTest" name="userPagePagenation" time="36.172"/>
  <testcase classname="automation.AdminTest.UserModuleTest" name="adminEnrollment" time="47.205"/>
  <testcase classname="automation.AdminTest.UserModuleTest" name="encoderEnrollment" time="42.505"/>
  <testcase classname="automation.AdminTest.UserModuleTest" name="editUserAccount" time="24.686"/>
</testsuite> <!-- automation.AdminTest.UserModuleTest -->
