<?xml version="1.0" encoding="UTF-8"?>
<!-- Generated by org.testng.reporters.JUnitReportReporter -->
<testsuite hostname="000D2023258" failures="0" tests="13" name="automation.AdminTest.ConfigurationModuleTest" time="256.262" errors="0" timestamp="2024-05-06T19:39:39 CST" skipped="0">
  <testcase classname="automation.AdminTest.ConfigurationModuleTest" name="parkerTypeEnrollment" time="40.037"/>
  <testcase classname="automation.AdminTest.ConfigurationModuleTest" name="editParkerType" time="11.347"/>
  <testcase classname="automation.AdminTest.ConfigurationModuleTest" name="deleteParkerType" time="21.139"/>
  <testcase classname="automation.AdminTest.ConfigurationModuleTest" name="deleteParkerTypeWithPricingPackage" time="11.629"/>
  <testcase classname="automation.AdminTest.ConfigurationModuleTest" name="assignParkerToParkingArea" time="31.561"/>
  <testcase classname="automation.AdminTest.ConfigurationModuleTest" name="assignParkerToParkingAreaWithMisMatchParkingArea" time="13.876"/>
  <testcase classname="automation.AdminTest.ConfigurationModuleTest" name="duplicateParkerTypeName" time="18.287"/>
  <testcase classname="automation.AdminTest.ConfigurationModuleTest" name="duplicateParketTypeCode" time="18.166"/>
  <testcase classname="automation.AdminTest.ConfigurationModuleTest" name="createPricingPackage" time="22.992"/>
  <testcase classname="automation.AdminTest.ConfigurationModuleTest" name="updatePricingPackageWithoutChange" time="18.400"/>
  <testcase classname="automation.AdminTest.ConfigurationModuleTest" name="updatePricingFeePackage" time="17.959"/>
  <testcase classname="automation.AdminTest.ConfigurationModuleTest" name="assignPricingFeeToParkingArea" time="13.846"/>
  <testcase classname="automation.AdminTest.ConfigurationModuleTest" name="deletePricingPackage" time="17.023"/>
</testsuite> <!-- automation.AdminTest.ConfigurationModuleTest -->
