<?xml version="1.0" encoding="UTF-8"?>
<!-- Generated by org.testng.reporters.JUnitReportReporter -->
<testsuite hostname="000D2023258" failures="0" tests="2" name="automation.AdminTest.AreaCreationTest" time="51.061" errors="0" timestamp="2024-01-17T20:11:54 CST" skipped="0">
  <testcase classname="automation.AdminTest.AreaCreationTest" name="areaNameDupValidation" time="24.359"/>
  <testcase classname="automation.AdminTest.AreaCreationTest" name="areaCodeDupValidation" time="26.702"/>
</testsuite> <!-- automation.AdminTest.AreaCreationTest -->
