<?xml version="1.0" encoding="UTF-8"?>
<!-- Generated by org.testng.reporters.JUnitReportReporter -->
<testsuite hostname="000D2023258" failures="0" tests="4" name="automation.AdminTest.AllLoginTest" time="35.974" errors="0" timestamp="2024-05-06T15:38:51 CST" skipped="0">
  <testcase classname="automation.AdminTest.AllLoginTest" name="loginWithInvalidPassword" time="9.344"/>
  <testcase classname="automation.AdminTest.AllLoginTest" name="loginWithoutAccess" time="7.471"/>
  <testcase classname="automation.AdminTest.AllLoginTest" name="loginWithAccess" time="11.901"/>
  <testcase classname="automation.AdminTest.AllLoginTest" name="loginWithInvalidUserName" time="7.258"/>
</testsuite> <!-- automation.AdminTest.AllLoginTest -->
