<?xml version="1.0" encoding="UTF-8"?>
<!-- Generated by org.testng.reporters.JUnitReportReporter -->
<testsuite hostname="000D2023258" failures="0" tests="6" name="automation.AdminTest.PermissionTest" time="193.757" errors="0" timestamp="2024-02-04T10:35:30 CST" skipped="0">
  <testcase classname="automation.AdminTest.PermissionTest" name="setAllowExitToFalse" time="57.183"/>
  <testcase classname="automation.AdminTest.PermissionTest" name="userWithPaymentAcceptanceSetToTrue" time="31.043"/>
  <testcase classname="automation.AdminTest.PermissionTest" name="userWithPaymentAcceptanceSetToFalse" time="27.200"/>
  <testcase classname="automation.AdminTest.PermissionTest" name="userWithRestrictedStatus" time="23.888"/>
  <testcase classname="automation.AdminTest.PermissionTest" name="setAllowExitToTrue" time="26.775"/>
  <testcase classname="automation.AdminTest.PermissionTest" name="userWithActiveStatus" time="27.668"/>
</testsuite> <!-- automation.AdminTest.PermissionTest -->
