<?xml version="1.0" encoding="UTF-8"?>
<!-- Generated by org.testng.reporters.JUnitReportReporter -->
<testsuite hostname="000D2023258" failures="0" tests="6" name="automation.AdminTest.PermissionTest" time="219.528" errors="0" timestamp="2024-01-31T11:47:10 CST" skipped="0">
  <testcase classname="automation.AdminTest.PermissionTest" name="userWithActiveStatus" time="32.687"/>
  <testcase classname="automation.AdminTest.PermissionTest" name="userWithPaymentAcceptanceSetToFalse" time="33.047"/>
  <testcase classname="automation.AdminTest.PermissionTest" name="userWithPaymentAcceptanceSetToTrue" time="34.907"/>
  <testcase classname="automation.AdminTest.PermissionTest" name="userWithRestrictedStatus" time="26.855"/>
  <testcase classname="automation.AdminTest.PermissionTest" name="setAllowExitToFalse" time="55.691"/>
  <testcase classname="automation.AdminTest.PermissionTest" name="setAllowExitToTrue" time="36.341"/>
</testsuite> <!-- automation.AdminTest.PermissionTest -->
