<?xml version="1.0" encoding="UTF-8"?>
<!-- Generated by org.testng.reporters.JUnitReportReporter -->
<testsuite hostname="000D2023258" failures="0" tests="14" name="automation.AdminTest.AreaModuleTest" time="395.107" errors="0" timestamp="2024-02-20T18:56:01 CST" skipped="0">
  <testcase classname="automation.AdminTest.AreaModuleTest" name="areaCodeDupValidation" time="26.669"/>
  <testcase classname="automation.AdminTest.AreaModuleTest" name="setCMotorcycleCapacityPlusButtonToDisable" time="21.395"/>
  <testcase classname="automation.AdminTest.AreaModuleTest" name="setCarCapacityMinusButtonToDisable" time="21.635"/>
  <testcase classname="automation.AdminTest.AreaModuleTest" name="areaPagePagenation" time="29.577"/>
  <testcase classname="automation.AdminTest.AreaModuleTest" name="setMotorcycleCapacityPlusButtonToDisable" time="20.944"/>
  <testcase classname="automation.AdminTest.AreaModuleTest" name="areaPageSelectRow" time="31.817"/>
  <testcase classname="automation.AdminTest.AreaModuleTest" name="carCapacityInputValidation" time="22.210"/>
  <testcase classname="automation.AdminTest.AreaModuleTest" name="setCarCapacityPlusButtonToDisable" time="32.776"/>
  <testcase classname="automation.AdminTest.AreaModuleTest" name="motorcycleCapacityInputValidation" time="25.171"/>
  <testcase classname="automation.AdminTest.AreaModuleTest" name="areaNameDupValidation" time="31.374"/>
  <testcase classname="automation.AdminTest.AreaModuleTest" name="exitCreationAlert" time="24.995"/>
  <testcase classname="automation.AdminTest.AreaModuleTest" name="fixedRateMaxLimit" time="31.681"/>
  <testcase classname="automation.AdminTest.AreaModuleTest" name="validateUpdateParkingArea" time="27.031"/>
  <testcase classname="automation.AdminTest.AreaModuleTest" name="areaCreation" time="47.832"/>
</testsuite> <!-- automation.AdminTest.AreaModuleTest -->
