<?xml version="1.0" encoding="UTF-8"?>
<!-- Generated by org.testng.reporters.JUnitReportReporter -->
<testsuite hostname="000D2023258" failures="0" tests="7" name="automation.AdminTest.FilterAndSearchTest" time="105.166" errors="0" timestamp="2024-02-20T18:56:01 CST" skipped="0">
  <testcase classname="automation.AdminTest.FilterAndSearchTest" name="userFirstNameSearch" time="12.867"/>
  <testcase classname="automation.AdminTest.FilterAndSearchTest" name="userLastNameSearch" time="13.124"/>
  <testcase classname="automation.AdminTest.FilterAndSearchTest" name="filterByAdminRole" time="16.362"/>
  <testcase classname="automation.AdminTest.FilterAndSearchTest" name="parkingNameSearch" time="17.710"/>
  <testcase classname="automation.AdminTest.FilterAndSearchTest" name="parkingAreaCodeSearch" time="17.504"/>
  <testcase classname="automation.AdminTest.FilterAndSearchTest" name="filterByEncoderRole" time="16.154"/>
  <testcase classname="automation.AdminTest.FilterAndSearchTest" name="userEmailSearch" time="11.445"/>
</testsuite> <!-- automation.AdminTest.FilterAndSearchTest -->
