<?xml version="1.0" encoding="UTF-8"?>
<!-- Generated by org.testng.reporters.JUnitReportReporter -->
<<<<<<< HEAD
<testsuite hostname="000D2023258" failures="0" tests="7" name="automation.AdminTest.FilterAndSearchTest" time="101.941" errors="0" timestamp="2024-02-05T17:14:04 CST" skipped="0">
  <testcase classname="automation.AdminTest.FilterAndSearchTest" name="userFirstNameSearch" time="10.997"/>
  <testcase classname="automation.AdminTest.FilterAndSearchTest" name="filterByAdminRole" time="21.118"/>
  <testcase classname="automation.AdminTest.FilterAndSearchTest" name="parkingAreaCodeSearch" time="17.276"/>
  <testcase classname="automation.AdminTest.FilterAndSearchTest" name="userLastNameSearch" time="11.065"/>
  <testcase classname="automation.AdminTest.FilterAndSearchTest" name="userEmailSearch" time="10.918"/>
  <testcase classname="automation.AdminTest.FilterAndSearchTest" name="parkingNameSearch" time="16.538"/>
  <testcase classname="automation.AdminTest.FilterAndSearchTest" name="filterByEncoderRole" time="14.029"/>
=======
<testsuite hostname="000D2023258" failures="0" tests="7" name="automation.AdminTest.FilterAndSearchTest" time="120.597" errors="0" timestamp="2024-02-05T15:27:27 CST" skipped="0">
  <testcase classname="automation.AdminTest.FilterAndSearchTest" name="filterByAdminRole" time="23.929"/>
  <testcase classname="automation.AdminTest.FilterAndSearchTest" name="parkingNameSearch" time="20.124"/>
  <testcase classname="automation.AdminTest.FilterAndSearchTest" name="userEmailSearch" time="17.350"/>
  <testcase classname="automation.AdminTest.FilterAndSearchTest" name="parkingAreaCodeSearch" time="18.981"/>
  <testcase classname="automation.AdminTest.FilterAndSearchTest" name="userLastNameSearch" time="12.731"/>
  <testcase classname="automation.AdminTest.FilterAndSearchTest" name="filterByEncoderRole" time="15.166"/>
  <testcase classname="automation.AdminTest.FilterAndSearchTest" name="userFirstNameSearch" time="12.316"/>
>>>>>>> develop
</testsuite> <!-- automation.AdminTest.FilterAndSearchTest -->
