<?xml version="1.0" encoding="UTF-8"?>
<!-- Generated by org.testng.reporters.JUnitReportReporter -->
<testsuite hostname="000D2023258" failures="0" tests="6" name="automation.AdminTest.PermissionTest" time="223.780" errors="0" timestamp="2024-01-31T23:28:06 CST" skipped="0">
  <testcase classname="automation.AdminTest.PermissionTest" name="setAllowExitToTrue" time="37.523"/>
  <testcase classname="automation.AdminTest.PermissionTest" name="userWithPaymentAcceptanceSetToTrue" time="33.136"/>
  <testcase classname="automation.AdminTest.PermissionTest" name="userWithActiveStatus" time="28.710"/>
  <testcase classname="automation.AdminTest.PermissionTest" name="userWithPaymentAcceptanceSetToFalse" time="26.905"/>
  <testcase classname="automation.AdminTest.PermissionTest" name="userWithRestrictedStatus" time="25.046"/>
  <testcase classname="automation.AdminTest.PermissionTest" name="setAllowExitToFalse" time="72.460"/>
</testsuite> <!-- automation.AdminTest.PermissionTest -->
