<?xml version="1.0" encoding="UTF-8"?>
<!-- Generated by org.testng.reporters.JUnitReportReporter -->
<testsuite hostname="000D2023258" failures="0" tests="3" name="automation.AdminTest.AllLoginTest" time="70.195" errors="0" timestamp="2024-01-17T20:11:54 CST" skipped="0">
  <testcase classname="automation.AdminTest.AllLoginTest" name="loginWithInvalidUserName" time="48.760"/>
  <testcase classname="automation.AdminTest.AllLoginTest" name="loginWithInvalidPassword" time="17.035"/>
  <testcase classname="automation.AdminTest.AllLoginTest" name="loginWithoutAccess" time="4.400"/>
</testsuite> <!-- automation.AdminTest.AllLoginTest -->
