<?xml version="1.0" encoding="UTF-8"?>
<!-- Generated by org.testng.reporters.JUnitReportReporter -->
<testsuite hostname="000D2023258" failures="0" tests="6" name="automation.AdminTest.UserEnrollmentTest" time="143.289" errors="0" timestamp="2024-01-30T17:32:21 CST" skipped="0">
  <testcase classname="automation.AdminTest.UserEnrollmentTest" name="userEnrollment" time="35.777"/>
  <testcase classname="automation.AdminTest.UserEnrollmentTest" name="userPageSelectRow" time="29.441"/>
  <testcase classname="automation.AdminTest.UserEnrollmentTest" name="userPagePagenation" time="24.239"/>
  <testcase classname="automation.AdminTest.UserEnrollmentTest" name="exitEnrollmentAlert" time="16.605"/>
  <testcase classname="automation.AdminTest.UserEnrollmentTest" name="userEmailDupValidation" time="16.842"/>
  <testcase classname="automation.AdminTest.UserEnrollmentTest" name="editUserAccount" time="20.385"/>
</testsuite> <!-- automation.AdminTest.UserEnrollmentTest -->
