<?xml version="1.0" encoding="UTF-8"?>
<!-- Generated by org.testng.reporters.JUnitReportReporter -->
<testsuite hostname="000D2023258" failures="0" tests="4" name="automation.AdminTest.AllLoginTest" time="73.543" errors="0" timestamp="2024-02-04T13:15:37 CST" skipped="0">
  <testcase classname="automation.AdminTest.AllLoginTest" name="loginWithInvalidUserName" time="21.458"/>
  <testcase classname="automation.AdminTest.AllLoginTest" name="loginWithInvalidPassword" time="13.351"/>
  <testcase classname="automation.AdminTest.AllLoginTest" name="loginWithAccess" time="27.335"/>
  <testcase classname="automation.AdminTest.AllLoginTest" name="loginWithoutAccess" time="11.399"/>
</testsuite> <!-- automation.AdminTest.AllLoginTest -->
