<?xml version="1.0" encoding="UTF-8"?>
<!-- Generated by org.testng.reporters.JUnitReportReporter -->
<<<<<<< HEAD
<testsuite hostname="000D2023258" failures="0" tests="14" name="automation.AdminTest.AreaModuleTest" time="354.707" errors="0" timestamp="2024-02-05T17:14:04 CST" skipped="0">
  <testcase classname="automation.AdminTest.AreaModuleTest" name="areaNameDupValidation" time="29.169"/>
  <testcase classname="automation.AdminTest.AreaModuleTest" name="areaPageSelectRow" time="29.511"/>
  <testcase classname="automation.AdminTest.AreaModuleTest" name="fixedRateMaxLimit" time="26.907"/>
  <testcase classname="automation.AdminTest.AreaModuleTest" name="setCarCapacityMinusButtonToDisable" time="23.193"/>
  <testcase classname="automation.AdminTest.AreaModuleTest" name="validateEditParkingArea" time="24.108"/>
  <testcase classname="automation.AdminTest.AreaModuleTest" name="areaCreation" time="36.158"/>
  <testcase classname="automation.AdminTest.AreaModuleTest" name="carCapacityInputValidation" time="19.191"/>
  <testcase classname="automation.AdminTest.AreaModuleTest" name="exitCreationAlert" time="27.251"/>
  <testcase classname="automation.AdminTest.AreaModuleTest" name="setMotorcycleCapacityPlusButtonToDisable" time="21.338"/>
  <testcase classname="automation.AdminTest.AreaModuleTest" name="motorcycleCapacityInputValidation" time="19.010"/>
  <testcase classname="automation.AdminTest.AreaModuleTest" name="setCMotorcycleCapacityPlusButtonToDisable" time="20.567"/>
  <testcase classname="automation.AdminTest.AreaModuleTest" name="areaCodeDupValidation" time="25.029"/>
  <testcase classname="automation.AdminTest.AreaModuleTest" name="areaPagePagenation" time="27.017"/>
  <testcase classname="automation.AdminTest.AreaModuleTest" name="setCarCapacityPlusButtonToDisable" time="26.258"/>
=======
<testsuite hostname="000D2023258" failures="0" tests="14" name="automation.AdminTest.AreaModuleTest" time="368.655" errors="0" timestamp="2024-02-05T10:44:51 CST" skipped="0">
  <testcase classname="automation.AdminTest.AreaModuleTest" name="exitCreationAlert" time="21.143"/>
  <testcase classname="automation.AdminTest.AreaModuleTest" name="fixedRateMaxLimit" time="26.851"/>
  <testcase classname="automation.AdminTest.AreaModuleTest" name="areaCodeDupValidation" time="31.354"/>
  <testcase classname="automation.AdminTest.AreaModuleTest" name="setCarCapacityMinusButtonToDisable" time="20.255"/>
  <testcase classname="automation.AdminTest.AreaModuleTest" name="areaCreation" time="44.358"/>
  <testcase classname="automation.AdminTest.AreaModuleTest" name="setMotorcycleCapacityPlusButtonToDisable" time="29.810"/>
  <testcase classname="automation.AdminTest.AreaModuleTest" name="validateUpdateParkingArea" time="26.193"/>
  <testcase classname="automation.AdminTest.AreaModuleTest" name="motorcycleCapacityInputValidation" time="21.814"/>
  <testcase classname="automation.AdminTest.AreaModuleTest" name="setCMotorcycleCapacityPlusButtonToDisable" time="20.611"/>
  <testcase classname="automation.AdminTest.AreaModuleTest" name="setCarCapacityPlusButtonToDisable" time="20.234"/>
  <testcase classname="automation.AdminTest.AreaModuleTest" name="areaPageSelectRow" time="28.948"/>
  <testcase classname="automation.AdminTest.AreaModuleTest" name="areaNameDupValidation" time="27.332"/>
  <testcase classname="automation.AdminTest.AreaModuleTest" name="carCapacityInputValidation" time="19.450"/>
  <testcase classname="automation.AdminTest.AreaModuleTest" name="areaPagePagenation" time="30.302"/>
>>>>>>> develop
</testsuite> <!-- automation.AdminTest.AreaModuleTest -->
