<?xml version="1.0" encoding="UTF-8"?>
<!-- Generated by org.testng.reporters.JUnitReportReporter -->
<testsuite hostname="000D2023258" failures="0" tests="4" name="automation.AdminTest.AllLoginTest" time="62.617" errors="0" timestamp="2024-02-05T21:27:05 CST" skipped="0">
  <testcase classname="automation.AdminTest.AllLoginTest" name="loginWithAccess" time="28.306"/>
  <testcase classname="automation.AdminTest.AllLoginTest" name="loginWithInvalidUserName" time="18.979"/>
  <testcase classname="automation.AdminTest.AllLoginTest" name="loginWithInvalidPassword" time="8.721"/>
  <testcase classname="automation.AdminTest.AllLoginTest" name="loginWithoutAccess" time="6.611"/>
</testsuite> <!-- automation.AdminTest.AllLoginTest -->
