<?xml version="1.0" encoding="UTF-8"?>
<!-- Generated by org.testng.reporters.JUnitReportReporter -->
<testsuite hostname="000D2023258" failures="0" tests="11" name="automation.AdminTest.UserModuleTest" time="317.487" errors="0" timestamp="2024-05-08T16:28:33 CST" skipped="0">
  <testcase classname="automation.AdminTest.UserModuleTest" name="userPageSelectRow" time="31.315"/>
  <testcase classname="automation.AdminTest.UserModuleTest" name="exitEnrollmentAlert" time="19.744"/>
  <testcase classname="automation.AdminTest.UserModuleTest" name="getCopyUserPassword" time="19.738"/>
  <testcase classname="automation.AdminTest.UserModuleTest" name="userEmailDupValidation" time="21.343"/>
  <testcase classname="automation.AdminTest.UserModuleTest" name="getCopyUserName" time="22.406"/>
  <testcase classname="automation.AdminTest.UserModuleTest" name="userPagePagenation" time="28.445"/>
  <testcase classname="automation.AdminTest.UserModuleTest" name="adminEnrollment" time="40.774"/>
  <testcase classname="automation.AdminTest.UserModuleTest" name="cashierEnrollment" time="37.238"/>
  <testcase classname="automation.AdminTest.UserModuleTest" name="encoderEnrollment" time="37.176"/>
  <testcase classname="automation.AdminTest.UserModuleTest" name="managerEnrollment" time="37.703"/>
  <testcase classname="automation.AdminTest.UserModuleTest" name="editUserAccount" time="21.605"/>
</testsuite> <!-- automation.AdminTest.UserModuleTest -->
