<?xml version="1.0" encoding="UTF-8"?>
<!-- Generated by org.testng.reporters.JUnitReportReporter -->
<testsuite hostname="000D2023258" failures="0" tests="7" name="automation.AdminTest.FilterAndSearchTest" time="143.430" errors="0" timestamp="2024-02-03T01:34:04 CST" skipped="0">
  <testcase classname="automation.AdminTest.FilterAndSearchTest" name="filterByAdminRole" time="20.356"/>
  <testcase classname="automation.AdminTest.FilterAndSearchTest" name="parkingAreaCodeSearch" time="22.819"/>
  <testcase classname="automation.AdminTest.FilterAndSearchTest" name="userLastNameSearch" time="19.361"/>
  <testcase classname="automation.AdminTest.FilterAndSearchTest" name="userEmailSearch" time="19.737"/>
  <testcase classname="automation.AdminTest.FilterAndSearchTest" name="filterByEncoderRole" time="20.291"/>
  <testcase classname="automation.AdminTest.FilterAndSearchTest" name="parkingNameSearch" time="21.173"/>
  <testcase classname="automation.AdminTest.FilterAndSearchTest" name="userNameSearch" time="19.693"/>
</testsuite> <!-- automation.AdminTest.FilterAndSearchTest -->
