<?xml version="1.0" encoding="UTF-8"?>
<!-- Generated by org.testng.reporters.JUnitReportReporter -->
<testsuite hostname="000D2023258" failures="0" tests="4" name="automation.AdminTest.AllLoginTest" time="56.963" errors="0" timestamp="2024-02-02T15:00:34 CST" skipped="0">
  <testcase classname="automation.AdminTest.AllLoginTest" name="loginWithAccess" time="32.945"/>
  <testcase classname="automation.AdminTest.AllLoginTest" name="loginWithoutAccess" time="7.545"/>
  <testcase classname="automation.AdminTest.AllLoginTest" name="loginWithInvalidPassword" time="9.325"/>
  <testcase classname="automation.AdminTest.AllLoginTest" name="loginWithInvalidUserName" time="7.148"/>
</testsuite> <!-- automation.AdminTest.AllLoginTest -->
