<?xml version="1.0" encoding="UTF-8"?>
<!-- Generated by org.testng.reporters.JUnitReportReporter -->
<testsuite hostname="000D2023258" failures="0" tests="14" name="automation.AdminTest.AreaModuleTest" time="380.128" errors="0" timestamp="2024-05-08T16:28:33 CST" skipped="0">
  <testcase classname="automation.AdminTest.AreaModuleTest" name="carCapacityInputValidation" time="20.847"/>
  <testcase classname="automation.AdminTest.AreaModuleTest" name="areaNameDupValidation" time="29.126"/>
  <testcase classname="automation.AdminTest.AreaModuleTest" name="areaPagePagenation" time="25.682"/>
  <testcase classname="automation.AdminTest.AreaModuleTest" name="fixedRateMaxLimit" time="26.703"/>
  <testcase classname="automation.AdminTest.AreaModuleTest" name="setCarCapacityPlusButtonToDisable" time="20.810"/>
  <testcase classname="automation.AdminTest.AreaModuleTest" name="validateUpdateParkingArea" time="26.778"/>
  <testcase classname="automation.AdminTest.AreaModuleTest" name="motorcycleCapacityInputValidation" time="19.784"/>
  <testcase classname="automation.AdminTest.AreaModuleTest" name="setMotorcycleCapacityPlusButtonToDisable" time="21.804"/>
  <testcase classname="automation.AdminTest.AreaModuleTest" name="areaCodeDupValidation" time="24.357"/>
  <testcase classname="automation.AdminTest.AreaModuleTest" name="exitCreationAlert" time="25.796"/>
  <testcase classname="automation.AdminTest.AreaModuleTest" name="setCarCapacityMinusButtonToDisable" time="26.661"/>
  <testcase classname="automation.AdminTest.AreaModuleTest" name="areaPageSelectRow" time="30.764"/>
  <testcase classname="automation.AdminTest.AreaModuleTest" name="setCMotorcycleCapacityPlusButtonToDisable" time="28.706"/>
  <testcase classname="automation.AdminTest.AreaModuleTest" name="areaCreation" time="52.310"/>
</testsuite> <!-- automation.AdminTest.AreaModuleTest -->
