<?xml version="1.0" encoding="UTF-8"?>
<!-- Generated by org.testng.reporters.JUnitReportReporter -->
<testsuite hostname="000D2023258" failures="0" tests="7" name="automation.AdminTest.FilterAndSearchTest" time="152.161" errors="0" timestamp="2024-02-02T21:05:48 CST" skipped="0">
  <testcase classname="automation.AdminTest.FilterAndSearchTest" name="parkingAreaCodeSearch" time="25.397"/>
  <testcase classname="automation.AdminTest.FilterAndSearchTest" name="filterByEncoderRole" time="20.428"/>
  <testcase classname="automation.AdminTest.FilterAndSearchTest" name="userNameSearch" time="21.910"/>
  <testcase classname="automation.AdminTest.FilterAndSearchTest" name="userEmailSearch" time="19.864"/>
  <testcase classname="automation.AdminTest.FilterAndSearchTest" name="filterByAdminRole" time="21.647"/>
  <testcase classname="automation.AdminTest.FilterAndSearchTest" name="parkingNameSearch" time="22.894"/>
  <testcase classname="automation.AdminTest.FilterAndSearchTest" name="userLastNameSearch" time="20.021"/>
</testsuite> <!-- automation.AdminTest.FilterAndSearchTest -->
