<?xml version="1.0" encoding="UTF-8"?>
<!-- Generated by org.testng.reporters.JUnitReportReporter -->
<testsuite hostname="000D2023258" failures="0" tests="6" name="automation.AdminTest.PermissionTest" time="201.971" errors="0" timestamp="2024-02-03T19:46:47 CST" skipped="0">
  <testcase classname="automation.AdminTest.PermissionTest" name="setAllowExitToFalse" time="54.775"/>
  <testcase classname="automation.AdminTest.PermissionTest" name="userWithRestrictedStatus" time="23.844"/>
  <testcase classname="automation.AdminTest.PermissionTest" name="setAllowExitToTrue" time="33.230"/>
  <testcase classname="automation.AdminTest.PermissionTest" name="userWithPaymentAcceptanceSetToTrue" time="38.080"/>
  <testcase classname="automation.AdminTest.PermissionTest" name="userWithActiveStatus" time="27.216"/>
  <testcase classname="automation.AdminTest.PermissionTest" name="userWithPaymentAcceptanceSetToFalse" time="24.826"/>
</testsuite> <!-- automation.AdminTest.PermissionTest -->
