<?xml version="1.0" encoding="UTF-8"?>
<!-- Generated by org.testng.reporters.JUnitReportReporter -->
<testsuite hostname="000D2023258" failures="0" tests="6" name="automation.AdminTest.PermissionTest" time="242.962" errors="0" timestamp="2024-02-03T01:34:04 CST" skipped="0">
  <testcase classname="automation.AdminTest.PermissionTest" name="userWithPaymentAcceptanceSetToFalse" time="35.376"/>
  <testcase classname="automation.AdminTest.PermissionTest" name="userWithActiveStatus" time="32.474"/>
  <testcase classname="automation.AdminTest.PermissionTest" name="userWithPaymentAcceptanceSetToTrue" time="37.055"/>
  <testcase classname="automation.AdminTest.PermissionTest" name="userWithRestrictedStatus" time="28.685"/>
  <testcase classname="automation.AdminTest.PermissionTest" name="setAllowExitToFalse" time="70.882"/>
  <testcase classname="automation.AdminTest.PermissionTest" name="setAllowExitToTrue" time="38.490"/>
</testsuite> <!-- automation.AdminTest.PermissionTest -->
