<?xml version="1.0" encoding="UTF-8"?>
<!-- Generated by org.testng.reporters.JUnitReportReporter -->
<testsuite hostname="000D2023258" failures="0" tests="14" name="automation.AdminTest.AreaModuleTest" time="385.505" errors="0" timestamp="2024-02-04T10:35:30 CST" skipped="0">
  <testcase classname="automation.AdminTest.AreaModuleTest" name="areaNameDupValidation" time="35.376"/>
  <testcase classname="automation.AdminTest.AreaModuleTest" name="areaCreation" time="36.620"/>
  <testcase classname="automation.AdminTest.AreaModuleTest" name="motorcycleCapacityInputValidation" time="19.972"/>
  <testcase classname="automation.AdminTest.AreaModuleTest" name="exitCreationAlert" time="22.979"/>
  <testcase classname="automation.AdminTest.AreaModuleTest" name="carCapacityInputValidation" time="20.691"/>
  <testcase classname="automation.AdminTest.AreaModuleTest" name="setCMotorcycleCapacityPlusButtonToDisable" time="21.408"/>
  <testcase classname="automation.AdminTest.AreaModuleTest" name="areaPagePagenation" time="31.865"/>
  <testcase classname="automation.AdminTest.AreaModuleTest" name="setMotorcycleCapacityPlusButtonToDisable" time="21.339"/>
  <testcase classname="automation.AdminTest.AreaModuleTest" name="areaCodeDupValidation" time="32.644"/>
  <testcase classname="automation.AdminTest.AreaModuleTest" name="fixedRateMaxLimit" time="28.832"/>
  <testcase classname="automation.AdminTest.AreaModuleTest" name="areaPageSelectRow" time="31.670"/>
  <testcase classname="automation.AdminTest.AreaModuleTest" name="setCarCapacityMinusButtonToDisable" time="25.058"/>
  <testcase classname="automation.AdminTest.AreaModuleTest" name="validateEditParkingArea" time="29.494"/>
  <testcase classname="automation.AdminTest.AreaModuleTest" name="setCarCapacityPlusButtonToDisable" time="27.557"/>
</testsuite> <!-- automation.AdminTest.AreaModuleTest -->
