<?xml version="1.0" encoding="UTF-8"?>
<!-- Generated by org.testng.reporters.JUnitReportReporter -->
<testsuite hostname="000D2023258" failures="0" tests="14" name="automation.AdminTest.AreaModuleTest" time="392.349" errors="0" timestamp="2024-02-05T21:27:05 CST" skipped="0">
  <testcase classname="automation.AdminTest.AreaModuleTest" name="validateUpdateParkingArea" time="29.021"/>
  <testcase classname="automation.AdminTest.AreaModuleTest" name="exitCreationAlert" time="23.244"/>
  <testcase classname="automation.AdminTest.AreaModuleTest" name="areaNameDupValidation" time="29.821"/>
  <testcase classname="automation.AdminTest.AreaModuleTest" name="areaCodeDupValidation" time="27.649"/>
  <testcase classname="automation.AdminTest.AreaModuleTest" name="areaPageSelectRow" time="29.788"/>
  <testcase classname="automation.AdminTest.AreaModuleTest" name="setCarCapacityPlusButtonToDisable" time="22.546"/>
  <testcase classname="automation.AdminTest.AreaModuleTest" name="fixedRateMaxLimit" time="29.891"/>
  <testcase classname="automation.AdminTest.AreaModuleTest" name="areaCreation" time="53.409"/>
  <testcase classname="automation.AdminTest.AreaModuleTest" name="setCarCapacityMinusButtonToDisable" time="21.717"/>
  <testcase classname="automation.AdminTest.AreaModuleTest" name="setCMotorcycleCapacityPlusButtonToDisable" time="29.730"/>
  <testcase classname="automation.AdminTest.AreaModuleTest" name="motorcycleCapacityInputValidation" time="21.764"/>
  <testcase classname="automation.AdminTest.AreaModuleTest" name="areaPagePagenation" time="28.390"/>
  <testcase classname="automation.AdminTest.AreaModuleTest" name="carCapacityInputValidation" time="23.543"/>
  <testcase classname="automation.AdminTest.AreaModuleTest" name="setMotorcycleCapacityPlusButtonToDisable" time="21.836"/>
</testsuite> <!-- automation.AdminTest.AreaModuleTest -->
