<?xml version="1.0" encoding="UTF-8"?>
<!-- Generated by org.testng.reporters.JUnitReportReporter -->
<testsuite hostname="000D2023258" failures="0" tests="6" name="automation.AdminTest.UserEnrollmentTest" time="153.855" errors="0" timestamp="2024-01-31T09:00:22 CST" skipped="0">
  <testcase classname="automation.AdminTest.UserEnrollmentTest" name="userPagePagenation" time="27.888"/>
  <testcase classname="automation.AdminTest.UserEnrollmentTest" name="userEnrollment" time="20.710"/>
  <testcase classname="automation.AdminTest.UserEnrollmentTest" name="exitEnrollmentAlert" time="25.150"/>
  <testcase classname="automation.AdminTest.UserEnrollmentTest" name="editUserAccount" time="32.403"/>
  <testcase classname="automation.AdminTest.UserEnrollmentTest" name="userEmailDupValidation" time="18.117"/>
  <testcase classname="automation.AdminTest.UserEnrollmentTest" name="userPageSelectRow" time="29.587"/>
</testsuite> <!-- automation.AdminTest.UserEnrollmentTest -->
