<?xml version="1.0" encoding="UTF-8"?>
<!-- Generated by org.testng.reporters.JUnitReportReporter -->
<testsuite hostname="000D2023258" failures="0" tests="14" name="automation.AdminTest.AreaModuleTest" time="487.510" errors="0" timestamp="2024-02-12T22:07:11 CST" skipped="0">
  <testcase classname="automation.AdminTest.AreaModuleTest" name="setCarCapacityMinusButtonToDisable" time="26.332"/>
  <testcase classname="automation.AdminTest.AreaModuleTest" name="areaPagePagenation" time="45.742"/>
  <testcase classname="automation.AdminTest.AreaModuleTest" name="exitCreationAlert" time="30.283"/>
  <testcase classname="automation.AdminTest.AreaModuleTest" name="carCapacityInputValidation" time="27.314"/>
  <testcase classname="automation.AdminTest.AreaModuleTest" name="validateUpdateParkingArea" time="34.019"/>
  <testcase classname="automation.AdminTest.AreaModuleTest" name="areaCodeDupValidation" time="32.099"/>
  <testcase classname="automation.AdminTest.AreaModuleTest" name="areaNameDupValidation" time="43.520"/>
  <testcase classname="automation.AdminTest.AreaModuleTest" name="areaPageSelectRow" time="35.132"/>
  <testcase classname="automation.AdminTest.AreaModuleTest" name="areaCreation" time="51.958"/>
  <testcase classname="automation.AdminTest.AreaModuleTest" name="setCMotorcycleCapacityPlusButtonToDisable" time="32.053"/>
  <testcase classname="automation.AdminTest.AreaModuleTest" name="setMotorcycleCapacityPlusButtonToDisable" time="41.870"/>
  <testcase classname="automation.AdminTest.AreaModuleTest" name="fixedRateMaxLimit" time="34.944"/>
  <testcase classname="automation.AdminTest.AreaModuleTest" name="motorcycleCapacityInputValidation" time="25.511"/>
  <testcase classname="automation.AdminTest.AreaModuleTest" name="setCarCapacityPlusButtonToDisable" time="26.733"/>
</testsuite> <!-- automation.AdminTest.AreaModuleTest -->
