<?xml version="1.0" encoding="UTF-8"?>
<!-- Generated by org.testng.reporters.JUnitReportReporter -->
<testsuite hostname="000D2023258" failures="0" tests="6" name="automation.AdminTest.PermissionTest" time="216.505" errors="0" timestamp="2024-02-02T15:00:34 CST" skipped="0">
  <testcase classname="automation.AdminTest.PermissionTest" name="setAllowExitToTrue" time="28.037"/>
  <testcase classname="automation.AdminTest.PermissionTest" name="userWithPaymentAcceptanceSetToTrue" time="33.054"/>
  <testcase classname="automation.AdminTest.PermissionTest" name="userWithPaymentAcceptanceSetToFalse" time="35.605"/>
  <testcase classname="automation.AdminTest.PermissionTest" name="userWithRestrictedStatus" time="25.096"/>
  <testcase classname="automation.AdminTest.PermissionTest" name="setAllowExitToFalse" time="65.694"/>
  <testcase classname="automation.AdminTest.PermissionTest" name="userWithActiveStatus" time="29.019"/>
</testsuite> <!-- automation.AdminTest.PermissionTest -->
