<?xml version="1.0" encoding="UTF-8"?>
<!-- Generated by org.testng.reporters.JUnitReportReporter -->
<testsuite hostname="000D2023258" failures="0" tests="4" name="automation.AdminTest.AllLoginTest" time="45.238" errors="0" timestamp="2024-02-04T10:35:30 CST" skipped="0">
  <testcase classname="automation.AdminTest.AllLoginTest" name="loginWithoutAccess" time="11.909"/>
  <testcase classname="automation.AdminTest.AllLoginTest" name="loginWithInvalidUserName" time="6.801"/>
  <testcase classname="automation.AdminTest.AllLoginTest" name="loginWithInvalidPassword" time="16.236"/>
  <testcase classname="automation.AdminTest.AllLoginTest" name="loginWithAccess" time="10.292"/>
</testsuite> <!-- automation.AdminTest.AllLoginTest -->
