<?xml version="1.0" encoding="UTF-8"?>
<!-- Generated by org.testng.reporters.JUnitReportReporter -->
<testsuite hostname="000D2023258" failures="0" tests="7" name="automation.AdminTest.FilterAndSearchTest" time="117.479" errors="0" timestamp="2024-01-31T23:28:06 CST" skipped="0">
  <testcase classname="automation.AdminTest.FilterAndSearchTest" name="parkingAreaCodeSearch" time="21.912"/>
  <testcase classname="automation.AdminTest.FilterAndSearchTest" name="parkingNameSearch" time="17.824"/>
  <testcase classname="automation.AdminTest.FilterAndSearchTest" name="userEmailSearch" time="15.513"/>
  <testcase classname="automation.AdminTest.FilterAndSearchTest" name="filterByEncoderRole" time="15.371"/>
  <testcase classname="automation.AdminTest.FilterAndSearchTest" name="userNameSearch" time="14.687"/>
  <testcase classname="automation.AdminTest.FilterAndSearchTest" name="userLastNameSearch" time="15.011"/>
  <testcase classname="automation.AdminTest.FilterAndSearchTest" name="filterByAdminRole" time="17.161"/>
</testsuite> <!-- automation.AdminTest.FilterAndSearchTest -->
