<?xml version="1.0" encoding="UTF-8"?>
<!-- Generated by org.testng.reporters.JUnitReportReporter -->
<testsuite hostname="000D2023258" failures="0" tests="4" name="automation.AdminTest.AllLoginTest" time="39.886" errors="0" timestamp="2024-01-31T23:28:06 CST" skipped="0">
  <testcase classname="automation.AdminTest.AllLoginTest" name="loginWithAccess" time="16.022"/>
  <testcase classname="automation.AdminTest.AllLoginTest" name="loginWithInvalidPassword" time="10.549"/>
  <testcase classname="automation.AdminTest.AllLoginTest" name="loginWithInvalidUserName" time="6.683"/>
  <testcase classname="automation.AdminTest.AllLoginTest" name="loginWithoutAccess" time="6.632"/>
</testsuite> <!-- automation.AdminTest.AllLoginTest -->
