<?xml version="1.0" encoding="UTF-8"?>
<!-- Generated by org.testng.reporters.JUnitReportReporter -->
<testsuite hostname="000D2023258" failures="0" tests="7" name="automation.AdminTest.FilterAndSearchTest" time="176.136" errors="0" timestamp="2024-02-01T23:02:43 CST" skipped="0">
  <testcase classname="automation.AdminTest.FilterAndSearchTest" name="parkingAreaCodeSearch" time="23.885"/>
  <testcase classname="automation.AdminTest.FilterAndSearchTest" name="userEmailSearch" time="26.064"/>
  <testcase classname="automation.AdminTest.FilterAndSearchTest" name="userLastNameSearch" time="32.091"/>
  <testcase classname="automation.AdminTest.FilterAndSearchTest" name="filterByAdminRole" time="27.598"/>
  <testcase classname="automation.AdminTest.FilterAndSearchTest" name="userNameSearch" time="20.554"/>
  <testcase classname="automation.AdminTest.FilterAndSearchTest" name="parkingNameSearch" time="24.021"/>
  <testcase classname="automation.AdminTest.FilterAndSearchTest" name="filterByEncoderRole" time="21.923"/>
</testsuite> <!-- automation.AdminTest.FilterAndSearchTest -->
