<?xml version="1.0" encoding="UTF-8"?>
<!-- Generated by org.testng.reporters.JUnitReportReporter -->
<testsuite hostname="000D2023258" failures="0" tests="6" name="automation.AdminTest.PermissionTest" time="201.625" errors="0" timestamp="2024-02-05T15:27:27 CST" skipped="0">
  <testcase classname="automation.AdminTest.PermissionTest" name="userWithRestrictedStatus" time="26.023"/>
  <testcase classname="automation.AdminTest.PermissionTest" name="userWithActiveStatus" time="26.704"/>
  <testcase classname="automation.AdminTest.PermissionTest" name="setAllowExitToTrue" time="26.700"/>
  <testcase classname="automation.AdminTest.PermissionTest" name="userWithPaymentAcceptanceSetToTrue" time="31.723"/>
  <testcase classname="automation.AdminTest.PermissionTest" name="setAllowExitToFalse" time="65.692"/>
  <testcase classname="automation.AdminTest.PermissionTest" name="userWithPaymentAcceptanceSetToFalse" time="24.783"/>
</testsuite> <!-- automation.AdminTest.PermissionTest -->
