<?xml version="1.0" encoding="UTF-8"?>
<!-- Generated by org.testng.reporters.JUnitReportReporter -->
<testsuite hostname="000D2023258" failures="0" tests="9" name="automation.AdminTest.UserModuleTest" time="300.076" errors="0" timestamp="2024-02-04T00:56:13 CST" skipped="0">
  <testcase classname="automation.AdminTest.UserModuleTest" name="getCopyUserPassword" time="25.651"/>
  <testcase classname="automation.AdminTest.UserModuleTest" name="getCopyUserName" time="26.606"/>
  <testcase classname="automation.AdminTest.UserModuleTest" name="userPagePagenation" time="44.984"/>
  <testcase classname="automation.AdminTest.UserModuleTest" name="exitEnrollmentAlert" time="30.445"/>
  <testcase classname="automation.AdminTest.UserModuleTest" name="userEmailDupValidation" time="26.975"/>
  <testcase classname="automation.AdminTest.UserModuleTest" name="userPageSelectRow" time="35.628"/>
  <testcase classname="automation.AdminTest.UserModuleTest" name="adminEnrollment" time="40.211"/>
  <testcase classname="automation.AdminTest.UserModuleTest" name="encoderEnrollment" time="45.049"/>
  <testcase classname="automation.AdminTest.UserModuleTest" name="editUserAccount" time="24.527"/>
</testsuite> <!-- automation.AdminTest.UserModuleTest -->
