<?xml version="1.0" encoding="UTF-8"?>
<!-- Generated by org.testng.reporters.JUnitReportReporter -->
<testsuite hostname="000D2023258" failures="0" tests="14" name="automation.AdminTest.AreaModuleTest" time="452.538" errors="0" timestamp="2024-02-04T13:15:37 CST" skipped="0">
  <testcase classname="automation.AdminTest.AreaModuleTest" name="areaCreation" time="41.630"/>
  <testcase classname="automation.AdminTest.AreaModuleTest" name="areaPageSelectRow" time="41.107"/>
  <testcase classname="automation.AdminTest.AreaModuleTest" name="setCarCapacityMinusButtonToDisable" time="26.247"/>
  <testcase classname="automation.AdminTest.AreaModuleTest" name="validateEditParkingArea" time="33.969"/>
  <testcase classname="automation.AdminTest.AreaModuleTest" name="areaCodeDupValidation" time="31.866"/>
  <testcase classname="automation.AdminTest.AreaModuleTest" name="setCarCapacityPlusButtonToDisable" time="26.136"/>
  <testcase classname="automation.AdminTest.AreaModuleTest" name="setCMotorcycleCapacityPlusButtonToDisable" time="26.392"/>
  <testcase classname="automation.AdminTest.AreaModuleTest" name="areaNameDupValidation" time="34.741"/>
  <testcase classname="automation.AdminTest.AreaModuleTest" name="carCapacityInputValidation" time="25.928"/>
  <testcase classname="automation.AdminTest.AreaModuleTest" name="fixedRateMaxLimit" time="46.144"/>
  <testcase classname="automation.AdminTest.AreaModuleTest" name="motorcycleCapacityInputValidation" time="25.102"/>
  <testcase classname="automation.AdminTest.AreaModuleTest" name="exitCreationAlert" time="28.445"/>
  <testcase classname="automation.AdminTest.AreaModuleTest" name="setMotorcycleCapacityPlusButtonToDisable" time="26.461"/>
  <testcase classname="automation.AdminTest.AreaModuleTest" name="areaPagePagenation" time="38.370"/>
</testsuite> <!-- automation.AdminTest.AreaModuleTest -->
