<?xml version="1.0" encoding="UTF-8"?>
<!-- Generated by org.testng.reporters.JUnitReportReporter -->
<testsuite hostname="000D2023258" failures="0" tests="6" name="automation.AdminTest.PermissionTest" time="232.304" errors="0" timestamp="2024-02-04T13:15:37 CST" skipped="0">
  <testcase classname="automation.AdminTest.PermissionTest" name="userWithPaymentAcceptanceSetToFalse" time="30.975"/>
  <testcase classname="automation.AdminTest.PermissionTest" name="userWithPaymentAcceptanceSetToTrue" time="38.414"/>
  <testcase classname="automation.AdminTest.PermissionTest" name="setAllowExitToFalse" time="68.803"/>
  <testcase classname="automation.AdminTest.PermissionTest" name="userWithRestrictedStatus" time="28.970"/>
  <testcase classname="automation.AdminTest.PermissionTest" name="userWithActiveStatus" time="32.155"/>
  <testcase classname="automation.AdminTest.PermissionTest" name="setAllowExitToTrue" time="32.987"/>
</testsuite> <!-- automation.AdminTest.PermissionTest -->
