<?xml version="1.0" encoding="UTF-8"?>
<!-- Generated by org.testng.reporters.JUnitReportReporter -->
<testsuite hostname="000D2023258" failures="0" tests="14" name="automation.AdminTest.AreaModuleTest" time="392.451" errors="0" timestamp="2024-02-03T19:46:47 CST" skipped="0">
  <testcase classname="automation.AdminTest.AreaModuleTest" name="areaNameDupValidation" time="29.148"/>
  <testcase classname="automation.AdminTest.AreaModuleTest" name="setCarCapacityPlusButtonToDisable" time="22.020"/>
  <testcase classname="automation.AdminTest.AreaModuleTest" name="areaPagePagenation" time="28.383"/>
  <testcase classname="automation.AdminTest.AreaModuleTest" name="exitCreationAlert" time="22.578"/>
  <testcase classname="automation.AdminTest.AreaModuleTest" name="motorcycleCapacityInputValidation" time="20.205"/>
  <testcase classname="automation.AdminTest.AreaModuleTest" name="carCapacityInputValidation" time="20.422"/>
  <testcase classname="automation.AdminTest.AreaModuleTest" name="areaCreation" time="36.957"/>
  <testcase classname="automation.AdminTest.AreaModuleTest" name="setCarCapacityMinusButtonToDisable" time="36.502"/>
  <testcase classname="automation.AdminTest.AreaModuleTest" name="areaPageSelectRow" time="30.573"/>
  <testcase classname="automation.AdminTest.AreaModuleTest" name="setMotorcycleCapacityPlusButtonToDisable" time="21.922"/>
  <testcase classname="automation.AdminTest.AreaModuleTest" name="editParkingArea" time="33.495"/>
  <testcase classname="automation.AdminTest.AreaModuleTest" name="setCMotorcycleCapacityPlusButtonToDisable" time="23.669"/>
  <testcase classname="automation.AdminTest.AreaModuleTest" name="areaCodeDupValidation" time="33.664"/>
  <testcase classname="automation.AdminTest.AreaModuleTest" name="fixedRateMaxLimit" time="32.913"/>
</testsuite> <!-- automation.AdminTest.AreaModuleTest -->
