<?xml version="1.0" encoding="UTF-8"?>
<!-- Generated by org.testng.reporters.JUnitReportReporter -->
<testsuite hostname="000D2023258" failures="0" tests="4" name="automation.AdminTest.AllLoginTest" time="59.103" errors="0" timestamp="2024-05-04T10:30:48 CST" skipped="0">
  <testcase classname="automation.AdminTest.AllLoginTest" name="loginWithInvalidPassword" time="20.022"/>
  <testcase classname="automation.AdminTest.AllLoginTest" name="loginWithoutAccess" time="7.462"/>
  <testcase classname="automation.AdminTest.AllLoginTest" name="loginWithAccess" time="23.984"/>
  <testcase classname="automation.AdminTest.AllLoginTest" name="loginWithInvalidUserName" time="7.635"/>
</testsuite> <!-- automation.AdminTest.AllLoginTest -->
