<?xml version="1.0" encoding="UTF-8"?>
<!-- Generated by org.testng.reporters.JUnitReportReporter -->
<testsuite hostname="000D2023258" failures="0" tests="4" name="automation.AdminTest.AllLoginTest" time="52.057" errors="0" timestamp="2024-02-05T00:50:27 CST" skipped="0">
  <testcase classname="automation.AdminTest.AllLoginTest" name="loginWithInvalidUserName" time="14.844"/>
  <testcase classname="automation.AdminTest.AllLoginTest" name="loginWithoutAccess" time="5.676"/>
  <testcase classname="automation.AdminTest.AllLoginTest" name="loginWithAccess" time="23.922"/>
  <testcase classname="automation.AdminTest.AllLoginTest" name="loginWithInvalidPassword" time="7.615"/>
</testsuite> <!-- automation.AdminTest.AllLoginTest -->
