<?xml version="1.0" encoding="UTF-8"?>
<!-- Generated by org.testng.reporters.JUnitReportReporter -->
<testsuite hostname="000D2023258" failures="0" tests="7" name="automation.AdminTest.FilterAndSearchTest" time="86.096" errors="0" timestamp="2024-04-30T11:08:24 CST" skipped="0">
  <testcase classname="automation.AdminTest.FilterAndSearchTest" name="parkingNameSearch" time="15.475"/>
  <testcase classname="automation.AdminTest.FilterAndSearchTest" name="userFirstNameSearch" time="9.189"/>
  <testcase classname="automation.AdminTest.FilterAndSearchTest" name="userLastNameSearch" time="8.911"/>
  <testcase classname="automation.AdminTest.FilterAndSearchTest" name="filterByAdminRole" time="12.716"/>
  <testcase classname="automation.AdminTest.FilterAndSearchTest" name="parkingAreaCodeSearch" time="17.114"/>
  <testcase classname="automation.AdminTest.FilterAndSearchTest" name="filterByEncoderRole" time="13.001"/>
  <testcase classname="automation.AdminTest.FilterAndSearchTest" name="userEmailSearch" time="9.690"/>
</testsuite> <!-- automation.AdminTest.FilterAndSearchTest -->
