<?xml version="1.0" encoding="UTF-8"?>
<!-- Generated by org.testng.reporters.JUnitReportReporter -->
<testsuite hostname="000D2023258" failures="0" tests="7" name="automation.AdminTest.FilterAndSearchTest" time="254.588" errors="0" timestamp="2024-05-04T10:30:48 CST" skipped="0">
  <testcase classname="automation.AdminTest.FilterAndSearchTest" name="parkingNameSearch" time="30.924"/>
  <testcase classname="automation.AdminTest.FilterAndSearchTest" name="userLastNameSearch" time="32.389"/>
  <testcase classname="automation.AdminTest.FilterAndSearchTest" name="filterByEncoderRole" time="39.203"/>
  <testcase classname="automation.AdminTest.FilterAndSearchTest" name="userFirstNameSearch" time="36.707"/>
  <testcase classname="automation.AdminTest.FilterAndSearchTest" name="parkingAreaCodeSearch" time="37.958"/>
  <testcase classname="automation.AdminTest.FilterAndSearchTest" name="filterByAdminRole" time="23.328"/>
  <testcase classname="automation.AdminTest.FilterAndSearchTest" name="userEmailSearch" time="54.079"/>
</testsuite> <!-- automation.AdminTest.FilterAndSearchTest -->
