<?xml version="1.0" encoding="UTF-8"?>
<!-- Generated by org.testng.reporters.JUnitReportReporter -->
<testsuite hostname="000D2023258" failures="0" tests="7" name="automation.AdminTest.FilterAndSearchTest" time="151.489" errors="0" timestamp="2024-01-31T11:47:10 CST" skipped="0">
  <testcase classname="automation.AdminTest.FilterAndSearchTest" name="filterByEncoderRole" time="19.250"/>
  <testcase classname="automation.AdminTest.FilterAndSearchTest" name="userLastNameSearch" time="28.264"/>
  <testcase classname="automation.AdminTest.FilterAndSearchTest" name="filterByAdminRole" time="18.683"/>
  <testcase classname="automation.AdminTest.FilterAndSearchTest" name="userNameSearch" time="18.634"/>
  <testcase classname="automation.AdminTest.FilterAndSearchTest" name="parkingAreaCodeSearch" time="26.250"/>
  <testcase classname="automation.AdminTest.FilterAndSearchTest" name="userEmailSearch" time="20.095"/>
  <testcase classname="automation.AdminTest.FilterAndSearchTest" name="parkingNameSearch" time="20.313"/>
</testsuite> <!-- automation.AdminTest.FilterAndSearchTest -->
