<?xml version="1.0" encoding="UTF-8"?>
<!-- Generated by org.testng.reporters.JUnitReportReporter -->
<testsuite hostname="000D2023258" failures="0" tests="14" name="automation.AdminTest.AreaCreationTest" time="462.292" errors="0" timestamp="2024-01-31T23:28:06 CST" skipped="0">
  <testcase classname="automation.AdminTest.AreaCreationTest" name="setCMotorcycleCapacityPlusButtonToDisable" time="25.290"/>
  <testcase classname="automation.AdminTest.AreaCreationTest" name="areaNameDupValidation" time="35.043"/>
  <testcase classname="automation.AdminTest.AreaCreationTest" name="carCapacityInpuValidation" time="24.727"/>
  <testcase classname="automation.AdminTest.AreaCreationTest" name="areaCreation" time="38.995"/>
  <testcase classname="automation.AdminTest.AreaCreationTest" name="areaPagePagenation" time="72.770"/>
  <testcase classname="automation.AdminTest.AreaCreationTest" name="setMotorcycleCapacityPlusButtonToDisable" time="39.581"/>
  <testcase classname="automation.AdminTest.AreaCreationTest" name="editParkingArea" time="37.057"/>
  <testcase classname="automation.AdminTest.AreaCreationTest" name="setCarCapacityMinusButtonToDisable" time="24.612"/>
  <testcase classname="automation.AdminTest.AreaCreationTest" name="fixedRateMaxLimit" time="31.073"/>
  <testcase classname="automation.AdminTest.AreaCreationTest" name="exitCreationAlert" time="24.600"/>
  <testcase classname="automation.AdminTest.AreaCreationTest" name="areaPageSelectRow" time="30.599"/>
  <testcase classname="automation.AdminTest.AreaCreationTest" name="setCarCapacityPlusButtonToDisable" time="24.254"/>
  <testcase classname="automation.AdminTest.AreaCreationTest" name="areaCodeDupValidation" time="29.550"/>
  <testcase classname="automation.AdminTest.AreaCreationTest" name="motorcycleCapacityInpuValidation" time="24.141"/>
</testsuite> <!-- automation.AdminTest.AreaCreationTest -->
