<?xml version="1.0" encoding="UTF-8"?>
<!-- Generated by org.testng.reporters.JUnitReportReporter -->
<testsuite hostname="000D2023258" failures="0" tests="4" name="automation.AdminTest.AllLoginTest" time="53.295" errors="0" timestamp="2024-02-12T22:07:11 CST" skipped="0">
  <testcase classname="automation.AdminTest.AllLoginTest" name="loginWithInvalidPassword" time="13.494"/>
  <testcase classname="automation.AdminTest.AllLoginTest" name="loginWithoutAccess" time="11.366"/>
  <testcase classname="automation.AdminTest.AllLoginTest" name="loginWithAccess" time="16.922"/>
  <testcase classname="automation.AdminTest.AllLoginTest" name="loginWithInvalidUserName" time="11.513"/>
</testsuite> <!-- automation.AdminTest.AllLoginTest -->
