<?xml version="1.0" encoding="UTF-8"?>
<!-- Generated by org.testng.reporters.JUnitReportReporter -->
<testsuite hostname="000D2023258" failures="0" tests="9" name="automation.AdminTest.PermissionTest" time="291.155" errors="0" timestamp="2024-05-06T15:38:51 CST" skipped="1">
  <testcase classname="automation.AdminTest.PermissionTest" name="encoderWithAllowExitToTrue" time="14.087">
    <skipped/>
  </testcase> <!-- encoderWithAllowExitToTrue -->
  <testcase classname="automation.AdminTest.PermissionTest" name="encoderWithAllowExitToTrue" time="69.753"/>
  <testcase classname="automation.AdminTest.PermissionTest" name="encoderWithCaptureVehicleSetToTrue" time="44.809"/>
  <testcase classname="automation.AdminTest.PermissionTest" name="encoderWithNoRole" time="37.741"/>
  <testcase classname="automation.AdminTest.PermissionTest" name="encoderWithPaymentAcceptanceSetToTrue" time="30.072"/>
  <testcase classname="automation.AdminTest.PermissionTest" name="encoderWithRestrictedStatusMobileAppLogin" time="23.184"/>
  <testcase classname="automation.AdminTest.PermissionTest" name="encoderWithActiveStatus" time="24.574"/>
  <testcase classname="automation.AdminTest.PermissionTest" name="encoderWithRestrictedStatusDesktopLogin" time="27.926"/>
  <testcase classname="automation.AdminTest.PermissionTest" name="adminWithRestrictedStatus" time="19.009"/>
</testsuite> <!-- automation.AdminTest.PermissionTest -->
