<?xml version="1.0" encoding="UTF-8"?>
<!-- Generated by org.testng.reporters.JUnitReportReporter -->
<testsuite hostname="000D2023258" failures="0" tests="13" name="automation.AdminTest.ConfigurationModuleTest" time="259.058" errors="0" timestamp="2024-05-08T16:28:33 CST" skipped="0">
  <testcase classname="automation.AdminTest.ConfigurationModuleTest" name="parkerTypeEnrollment" time="40.228"/>
  <testcase classname="automation.AdminTest.ConfigurationModuleTest" name="editParkerType" time="11.550"/>
  <testcase classname="automation.AdminTest.ConfigurationModuleTest" name="deleteParkerType" time="11.912"/>
  <testcase classname="automation.AdminTest.ConfigurationModuleTest" name="deleteParkerTypeWithPricingPackage" time="12.456"/>
  <testcase classname="automation.AdminTest.ConfigurationModuleTest" name="assignParkerToParkingArea" time="32.710"/>
  <testcase classname="automation.AdminTest.ConfigurationModuleTest" name="assignParkerToParkingAreaWithMisMatchParkingArea" time="14.526"/>
  <testcase classname="automation.AdminTest.ConfigurationModuleTest" name="duplicateParkerTypeName" time="22.409"/>
  <testcase classname="automation.AdminTest.ConfigurationModuleTest" name="duplicateParketTypeCode" time="23.162"/>
  <testcase classname="automation.AdminTest.ConfigurationModuleTest" name="createPricingPackage" time="18.516"/>
  <testcase classname="automation.AdminTest.ConfigurationModuleTest" name="updatePricingPackageWithoutChange" time="18.157"/>
  <testcase classname="automation.AdminTest.ConfigurationModuleTest" name="updatePricingFeePackage" time="18.359"/>
  <testcase classname="automation.AdminTest.ConfigurationModuleTest" name="assignPricingFeeToParkingArea" time="13.991"/>
  <testcase classname="automation.AdminTest.ConfigurationModuleTest" name="deletePricingPackage" time="21.082"/>
</testsuite> <!-- automation.AdminTest.ConfigurationModuleTest -->
