<?xml version="1.0" encoding="UTF-8"?>
<!-- Generated by org.testng.reporters.JUnitReportReporter -->
<testsuite hostname="000D2023258" failures="0" tests="14" name="automation.AdminTest.AreaModuleTest" time="478.424" errors="0" timestamp="2024-02-01T23:02:43 CST" skipped="0">
  <testcase classname="automation.AdminTest.AreaModuleTest" name="areaCreation" time="40.125"/>
  <testcase classname="automation.AdminTest.AreaModuleTest" name="editParkingArea" time="46.792"/>
  <testcase classname="automation.AdminTest.AreaModuleTest" name="setMotorcycleCapacityPlusButtonToDisable" time="26.300"/>
  <testcase classname="automation.AdminTest.AreaModuleTest" name="exitCreationAlert" time="26.135"/>
  <testcase classname="automation.AdminTest.AreaModuleTest" name="areaPageSelectRow" time="36.926"/>
  <testcase classname="automation.AdminTest.AreaModuleTest" name="carCapacityInpuValidation" time="24.991"/>
  <testcase classname="automation.AdminTest.AreaModuleTest" name="areaPagePagenation" time="67.421"/>
  <testcase classname="automation.AdminTest.AreaModuleTest" name="setCMotorcycleCapacityPlusButtonToDisable" time="27.062"/>
  <testcase classname="automation.AdminTest.AreaModuleTest" name="areaCodeDupValidation" time="33.377"/>
  <testcase classname="automation.AdminTest.AreaModuleTest" name="fixedRateMaxLimit" time="33.391"/>
  <testcase classname="automation.AdminTest.AreaModuleTest" name="areaNameDupValidation" time="32.180"/>
  <testcase classname="automation.AdminTest.AreaModuleTest" name="setCarCapacityMinusButtonToDisable" time="26.199"/>
  <testcase classname="automation.AdminTest.AreaModuleTest" name="motorcycleCapacityInpuValidation" time="26.093"/>
  <testcase classname="automation.AdminTest.AreaModuleTest" name="setCarCapacityPlusButtonToDisable" time="31.432"/>
</testsuite> <!-- automation.AdminTest.AreaModuleTest -->
