<?xml version="1.0" encoding="UTF-8"?>
<!-- Generated by org.testng.reporters.JUnitReportReporter -->
<testsuite hostname="000D2023258" failures="0" tests="7" name="automation.AdminTest.FilterAndSearchTest" time="120.597" errors="0" timestamp="2024-02-05T15:27:27 CST" skipped="0">
  <testcase classname="automation.AdminTest.FilterAndSearchTest" name="filterByAdminRole" time="23.929"/>
  <testcase classname="automation.AdminTest.FilterAndSearchTest" name="parkingNameSearch" time="20.124"/>
  <testcase classname="automation.AdminTest.FilterAndSearchTest" name="userEmailSearch" time="17.350"/>
  <testcase classname="automation.AdminTest.FilterAndSearchTest" name="parkingAreaCodeSearch" time="18.981"/>
  <testcase classname="automation.AdminTest.FilterAndSearchTest" name="userLastNameSearch" time="12.731"/>
  <testcase classname="automation.AdminTest.FilterAndSearchTest" name="filterByEncoderRole" time="15.166"/>
  <testcase classname="automation.AdminTest.FilterAndSearchTest" name="userFirstNameSearch" time="12.316"/>
</testsuite> <!-- automation.AdminTest.FilterAndSearchTest -->
