<?xml version="1.0" encoding="UTF-8"?>
<!-- Generated by org.testng.reporters.JUnitReportReporter -->
<testsuite hostname="000D2023258" failures="0" tests="6" name="automation.AdminTest.PermissionTest" time="227.245" errors="0" timestamp="2024-02-05T21:27:05 CST" skipped="0">
  <testcase classname="automation.AdminTest.PermissionTest" name="userWithActiveStatus" time="32.868"/>
  <testcase classname="automation.AdminTest.PermissionTest" name="userWithRestrictedStatus" time="24.248"/>
  <testcase classname="automation.AdminTest.PermissionTest" name="userWithPaymentAcceptanceSetToFalse" time="41.223"/>
  <testcase classname="automation.AdminTest.PermissionTest" name="setAllowExitToTrue" time="29.832"/>
  <testcase classname="automation.AdminTest.PermissionTest" name="userWithPaymentAcceptanceSetToTrue" time="33.307"/>
  <testcase classname="automation.AdminTest.PermissionTest" name="setAllowExitToFalse" time="65.767"/>
</testsuite> <!-- automation.AdminTest.PermissionTest -->
