<?xml version="1.0" encoding="UTF-8"?>
<!-- Generated by org.testng.reporters.JUnitReportReporter -->
<testsuite hostname="000D2023258" failures="0" tests="9" name="automation.AdminTest.PermissionTest" time="304.940" errors="0" timestamp="2024-05-08T16:28:33 CST" skipped="1">
  <testcase classname="automation.AdminTest.PermissionTest" name="encoderWithAllowExitToTrue" time="57.983">
    <skipped/>
  </testcase> <!-- encoderWithAllowExitToTrue -->
  <testcase classname="automation.AdminTest.PermissionTest" name="encoderWithCaptureVehicleSetToTrue" time="51.048"/>
  <testcase classname="automation.AdminTest.PermissionTest" name="encoderWithAllowExitToTrue" time="32.149"/>
  <testcase classname="automation.AdminTest.PermissionTest" name="encoderWithActiveStatus" time="35.936"/>
  <testcase classname="automation.AdminTest.PermissionTest" name="encoderWithRestrictedStatusDesktopLogin" time="27.518"/>
  <testcase classname="automation.AdminTest.PermissionTest" name="encoderWithRestrictedStatusMobileAppLogin" time="24.493"/>
  <testcase classname="automation.AdminTest.PermissionTest" name="encoderWithNoRole" time="29.157"/>
  <testcase classname="automation.AdminTest.PermissionTest" name="encoderWithPaymentAcceptanceSetToTrue" time="30.229"/>
  <testcase classname="automation.AdminTest.PermissionTest" name="adminWithRestrictedStatus" time="16.427"/>
</testsuite> <!-- automation.AdminTest.PermissionTest -->
