<?xml version="1.0" encoding="UTF-8"?>
<!-- Generated by org.testng.reporters.JUnitReportReporter -->
<testsuite hostname="000D2023258" failures="0" tests="13" name="automation.AdminTest.ConfigurationModuleTest" time="238.234" errors="0" timestamp="2024-05-06T15:57:31 CST" skipped="0">
  <testcase classname="automation.AdminTest.ConfigurationModuleTest" name="parkerTypeEnrollment" time="44.049"/>
  <testcase classname="automation.AdminTest.ConfigurationModuleTest" name="editParkerType" time="24.166"/>
  <testcase classname="automation.AdminTest.ConfigurationModuleTest" name="deleteParkerType" time="12.165"/>
  <testcase classname="automation.AdminTest.ConfigurationModuleTest" name="deleteParkerTypeWithPricingPackage" time="11.671"/>
  <testcase classname="automation.AdminTest.ConfigurationModuleTest" name="assignParkerToParkingArea" time="18.970"/>
  <testcase classname="automation.AdminTest.ConfigurationModuleTest" name="assignParkerToParkingAreaWithMisMatchParkingArea" time="14.467"/>
  <testcase classname="automation.AdminTest.ConfigurationModuleTest" name="duplicateParkerTypeName" time="14.587"/>
  <testcase classname="automation.AdminTest.ConfigurationModuleTest" name="duplicateParketTypeCode" time="14.561"/>
  <testcase classname="automation.AdminTest.ConfigurationModuleTest" name="createPricingPackage" time="17.904"/>
  <testcase classname="automation.AdminTest.ConfigurationModuleTest" name="updatePricingPackageWithoutChange" time="18.243"/>
  <testcase classname="automation.AdminTest.ConfigurationModuleTest" name="updatePricingFeePackage" time="18.262"/>
  <testcase classname="automation.AdminTest.ConfigurationModuleTest" name="assignPricingFeeToParkingArea" time="14.499"/>
  <testcase classname="automation.AdminTest.ConfigurationModuleTest" name="deletePricingPackage" time="14.690"/>
</testsuite> <!-- automation.AdminTest.ConfigurationModuleTest -->
