<?xml version="1.0" encoding="UTF-8"?>
<!-- Generated by org.testng.reporters.JUnitReportReporter -->
<testsuite hostname="000D2023258" failures="0" tests="9" name="automation.AdminTest.UserModuleTest" time="241.371" errors="0" timestamp="2024-02-04T10:35:30 CST" skipped="0">
  <testcase classname="automation.AdminTest.UserModuleTest" name="userEmailDupValidation" time="21.532"/>
  <testcase classname="automation.AdminTest.UserModuleTest" name="userPagePagenation" time="32.381"/>
  <testcase classname="automation.AdminTest.UserModuleTest" name="userPageSelectRow" time="32.788"/>
  <testcase classname="automation.AdminTest.UserModuleTest" name="getCopyUserPassword" time="20.132"/>
  <testcase classname="automation.AdminTest.UserModuleTest" name="exitEnrollmentAlert" time="17.924"/>
  <testcase classname="automation.AdminTest.UserModuleTest" name="getCopyUserName" time="20.056"/>
  <testcase classname="automation.AdminTest.UserModuleTest" name="adminEnrollment" time="33.533"/>
  <testcase classname="automation.AdminTest.UserModuleTest" name="encoderEnrollment" time="38.296"/>
  <testcase classname="automation.AdminTest.UserModuleTest" name="editUserAccount" time="24.729"/>
</testsuite> <!-- automation.AdminTest.UserModuleTest -->
