<?xml version="1.0" encoding="UTF-8"?>
<!-- Generated by org.testng.reporters.JUnitReportReporter -->
<testsuite hostname="000D2023258" failures="0" tests="6" name="automation.AdminTest.PermissionTest" time="244.211" errors="0" timestamp="2024-02-02T21:05:48 CST" skipped="0">
  <testcase classname="automation.AdminTest.PermissionTest" name="setAllowExitToTrue" time="31.793"/>
  <testcase classname="automation.AdminTest.PermissionTest" name="setAllowExitToFalse" time="81.523"/>
  <testcase classname="automation.AdminTest.PermissionTest" name="userWithPaymentAcceptanceSetToTrue" time="37.689"/>
  <testcase classname="automation.AdminTest.PermissionTest" name="userWithRestrictedStatus" time="29.265"/>
  <testcase classname="automation.AdminTest.PermissionTest" name="userWithActiveStatus" time="32.585"/>
  <testcase classname="automation.AdminTest.PermissionTest" name="userWithPaymentAcceptanceSetToFalse" time="31.356"/>
</testsuite> <!-- automation.AdminTest.PermissionTest -->
