<?xml version="1.0" encoding="UTF-8"?>
<!-- Generated by org.testng.reporters.JUnitReportReporter -->
<testsuite hostname="000D2023258" failures="0" tests="4" name="automation.AdminTest.AllLoginTest" time="82.165" errors="0" timestamp="2024-02-01T23:02:43 CST" skipped="0">
  <testcase classname="automation.AdminTest.AllLoginTest" name="loginWithInvalidUserName" time="22.818"/>
  <testcase classname="automation.AdminTest.AllLoginTest" name="loginWithInvalidPassword" time="14.530"/>
  <testcase classname="automation.AdminTest.AllLoginTest" name="loginWithoutAccess" time="12.553"/>
  <testcase classname="automation.AdminTest.AllLoginTest" name="loginWithAccess" time="32.264"/>
</testsuite> <!-- automation.AdminTest.AllLoginTest -->
