<?xml version="1.0" encoding="UTF-8"?>
<!-- Generated by org.testng.reporters.JUnitReportReporter -->
<testsuite hostname="000D2023258" failures="0" tests="14" name="automation.AdminTest.AreaModuleTest" time="446.185" errors="0" timestamp="2024-02-02T21:05:47 CST" skipped="0">
  <testcase classname="automation.AdminTest.AreaModuleTest" name="areaCreation" time="40.805"/>
  <testcase classname="automation.AdminTest.AreaModuleTest" name="areaNameDupValidation" time="38.550"/>
  <testcase classname="automation.AdminTest.AreaModuleTest" name="editParkingArea" time="33.265"/>
  <testcase classname="automation.AdminTest.AreaModuleTest" name="setMotorcycleCapacityPlusButtonToDisable" time="27.126"/>
  <testcase classname="automation.AdminTest.AreaModuleTest" name="setCarCapacityMinusButtonToDisable" time="26.578"/>
  <testcase classname="automation.AdminTest.AreaModuleTest" name="areaCodeDupValidation" time="39.026"/>
  <testcase classname="automation.AdminTest.AreaModuleTest" name="carCapacityInpuValidation" time="25.088"/>
  <testcase classname="automation.AdminTest.AreaModuleTest" name="motorcycleCapacityInpuValidation" time="33.798"/>
  <testcase classname="automation.AdminTest.AreaModuleTest" name="setCMotorcycleCapacityPlusButtonToDisable" time="26.416"/>
  <testcase classname="automation.AdminTest.AreaModuleTest" name="setCarCapacityPlusButtonToDisable" time="27.133"/>
  <testcase classname="automation.AdminTest.AreaModuleTest" name="areaPageSelectRow" time="35.250"/>
  <testcase classname="automation.AdminTest.AreaModuleTest" name="areaPagePagenation" time="32.944"/>
  <testcase classname="automation.AdminTest.AreaModuleTest" name="exitCreationAlert" time="27.419"/>
  <testcase classname="automation.AdminTest.AreaModuleTest" name="fixedRateMaxLimit" time="32.787"/>
</testsuite> <!-- automation.AdminTest.AreaModuleTest -->
