<?xml version="1.0" encoding="UTF-8"?>
<!-- Generated by org.testng.reporters.JUnitReportReporter -->
<testsuite hostname="000D2023258" failures="0" tests="7" name="automation.AdminTest.FilterAndSearchTest" time="145.818" errors="0" timestamp="2024-02-12T22:07:11 CST" skipped="0">
  <testcase classname="automation.AdminTest.FilterAndSearchTest" name="filterByEncoderRole" time="22.370"/>
  <testcase classname="automation.AdminTest.FilterAndSearchTest" name="parkingNameSearch" time="23.196"/>
  <testcase classname="automation.AdminTest.FilterAndSearchTest" name="parkingAreaCodeSearch" time="25.998"/>
  <testcase classname="automation.AdminTest.FilterAndSearchTest" name="userEmailSearch" time="17.165"/>
  <testcase classname="automation.AdminTest.FilterAndSearchTest" name="filterByAdminRole" time="21.869"/>
  <testcase classname="automation.AdminTest.FilterAndSearchTest" name="userFirstNameSearch" time="17.325"/>
  <testcase classname="automation.AdminTest.FilterAndSearchTest" name="userLastNameSearch" time="17.895"/>
</testsuite> <!-- automation.AdminTest.FilterAndSearchTest -->
