<?xml version="1.0" encoding="UTF-8"?>
<!-- Generated by org.testng.reporters.JUnitReportReporter -->
<testsuite hostname="000D2023258" failures="0" tests="7" name="automation.AdminTest.FilterAndSearchTest" time="158.191" errors="0" timestamp="2024-02-04T00:56:13 CST" skipped="0">
  <testcase classname="automation.AdminTest.FilterAndSearchTest" name="userLastNameSearch" time="29.065"/>
  <testcase classname="automation.AdminTest.FilterAndSearchTest" name="userEmailSearch" time="18.926"/>
  <testcase classname="automation.AdminTest.FilterAndSearchTest" name="parkingNameSearch" time="28.414"/>
  <testcase classname="automation.AdminTest.FilterAndSearchTest" name="filterByAdminRole" time="19.948"/>
  <testcase classname="automation.AdminTest.FilterAndSearchTest" name="parkingAreaCodeSearch" time="23.247"/>
  <testcase classname="automation.AdminTest.FilterAndSearchTest" name="userFirstNameSearch" time="20.021"/>
  <testcase classname="automation.AdminTest.FilterAndSearchTest" name="filterByEncoderRole" time="18.570"/>
</testsuite> <!-- automation.AdminTest.FilterAndSearchTest -->
