<?xml version="1.0" encoding="UTF-8"?>
<!-- Generated by org.testng.reporters.JUnitReportReporter -->
<testsuite hostname="000D2023258" failures="0" tests="7" name="automation.AdminTest.FilterAndSearchTest" time="121.395" errors="0" timestamp="2024-05-06T15:38:51 CST" skipped="0">
  <testcase classname="automation.AdminTest.FilterAndSearchTest" name="userLastNameSearch" time="13.221"/>
  <testcase classname="automation.AdminTest.FilterAndSearchTest" name="filterByEncoderRole" time="16.063"/>
  <testcase classname="automation.AdminTest.FilterAndSearchTest" name="parkingNameSearch" time="27.806"/>
  <testcase classname="automation.AdminTest.FilterAndSearchTest" name="userFirstNameSearch" time="11.967"/>
  <testcase classname="automation.AdminTest.FilterAndSearchTest" name="filterByAdminRole" time="16.850"/>
  <testcase classname="automation.AdminTest.FilterAndSearchTest" name="parkingAreaCodeSearch" time="23.326"/>
  <testcase classname="automation.AdminTest.FilterAndSearchTest" name="userEmailSearch" time="12.162"/>
</testsuite> <!-- automation.AdminTest.FilterAndSearchTest -->
