<?xml version="1.0" encoding="UTF-8"?>
<!-- Generated by org.testng.reporters.JUnitReportReporter -->
<testsuite hostname="000D2023258" failures="0" tests="14" name="automation.AdminTest.AreaModuleTest" time="365.611" errors="0" timestamp="2024-02-05T00:50:27 CST" skipped="0">
  <testcase classname="automation.AdminTest.AreaModuleTest" name="setCarCapacityPlusButtonToDisable" time="20.754"/>
  <testcase classname="automation.AdminTest.AreaModuleTest" name="areaNameDupValidation" time="28.280"/>
  <testcase classname="automation.AdminTest.AreaModuleTest" name="motorcycleCapacityInputValidation" time="19.693"/>
  <testcase classname="automation.AdminTest.AreaModuleTest" name="setMotorcycleCapacityPlusButtonToDisable" time="20.318"/>
  <testcase classname="automation.AdminTest.AreaModuleTest" name="areaPagePagenation" time="26.660"/>
  <testcase classname="automation.AdminTest.AreaModuleTest" name="setCarCapacityMinusButtonToDisable" time="31.028"/>
  <testcase classname="automation.AdminTest.AreaModuleTest" name="areaCodeDupValidation" time="25.987"/>
  <testcase classname="automation.AdminTest.AreaModuleTest" name="areaCreation" time="44.761"/>
  <testcase classname="automation.AdminTest.AreaModuleTest" name="areaPageSelectRow" time="29.181"/>
  <testcase classname="automation.AdminTest.AreaModuleTest" name="carCapacityInputValidation" time="20.337"/>
  <testcase classname="automation.AdminTest.AreaModuleTest" name="validateUpdateParkingArea" time="24.452"/>
  <testcase classname="automation.AdminTest.AreaModuleTest" name="exitCreationAlert" time="21.647"/>
  <testcase classname="automation.AdminTest.AreaModuleTest" name="fixedRateMaxLimit" time="32.219"/>
  <testcase classname="automation.AdminTest.AreaModuleTest" name="setCMotorcycleCapacityPlusButtonToDisable" time="20.294"/>
</testsuite> <!-- automation.AdminTest.AreaModuleTest -->
