<?xml version="1.0" encoding="UTF-8"?>
<!-- Generated by org.testng.reporters.JUnitReportReporter -->
<testsuite hostname="000D2023258" failures="0" tests="9" name="automation.AdminTest.UserModuleTest" time="249.185" errors="0" timestamp="2024-02-05T21:27:05 CST" skipped="0">
  <testcase classname="automation.AdminTest.UserModuleTest" name="getCopyUserName" time="20.506"/>
  <testcase classname="automation.AdminTest.UserModuleTest" name="userEmailDupValidation" time="21.386"/>
  <testcase classname="automation.AdminTest.UserModuleTest" name="userPagePagenation" time="27.269"/>
  <testcase classname="automation.AdminTest.UserModuleTest" name="exitEnrollmentAlert" time="19.193"/>
  <testcase classname="automation.AdminTest.UserModuleTest" name="getCopyUserPassword" time="19.872"/>
  <testcase classname="automation.AdminTest.UserModuleTest" name="userPageSelectRow" time="36.847"/>
  <testcase classname="automation.AdminTest.UserModuleTest" name="adminEnrollment" time="33.515"/>
  <testcase classname="automation.AdminTest.UserModuleTest" name="encoderEnrollment" time="51.689"/>
  <testcase classname="automation.AdminTest.UserModuleTest" name="editUserAccount" time="18.908"/>
</testsuite> <!-- automation.AdminTest.UserModuleTest -->
