<?xml version="1.0" encoding="UTF-8"?>
<!-- Generated by org.testng.reporters.JUnitReportReporter -->
<testsuite hostname="000D2023258" failures="0" tests="11" name="automation.AdminTest.UserModuleTest" time="320.589" errors="0" timestamp="2024-05-06T15:38:51 CST" skipped="0">
  <testcase classname="automation.AdminTest.UserModuleTest" name="exitEnrollmentAlert" time="19.581"/>
  <testcase classname="automation.AdminTest.UserModuleTest" name="getCopyUserName" time="22.322"/>
  <testcase classname="automation.AdminTest.UserModuleTest" name="userPageSelectRow" time="30.765"/>
  <testcase classname="automation.AdminTest.UserModuleTest" name="getCopyUserPassword" time="25.373"/>
  <testcase classname="automation.AdminTest.UserModuleTest" name="userEmailDupValidation" time="21.149"/>
  <testcase classname="automation.AdminTest.UserModuleTest" name="userPagePagenation" time="25.179"/>
  <testcase classname="automation.AdminTest.UserModuleTest" name="adminEnrollment" time="32.601"/>
  <testcase classname="automation.AdminTest.UserModuleTest" name="cashierEnrollment" time="37.412"/>
  <testcase classname="automation.AdminTest.UserModuleTest" name="managerEnrollment" time="46.753"/>
  <testcase classname="automation.AdminTest.UserModuleTest" name="encoderEnrollment" time="37.528"/>
  <testcase classname="automation.AdminTest.UserModuleTest" name="editUserAccount" time="21.926"/>
</testsuite> <!-- automation.AdminTest.UserModuleTest -->
