<?xml version="1.0" encoding="UTF-8"?>
<!-- Generated by org.testng.reporters.JUnitReportReporter -->
<testsuite hostname="000D2023258" failures="0" tests="4" name="automation.AdminTest.AllLoginTest" time="61.205" errors="0" timestamp="2024-01-31T11:47:10 CST" skipped="0">
  <testcase classname="automation.AdminTest.AllLoginTest" name="loginWithAccess" time="21.509"/>
  <testcase classname="automation.AdminTest.AllLoginTest" name="loginWithInvalidPassword" time="18.050"/>
  <testcase classname="automation.AdminTest.AllLoginTest" name="loginWithInvalidUserName" time="11.209"/>
  <testcase classname="automation.AdminTest.AllLoginTest" name="loginWithoutAccess" time="10.437"/>
</testsuite> <!-- automation.AdminTest.AllLoginTest -->
