<?xml version="1.0" encoding="UTF-8"?>
<!-- Generated by org.testng.reporters.JUnitReportReporter -->
<testsuite hostname="000D2023258" failures="0" tests="4" name="automation.AdminTest.AllLoginTest" time="26.821" errors="0" timestamp="2024-04-30T11:08:24 CST" skipped="0">
  <testcase classname="automation.AdminTest.AllLoginTest" name="loginWithoutAccess" time="8.180"/>
  <testcase classname="automation.AdminTest.AllLoginTest" name="loginWithAccess" time="7.213"/>
  <testcase classname="automation.AdminTest.AllLoginTest" name="loginWithInvalidPassword" time="6.741"/>
  <testcase classname="automation.AdminTest.AllLoginTest" name="loginWithInvalidUserName" time="4.687"/>
</testsuite> <!-- automation.AdminTest.AllLoginTest -->
